<?xml version="1.0" encoding="UTF-8"?>
<testsuite name="org.jabref.logic.formatter.bibtexfields.ClearFormatterTest" tests="3" skipped="0" failures="0" errors="0" timestamp="2019-02-15T14:24:47" hostname="n184-p67.eduroam.kth.se" time="0.001">
  <properties/>
  <testcase name="formatExample()" classname="org.jabref.logic.formatter.bibtexfields.ClearFormatterTest" time="0.001"/>
  <testcase name="formatReturnsEmptyForSomeString()" classname="org.jabref.logic.formatter.bibtexfields.ClearFormatterTest" time="0.0"/>
  <testcase name="formatReturnsEmptyForEmptyString()" classname="org.jabref.logic.formatter.bibtexfields.ClearFormatterTest" time="0.0"/>
  <system-out><![CDATA[]]></system-out>
  <system-err><![CDATA[]]></system-err>
</testsuite>
