<?xml version="1.0" encoding="UTF-8"?>
<testsuite name="org.jabref.logic.l10n.LocalizationConsistencyTest" tests="45" skipped="0" failures="0" errors="0" timestamp="2019-02-15T14:23:41" hostname="n184-p67.eduroam.kth.se" time="4.469">
  <properties/>
  <testcase name="languageKeysShouldNotBeQuotedInFiles()" classname="org.jabref.logic.l10n.LocalizationConsistencyTest" time="0.699"/>
  <testcase name="allFilesMustBeInLanguages()" classname="org.jabref.logic.l10n.LocalizationConsistencyTest" time="0.001"/>
  <testcase name="languageCanBeLoaded(Language)[1]" classname="org.jabref.logic.l10n.LocalizationConsistencyTest" time="0.042"/>
  <testcase name="languageCanBeLoaded(Language)[2]" classname="org.jabref.logic.l10n.LocalizationConsistencyTest" time="0.0"/>
  <testcase name="languageCanBeLoaded(Language)[3]" classname="org.jabref.logic.l10n.LocalizationConsistencyTest" time="0.004"/>
  <testcase name="languageCanBeLoaded(Language)[4]" classname="org.jabref.logic.l10n.LocalizationConsistencyTest" time="0.001"/>
  <testcase name="languageCanBeLoaded(Language)[5]" classname="org.jabref.logic.l10n.LocalizationConsistencyTest" time="0.0"/>
  <testcase name="languageCanBeLoaded(Language)[6]" classname="org.jabref.logic.l10n.LocalizationConsistencyTest" time="0.006"/>
  <testcase name="languageCanBeLoaded(Language)[7]" classname="org.jabref.logic.l10n.LocalizationConsistencyTest" time="0.01"/>
  <testcase name="languageCanBeLoaded(Language)[8]" classname="org.jabref.logic.l10n.LocalizationConsistencyTest" time="0.007"/>
  <testcase name="languageCanBeLoaded(Language)[9]" classname="org.jabref.logic.l10n.LocalizationConsistencyTest" time="0.015"/>
  <testcase name="languageCanBeLoaded(Language)[10]" classname="org.jabref.logic.l10n.LocalizationConsistencyTest" time="0.006"/>
  <testcase name="languageCanBeLoaded(Language)[11]" classname="org.jabref.logic.l10n.LocalizationConsistencyTest" time="0.004"/>
  <testcase name="languageCanBeLoaded(Language)[12]" classname="org.jabref.logic.l10n.LocalizationConsistencyTest" time="0.002"/>
  <testcase name="languageCanBeLoaded(Language)[13]" classname="org.jabref.logic.l10n.LocalizationConsistencyTest" time="0.008"/>
  <testcase name="languageCanBeLoaded(Language)[14]" classname="org.jabref.logic.l10n.LocalizationConsistencyTest" time="0.007"/>
  <testcase name="languageCanBeLoaded(Language)[15]" classname="org.jabref.logic.l10n.LocalizationConsistencyTest" time="0.005"/>
  <testcase name="languageCanBeLoaded(Language)[16]" classname="org.jabref.logic.l10n.LocalizationConsistencyTest" time="0.006"/>
  <testcase name="languageCanBeLoaded(Language)[17]" classname="org.jabref.logic.l10n.LocalizationConsistencyTest" time="0.005"/>
  <testcase name="languageCanBeLoaded(Language)[18]" classname="org.jabref.logic.l10n.LocalizationConsistencyTest" time="0.008"/>
  <testcase name="languageCanBeLoaded(Language)[19]" classname="org.jabref.logic.l10n.LocalizationConsistencyTest" time="0.004"/>
  <testcase name="findObsoleteLocalizationKeys()" classname="org.jabref.logic.l10n.LocalizationConsistencyTest" time="2.454"/>
  <testcase name="resourceBundleExists(Language)[1]" classname="org.jabref.logic.l10n.LocalizationConsistencyTest" time="0.001"/>
  <testcase name="resourceBundleExists(Language)[2]" classname="org.jabref.logic.l10n.LocalizationConsistencyTest" time="0.001"/>
  <testcase name="resourceBundleExists(Language)[3]" classname="org.jabref.logic.l10n.LocalizationConsistencyTest" time="0.0"/>
  <testcase name="resourceBundleExists(Language)[4]" classname="org.jabref.logic.l10n.LocalizationConsistencyTest" time="0.0"/>
  <testcase name="resourceBundleExists(Language)[5]" classname="org.jabref.logic.l10n.LocalizationConsistencyTest" time="0.001"/>
  <testcase name="resourceBundleExists(Language)[6]" classname="org.jabref.logic.l10n.LocalizationConsistencyTest" time="0.0"/>
  <testcase name="resourceBundleExists(Language)[7]" classname="org.jabref.logic.l10n.LocalizationConsistencyTest" time="0.001"/>
  <testcase name="resourceBundleExists(Language)[8]" classname="org.jabref.logic.l10n.LocalizationConsistencyTest" time="0.0"/>
  <testcase name="resourceBundleExists(Language)[9]" classname="org.jabref.logic.l10n.LocalizationConsistencyTest" time="0.001"/>
  <testcase name="resourceBundleExists(Language)[10]" classname="org.jabref.logic.l10n.LocalizationConsistencyTest" time="0.0"/>
  <testcase name="resourceBundleExists(Language)[11]" classname="org.jabref.logic.l10n.LocalizationConsistencyTest" time="0.001"/>
  <testcase name="resourceBundleExists(Language)[12]" classname="org.jabref.logic.l10n.LocalizationConsistencyTest" time="0.001"/>
  <testcase name="resourceBundleExists(Language)[13]" classname="org.jabref.logic.l10n.LocalizationConsistencyTest" time="0.001"/>
  <testcase name="resourceBundleExists(Language)[14]" classname="org.jabref.logic.l10n.LocalizationConsistencyTest" time="0.001"/>
  <testcase name="resourceBundleExists(Language)[15]" classname="org.jabref.logic.l10n.LocalizationConsistencyTest" time="0.001"/>
  <testcase name="resourceBundleExists(Language)[16]" classname="org.jabref.logic.l10n.LocalizationConsistencyTest" time="0.001"/>
  <testcase name="resourceBundleExists(Language)[17]" classname="org.jabref.logic.l10n.LocalizationConsistencyTest" time="0.001"/>
  <testcase name="resourceBundleExists(Language)[18]" classname="org.jabref.logic.l10n.LocalizationConsistencyTest" time="0.001"/>
  <testcase name="resourceBundleExists(Language)[19]" classname="org.jabref.logic.l10n.LocalizationConsistencyTest" time="0.001"/>
  <testcase name="keyValueShouldBeEqualForEnglishPropertiesMessages()" classname="org.jabref.logic.l10n.LocalizationConsistencyTest" time="0.017"/>
  <testcase name="ensureNoDuplicates()" classname="org.jabref.logic.l10n.LocalizationConsistencyTest" time="0.074"/>
  <testcase name="localizationParameterMustIncludeAString()" classname="org.jabref.logic.l10n.LocalizationConsistencyTest" time="0.277"/>
  <testcase name="findMissingLocalizationKeys()" classname="org.jabref.logic.l10n.LocalizationConsistencyTest" time="0.707"/>
  <system-out><![CDATA[]]></system-out>
  <system-err><![CDATA[]]></system-err>
</testsuite>
