<?xml version="1.0" encoding="UTF-8"?>
<testsuite name="org.jabref.logic.importer.DatabaseFileLookupTest" tests="1" skipped="0" failures="0" errors="0" timestamp="2019-02-15T14:24:24" hostname="n184-p67.eduroam.kth.se" time="0.006">
  <properties/>
  <testcase name="testTestDatabase()" classname="org.jabref.logic.importer.DatabaseFileLookupTest" time="0.006"/>
  <system-out><![CDATA[]]></system-out>
  <system-err><![CDATA[]]></system-err>
</testsuite>
