<?xml version="1.0" encoding="UTF-8"?>
<testsuite name="org.jabref.logic.importer.fileformat.RISImporterTestFiles" tests="24" skipped="0" failures="0" errors="0" timestamp="2019-02-15T14:24:08" hostname="n184-p67.eduroam.kth.se" time="0.117">
  <properties/>
  <testcase name="testImportEntries(String)[1]" classname="org.jabref.logic.importer.fileformat.RISImporterTestFiles" time="0.01"/>
  <testcase name="testImportEntries(String)[2]" classname="org.jabref.logic.importer.fileformat.RISImporterTestFiles" time="0.006"/>
  <testcase name="testImportEntries(String)[3]" classname="org.jabref.logic.importer.fileformat.RISImporterTestFiles" time="0.006"/>
  <testcase name="testImportEntries(String)[4]" classname="org.jabref.logic.importer.fileformat.RISImporterTestFiles" time="0.009"/>
  <testcase name="testImportEntries(String)[5]" classname="org.jabref.logic.importer.fileformat.RISImporterTestFiles" time="0.007"/>
  <testcase name="testImportEntries(String)[6]" classname="org.jabref.logic.importer.fileformat.RISImporterTestFiles" time="0.008"/>
  <testcase name="testImportEntries(String)[7]" classname="org.jabref.logic.importer.fileformat.RISImporterTestFiles" time="0.01"/>
  <testcase name="testImportEntries(String)[8]" classname="org.jabref.logic.importer.fileformat.RISImporterTestFiles" time="0.008"/>
  <testcase name="testImportEntries(String)[9]" classname="org.jabref.logic.importer.fileformat.RISImporterTestFiles" time="0.006"/>
  <testcase name="testImportEntries(String)[10]" classname="org.jabref.logic.importer.fileformat.RISImporterTestFiles" time="0.007"/>
  <testcase name="testImportEntries(String)[11]" classname="org.jabref.logic.importer.fileformat.RISImporterTestFiles" time="0.006"/>
  <testcase name="testImportEntries(String)[12]" classname="org.jabref.logic.importer.fileformat.RISImporterTestFiles" time="0.006"/>
  <testcase name="testIsRecognizedFormat(String)[1]" classname="org.jabref.logic.importer.fileformat.RISImporterTestFiles" time="0.001"/>
  <testcase name="testIsRecognizedFormat(String)[2]" classname="org.jabref.logic.importer.fileformat.RISImporterTestFiles" time="0.001"/>
  <testcase name="testIsRecognizedFormat(String)[3]" classname="org.jabref.logic.importer.fileformat.RISImporterTestFiles" time="0.0"/>
  <testcase name="testIsRecognizedFormat(String)[4]" classname="org.jabref.logic.importer.fileformat.RISImporterTestFiles" time="0.001"/>
  <testcase name="testIsRecognizedFormat(String)[5]" classname="org.jabref.logic.importer.fileformat.RISImporterTestFiles" time="0.001"/>
  <testcase name="testIsRecognizedFormat(String)[6]" classname="org.jabref.logic.importer.fileformat.RISImporterTestFiles" time="0.0"/>
  <testcase name="testIsRecognizedFormat(String)[7]" classname="org.jabref.logic.importer.fileformat.RISImporterTestFiles" time="0.001"/>
  <testcase name="testIsRecognizedFormat(String)[8]" classname="org.jabref.logic.importer.fileformat.RISImporterTestFiles" time="0.0"/>
  <testcase name="testIsRecognizedFormat(String)[9]" classname="org.jabref.logic.importer.fileformat.RISImporterTestFiles" time="0.001"/>
  <testcase name="testIsRecognizedFormat(String)[10]" classname="org.jabref.logic.importer.fileformat.RISImporterTestFiles" time="0.001"/>
  <testcase name="testIsRecognizedFormat(String)[11]" classname="org.jabref.logic.importer.fileformat.RISImporterTestFiles" time="0.001"/>
  <testcase name="testIsRecognizedFormat(String)[12]" classname="org.jabref.logic.importer.fileformat.RISImporterTestFiles" time="0.001"/>
  <system-out><![CDATA[]]></system-out>
  <system-err><![CDATA[]]></system-err>
</testsuite>
