<?xml version="1.0" encoding="UTF-8"?>
<testsuite name="org.jabref.logic.cleanup.BibtexBiblatexRoundtripTest" tests="2" skipped="0" failures="0" errors="0" timestamp="2019-02-15T14:24:47" hostname="n184-p67.eduroam.kth.se" time="0.006">
  <properties/>
  <testcase name="roundTripBibtexToBiblatexIsIdentity()" classname="org.jabref.logic.cleanup.BibtexBiblatexRoundtripTest" time="0.005"/>
  <testcase name="roundTripBiblatexToBibtexIsIdentity()" classname="org.jabref.logic.cleanup.BibtexBiblatexRoundtripTest" time="0.001"/>
  <system-out><![CDATA[]]></system-out>
  <system-err><![CDATA[]]></system-err>
</testsuite>
