<?xml version="1.0" encoding="UTF-8"?>
<testsuite name="org.jabref.logic.exporter.BibtexDatabaseWriterTest" tests="34" skipped="0" failures="0" errors="0" timestamp="2019-02-15T14:25:01" hostname="n184-p67.eduroam.kth.se" time="0.256">
  <properties/>
  <testcase name="roundtripWithUnknownMetaData()" classname="org.jabref.logic.exporter.BibtexDatabaseWriterTest" time="0.037"/>
  <testcase name="writeStringAndEncoding()" classname="org.jabref.logic.exporter.BibtexDatabaseWriterTest" time="0.005"/>
  <testcase name="writeEntriesSorted()" classname="org.jabref.logic.exporter.BibtexDatabaseWriterTest" time="0.013"/>
  <testcase name="writeMetadataAndEncoding()" classname="org.jabref.logic.exporter.BibtexDatabaseWriterTest" time="0.005"/>
  <testcase name="writeSavedSerializationOfStringIfUnchanged()" classname="org.jabref.logic.exporter.BibtexDatabaseWriterTest" time="0.003"/>
  <testcase name="writeEntriesInOriginalOrderWhenNoSaveOrderConfigIsSetInMetadata()" classname="org.jabref.logic.exporter.BibtexDatabaseWriterTest" time="0.008"/>
  <testcase name="roundtripWithUserCommentAndEntryChange()" classname="org.jabref.logic.exporter.BibtexDatabaseWriterTest" time="0.012"/>
  <testcase name="reformatStringIfAskedToDoSo()" classname="org.jabref.logic.exporter.BibtexDatabaseWriterTest" time="0.007"/>
  <testcase name="writeEntryWithCustomizedTypeAlsoWritesTypeDeclaration()" classname="org.jabref.logic.exporter.BibtexDatabaseWriterTest" time="0.007"/>
  <testcase name="writeSaveOrderConfig()" classname="org.jabref.logic.exporter.BibtexDatabaseWriterTest" time="0.004"/>
  <testcase name="writeGroupsAndEncoding()" classname="org.jabref.logic.exporter.BibtexDatabaseWriterTest" time="0.005"/>
  <testcase name="writeEntry()" classname="org.jabref.logic.exporter.BibtexDatabaseWriterTest" time="0.006"/>
  <testcase name="writeSaveActions()" classname="org.jabref.logic.exporter.BibtexDatabaseWriterTest" time="0.003"/>
  <testcase name="writeEncodingAndEntry()" classname="org.jabref.logic.exporter.BibtexDatabaseWriterTest" time="0.005"/>
  <testcase name="writeEncoding()" classname="org.jabref.logic.exporter.BibtexDatabaseWriterTest" time="0.004"/>
  <testcase name="roundtripWithContentSelectorsAndUmlauts()" classname="org.jabref.logic.exporter.BibtexDatabaseWriterTest" time="0.005"/>
  <testcase name="writeCustomKeyPattern()" classname="org.jabref.logic.exporter.BibtexDatabaseWriterTest" time="0.004"/>
  <testcase name="roundtrip()" classname="org.jabref.logic.exporter.BibtexDatabaseWriterTest" time="0.032"/>
  <testcase name="roundtripWithUserCommentBeforeStringAndChange()" classname="org.jabref.logic.exporter.BibtexDatabaseWriterTest" time="0.031"/>
  <testcase name="writePreambleAndEncoding()" classname="org.jabref.logic.exporter.BibtexDatabaseWriterTest" time="0.002"/>
  <testcase name="writeEpilogueAndEncoding()" classname="org.jabref.logic.exporter.BibtexDatabaseWriterTest" time="0.002"/>
  <testcase name="roundtripWithUserComment()" classname="org.jabref.logic.exporter.BibtexDatabaseWriterTest" time="0.011"/>
  <testcase name="writeProtectedFlag()" classname="org.jabref.logic.exporter.BibtexDatabaseWriterTest" time="0.003"/>
  <testcase name="reformatEntryIfAskedToDoSo()" classname="org.jabref.logic.exporter.BibtexDatabaseWriterTest" time="0.004"/>
  <testcase name="writeGroups()" classname="org.jabref.logic.exporter.BibtexDatabaseWriterTest" time="0.002"/>
  <testcase name="writePreamble()" classname="org.jabref.logic.exporter.BibtexDatabaseWriterTest" time="0.003"/>
  <testcase name="writeWithNullContextThrowsException()" classname="org.jabref.logic.exporter.BibtexDatabaseWriterTest" time="0.002"/>
  <testcase name="writeFileDirectories()" classname="org.jabref.logic.exporter.BibtexDatabaseWriterTest" time="0.002"/>
  <testcase name="writeWithNullEntriesThrowsException()" classname="org.jabref.logic.exporter.BibtexDatabaseWriterTest" time="0.002"/>
  <testcase name="writeString()" classname="org.jabref.logic.exporter.BibtexDatabaseWriterTest" time="0.004"/>
  <testcase name="writeBiblatexMode()" classname="org.jabref.logic.exporter.BibtexDatabaseWriterTest" time="0.003"/>
  <testcase name="writeEpilogue()" classname="org.jabref.logic.exporter.BibtexDatabaseWriterTest" time="0.003"/>
  <testcase name="writeSavedSerializationOfEntryIfUnchanged()" classname="org.jabref.logic.exporter.BibtexDatabaseWriterTest" time="0.004"/>
  <testcase name="writeMetadata()" classname="org.jabref.logic.exporter.BibtexDatabaseWriterTest" time="0.002"/>
  <system-out><![CDATA[15:25:01.376 [Test worker] INFO  org.jabref.logic.importer.fileformat.BibtexParser - Found unbracketed comment -  
15:25:01.376 [Test worker] INFO  org.jabref.logic.importer.fileformat.BibtexParser - Found unbracketed comment -  
15:25:01.508 [Test worker] INFO  org.jabref.logic.importer.fileformat.BibtexParser - Found unbracketed comment -  
15:25:01.508 [Test worker] INFO  org.jabref.logic.importer.fileformat.BibtexParser - Found unbracketed comment -  
]]></system-out>
  <system-err><![CDATA[]]></system-err>
</testsuite>
