<?xml version="1.0" encoding="UTF-8"?>
<testsuite name="org.jabref.logic.l10n.EncodingsTest" tests="4" skipped="0" failures="0" errors="0" timestamp="2019-02-15T14:23:41" hostname="n184-p67.eduroam.kth.se" time="0.088">
  <properties/>
  <testcase name="charsetsShouldNotBeEmpty()" classname="org.jabref.logic.l10n.EncodingsTest" time="0.083"/>
  <testcase name="charsetsShouldNotBeNull()" classname="org.jabref.logic.l10n.EncodingsTest" time="0.002"/>
  <testcase name="displayNamesShouldNotBeNull()" classname="org.jabref.logic.l10n.EncodingsTest" time="0.001"/>
  <testcase name="displayNamesShouldNotBeEmpty()" classname="org.jabref.logic.l10n.EncodingsTest" time="0.001"/>
  <system-out><![CDATA[]]></system-out>
  <system-err><![CDATA[]]></system-err>
</testsuite>
