<?xml version="1.0" encoding="UTF-8"?>
<testsuite name="org.jabref.model.entry.BibEntryEqualityTest" tests="4" skipped="0" failures="0" errors="0" timestamp="2019-02-15T14:25:26" hostname="n184-p67.eduroam.kth.se" time="0.002">
  <properties/>
  <testcase name="compareIsTrueWhenIdAndFieldsAreEqual()" classname="org.jabref.model.entry.BibEntryEqualityTest" time="0.001"/>
  <testcase name="identicObjectsareEqual()" classname="org.jabref.model.entry.BibEntryEqualityTest" time="0.0"/>
  <testcase name="compareToNullObjectIsFalse()" classname="org.jabref.model.entry.BibEntryEqualityTest" time="0.0"/>
  <testcase name="compareToDifferentClassIsFalse()" classname="org.jabref.model.entry.BibEntryEqualityTest" time="0.0"/>
  <system-out><![CDATA[]]></system-out>
  <system-err><![CDATA[]]></system-err>
</testsuite>
