<?xml version="1.0" encoding="UTF-8"?>
<testsuite name="org.jabref.logic.layout.format.CompositeFormatTest" tests="3" skipped="0" failures="0" errors="0" timestamp="2019-02-15T14:24:25" hostname="n184-p67.eduroam.kth.se" time="0.003">
  <properties/>
  <testcase name="testEmptyComposite()" classname="org.jabref.logic.layout.format.CompositeFormatTest" time="0.0"/>
  <testcase name="testArrayComposite()" classname="org.jabref.logic.layout.format.CompositeFormatTest" time="0.002"/>
  <testcase name="testDoubleComposite()" classname="org.jabref.logic.layout.format.CompositeFormatTest" time="0.001"/>
  <system-out><![CDATA[]]></system-out>
  <system-err><![CDATA[]]></system-err>
</testsuite>
