<?xml version="1.0" encoding="UTF-8"?>
<testsuite name="org.jabref.model.entry.identifier.EprintTest" tests="9" skipped="0" failures="0" errors="0" timestamp="2019-02-15T14:25:26" hostname="n184-p67.eduroam.kth.se" time="0.01">
  <properties/>
  <testcase name="acceptPlainEprintWithVersion()" classname="org.jabref.model.entry.identifier.EprintTest" time="0.002"/>
  <testcase name="rejectEmbeddedEprint()" classname="org.jabref.model.entry.identifier.EprintTest" time="0.001"/>
  <testcase name="acceptPlainEprint()" classname="org.jabref.model.entry.identifier.EprintTest" time="0.001"/>
  <testcase name="acceptArxivPrefix()" classname="org.jabref.model.entry.identifier.EprintTest" time="0.0"/>
  <testcase name="acceptURLEprint()" classname="org.jabref.model.entry.identifier.EprintTest" time="0.001"/>
  <testcase name="ignoreLeadingAndTrailingWhitespaces()" classname="org.jabref.model.entry.identifier.EprintTest" time="0.001"/>
  <testcase name="constructCorrectURLForEprint()" classname="org.jabref.model.entry.identifier.EprintTest" time="0.001"/>
  <testcase name="acceptLegacyEprint()" classname="org.jabref.model.entry.identifier.EprintTest" time="0.001"/>
  <testcase name="rejectInvalidEprint()" classname="org.jabref.model.entry.identifier.EprintTest" time="0.001"/>
  <system-out><![CDATA[]]></system-out>
  <system-err><![CDATA[]]></system-err>
</testsuite>
