<?xml version="1.0" encoding="UTF-8"?>
<testsuite name="org.jabref.migrations.MergeReviewIntoCommentActionMigrationTest" tests="5" skipped="1" failures="0" errors="0" timestamp="2019-02-15T14:23:39" hostname="n184-p67.eduroam.kth.se" time="0.354">
  <properties/>
  <testcase name="noFields()" classname="org.jabref.migrations.MergeReviewIntoCommentActionMigrationTest" time="0.332"/>
  <testcase name="multiLineReviewField()" classname="org.jabref.migrations.MergeReviewIntoCommentActionMigrationTest" time="0.007"/>
  <testcase name="commentField()" classname="org.jabref.migrations.MergeReviewIntoCommentActionMigrationTest" time="0.003"/>
  <testcase name="reviewField()" classname="org.jabref.migrations.MergeReviewIntoCommentActionMigrationTest" time="0.006"/>
  <testcase name="reviewAndCommentField()" classname="org.jabref.migrations.MergeReviewIntoCommentActionMigrationTest" time="0.0">
    <skipped/>
  </testcase>
  <system-out><![CDATA[]]></system-out>
  <system-err><![CDATA[]]></system-err>
</testsuite>
