<?xml version="1.0" encoding="UTF-8"?>
<testsuite name="org.jabref.gui.UpdateTimestampListenerTest" tests="2" skipped="0" failures="0" errors="0" timestamp="2019-02-15T14:25:20" hostname="n184-p67.eduroam.kth.se" time="0.035">
  <properties/>
  <testcase name="updateTimestampEnabled()" classname="org.jabref.gui.UpdateTimestampListenerTest" time="0.032"/>
  <testcase name="updateTimestampDisabled()" classname="org.jabref.gui.UpdateTimestampListenerTest" time="0.003"/>
  <system-out><![CDATA[]]></system-out>
  <system-err><![CDATA[]]></system-err>
</testsuite>
