<?xml version="1.0" encoding="UTF-8"?>
<testsuite name="org.jabref.logic.util.io.CiteKeyBasedFileFinderTest" tests="4" skipped="0" failures="0" errors="0" timestamp="2019-02-15T14:24:25" hostname="n184-p67.eduroam.kth.se" time="0.038">
  <properties/>
  <testcase name="findAssociatedFilesIgnoresFilesStartingWithKeyButContinueWithText()" classname="org.jabref.logic.util.io.CiteKeyBasedFileFinderTest" time="0.012"/>
  <testcase name="findAssociatedFilesInNonExistingDirectoryFindsNothing()" classname="org.jabref.logic.util.io.CiteKeyBasedFileFinderTest" time="0.009"/>
  <testcase name="findAssociatedFilesInSubDirectories()" classname="org.jabref.logic.util.io.CiteKeyBasedFileFinderTest" time="0.007"/>
  <testcase name="findAssociatedFilesFindsFilesStartingWithKey()" classname="org.jabref.logic.util.io.CiteKeyBasedFileFinderTest" time="0.009"/>
  <system-out><![CDATA[]]></system-out>
  <system-err><![CDATA[]]></system-err>
</testsuite>
