<?xml version="1.0" encoding="UTF-8"?>
<testsuite name="org.jabref.gui.journals.ManageJournalAbbreviationsViewModelTest" tests="24" skipped="0" failures="0" errors="0" timestamp="2019-02-15T14:25:18" hostname="n184-p67.eduroam.kth.se" time="0.397">
  <properties/>
  <testcase name="testOpenDuplicatedFileResultsInAnException()" classname="org.jabref.gui.journals.ManageJournalAbbreviationsViewModelTest" time="0.057"/>
  <testcase name="testInitialHasNoFilesAndNoAbbreviations()" classname="org.jabref.gui.journals.ManageJournalAbbreviationsViewModelTest" time="0.003"/>
  <testcase name="testOpenValidFileContainsTheSpecificEntryAndEnoughAbbreviations()" classname="org.jabref.gui.journals.ManageJournalAbbreviationsViewModelTest" time="0.005"/>
  <testcase name="testSaveExternalFilesListToPreferences()" classname="org.jabref.gui.journals.ManageJournalAbbreviationsViewModelTest" time="0.012"/>
  <testcase name="testAddDuplicatedAbbreviationResultsInException()" classname="org.jabref.gui.journals.ManageJournalAbbreviationsViewModelTest" time="0.006"/>
  <testcase name="testMixedFileUsage()" classname="org.jabref.gui.journals.ManageJournalAbbreviationsViewModelTest" time="0.01"/>
  <testcase name="testInitialWithSavedFilesIncrementsFilesCounter()" classname="org.jabref.gui.journals.ManageJournalAbbreviationsViewModelTest" time="0.01"/>
  <testcase name="testRemoveLastListSetsCurrentFileAndCurrentAbbreviationToNull()" classname="org.jabref.gui.journals.ManageJournalAbbreviationsViewModelTest" time="0.004"/>
  <testcase name="testSaveAbbreviationsToFilesCreatesNewFilesWithWrittenAbbreviations()" classname="org.jabref.gui.journals.ManageJournalAbbreviationsViewModelTest" time="0.008"/>
  <testcase name="testDeleteAbbreviationSelectsNextOne()" classname="org.jabref.gui.journals.ManageJournalAbbreviationsViewModelTest" time="0.005"/>
  <testcase name="testEditAbbreviationToEmptyNameResultsInException()" classname="org.jabref.gui.journals.ManageJournalAbbreviationsViewModelTest" time="0.005"/>
  <testcase name="testSelectLastJournalFileSwitchesFilesAndTheirAbbreviations()" classname="org.jabref.gui.journals.ManageJournalAbbreviationsViewModelTest" time="0.006"/>
  <testcase name="testEditAbbreviationToEmptyAbbreviationResultsInException()" classname="org.jabref.gui.journals.ManageJournalAbbreviationsViewModelTest" time="0.007"/>
  <testcase name="testEditAbbreviationToExistingOneResultsInException()" classname="org.jabref.gui.journals.ManageJournalAbbreviationsViewModelTest" time="0.005"/>
  <testcase name="testcurrentFilePropertyChangeActiveFile()" classname="org.jabref.gui.journals.ManageJournalAbbreviationsViewModelTest" time="0.009"/>
  <testcase name="testEditAbbreviationIncludesNewAbbreviationInAbbreviationsList()" classname="org.jabref.gui.journals.ManageJournalAbbreviationsViewModelTest" time="0.008"/>
  <testcase name="testRemoveDuplicatesWhenReadingFiles()" classname="org.jabref.gui.journals.ManageJournalAbbreviationsViewModelTest" time="0.008"/>
  <testcase name="testEditSameAbbreviationWithNoChangeDoesNotResultInException()" classname="org.jabref.gui.journals.ManageJournalAbbreviationsViewModelTest" time="0.004"/>
  <testcase name="testDeleteAbbreviationSelectsPreviousOne()" classname="org.jabref.gui.journals.ManageJournalAbbreviationsViewModelTest" time="0.006"/>
  <testcase name="testBuiltInListsStandardIEEEIncludesAllBuiltIEEEAbbreviations()" classname="org.jabref.gui.journals.ManageJournalAbbreviationsViewModelTest" time="0.094"/>
  <testcase name="addDuplicatedFileResultsInErrorDialog()" classname="org.jabref.gui.journals.ManageJournalAbbreviationsViewModelTest" time="0.008"/>
  <testcase name="addFileIncreasesCounterOfOpenFilesAndHasNoAbbreviations()" classname="org.jabref.gui.journals.ManageJournalAbbreviationsViewModelTest" time="0.013"/>
  <testcase name="testAddAbbreviationIncludesAbbreviationsInAbbreviationList()" classname="org.jabref.gui.journals.ManageJournalAbbreviationsViewModelTest" time="0.009"/>
  <testcase name="testBuiltInListsIncludeAllBuiltInAbbreviations()" classname="org.jabref.gui.journals.ManageJournalAbbreviationsViewModelTest" time="0.088"/>
  <system-out><![CDATA[]]></system-out>
  <system-err><![CDATA[]]></system-err>
</testsuite>
