<?xml version="1.0" encoding="UTF-8"?>
<testsuite name="org.jabref.logic.journals.AbbreviationTest" tests="5" skipped="0" failures="0" errors="0" timestamp="2019-02-15T14:24:26" hostname="n184-p67.eduroam.kth.se" time="0.001">
  <properties/>
  <testcase name="testAbbreviationsWithUnusedElements()" classname="org.jabref.logic.journals.AbbreviationTest" time="0.0"/>
  <testcase name="testGetNextElementWithTrailingSpaces()" classname="org.jabref.logic.journals.AbbreviationTest" time="0.0"/>
  <testcase name="testIsoAndMedlineAbbreviationsAreSame()" classname="org.jabref.logic.journals.AbbreviationTest" time="0.0"/>
  <testcase name="testAbbreviationsWithTrailingSpaces()" classname="org.jabref.logic.journals.AbbreviationTest" time="0.0"/>
  <testcase name="testGetNextElement()" classname="org.jabref.logic.journals.AbbreviationTest" time="0.0"/>
  <system-out><![CDATA[]]></system-out>
  <system-err><![CDATA[]]></system-err>
</testsuite>
