<?xml version="1.0" encoding="UTF-8"?>
<testsuite name="org.jabref.gui.groups.GroupTreeViewModelTest" tests="3" skipped="0" failures="0" errors="0" timestamp="2019-02-15T14:25:16" hostname="n184-p67.eduroam.kth.se" time="0.042">
  <properties/>
  <testcase name="rootGroupIsAllEntriesByDefault()" classname="org.jabref.gui.groups.GroupTreeViewModelTest" time="0.032"/>
  <testcase name="keywordGroupsAreNotRemovedFromEntriesOnDelete()" classname="org.jabref.gui.groups.GroupTreeViewModelTest" time="0.005"/>
  <testcase name="explicitGroupsAreRemovedFromEntriesOnDelete()" classname="org.jabref.gui.groups.GroupTreeViewModelTest" time="0.004"/>
  <system-out><![CDATA[]]></system-out>
  <system-err><![CDATA[]]></system-err>
</testsuite>
