<?xml version="1.0" encoding="UTF-8"?>
<testsuite name="org.jabref.logic.exporter.BibTeXMLExporterTestFiles" tests="18" skipped="0" failures="0" errors="0" timestamp="2019-02-15T14:24:54" hostname="n184-p67.eduroam.kth.se" time="6.251">
  <properties/>
  <testcase name="testPerformExport(String)[1]" classname="org.jabref.logic.exporter.BibTeXMLExporterTestFiles" time="0.354"/>
  <testcase name="testPerformExport(String)[2]" classname="org.jabref.logic.exporter.BibTeXMLExporterTestFiles" time="0.355"/>
  <testcase name="testPerformExport(String)[3]" classname="org.jabref.logic.exporter.BibTeXMLExporterTestFiles" time="0.344"/>
  <testcase name="testPerformExport(String)[4]" classname="org.jabref.logic.exporter.BibTeXMLExporterTestFiles" time="0.347"/>
  <testcase name="testPerformExport(String)[5]" classname="org.jabref.logic.exporter.BibTeXMLExporterTestFiles" time="0.342"/>
  <testcase name="testPerformExport(String)[6]" classname="org.jabref.logic.exporter.BibTeXMLExporterTestFiles" time="0.348"/>
  <testcase name="testPerformExport(String)[7]" classname="org.jabref.logic.exporter.BibTeXMLExporterTestFiles" time="0.341"/>
  <testcase name="testPerformExport(String)[8]" classname="org.jabref.logic.exporter.BibTeXMLExporterTestFiles" time="0.337"/>
  <testcase name="testPerformExport(String)[9]" classname="org.jabref.logic.exporter.BibTeXMLExporterTestFiles" time="0.342"/>
  <testcase name="testPerformExport(String)[10]" classname="org.jabref.logic.exporter.BibTeXMLExporterTestFiles" time="0.351"/>
  <testcase name="testPerformExport(String)[11]" classname="org.jabref.logic.exporter.BibTeXMLExporterTestFiles" time="0.345"/>
  <testcase name="testPerformExport(String)[12]" classname="org.jabref.logic.exporter.BibTeXMLExporterTestFiles" time="0.347"/>
  <testcase name="testPerformExport(String)[13]" classname="org.jabref.logic.exporter.BibTeXMLExporterTestFiles" time="0.369"/>
  <testcase name="testPerformExport(String)[14]" classname="org.jabref.logic.exporter.BibTeXMLExporterTestFiles" time="0.34"/>
  <testcase name="testPerformExport(String)[15]" classname="org.jabref.logic.exporter.BibTeXMLExporterTestFiles" time="0.352"/>
  <testcase name="testPerformExport(String)[16]" classname="org.jabref.logic.exporter.BibTeXMLExporterTestFiles" time="0.34"/>
  <testcase name="testPerformExport(String)[17]" classname="org.jabref.logic.exporter.BibTeXMLExporterTestFiles" time="0.34"/>
  <testcase name="testPerformExport(String)[18]" classname="org.jabref.logic.exporter.BibTeXMLExporterTestFiles" time="0.345"/>
  <system-out><![CDATA[15:24:55.948 [Test worker] ERROR org.jabref.logic.exporter.BibTeXMLExporter - Could not invoke method - java.lang.IllegalArgumentException: argument type mismatch
	at sun.reflect.NativeMethodAccessorImpl.invoke0(Native Method)
	at sun.reflect.NativeMethodAccessorImpl.invoke(NativeMethodAccessorImpl.java:62)
	at sun.reflect.DelegatingMethodAccessorImpl.invoke(DelegatingMethodAccessorImpl.java:43)
	at java.lang.reflect.Method.invoke(Method.java:498) 
]]></system-out>
  <system-err><![CDATA[]]></system-err>
</testsuite>
