<?xml version="1.0" encoding="UTF-8"?>
<testsuite name="org.jabref.logic.util.io.RegExpBasedFileFinderTests" tests="5" skipped="0" failures="0" errors="0" timestamp="2019-02-15T14:24:25" hostname="n184-p67.eduroam.kth.se" time="0.025">
  <properties/>
  <testcase name="testFindFileNonRecursive()" classname="org.jabref.logic.util.io.RegExpBasedFileFinderTests" time="0.007"/>
  <testcase name="testFindFileInSubdirectory()" classname="org.jabref.logic.util.io.RegExpBasedFileFinderTests" time="0.008"/>
  <testcase name="testYearAuthFirspageFindFiles()" classname="org.jabref.logic.util.io.RegExpBasedFileFinderTests" time="0.004"/>
  <testcase name="testFindFiles()" classname="org.jabref.logic.util.io.RegExpBasedFileFinderTests" time="0.002"/>
  <testcase name="testExpandBrackets()" classname="org.jabref.logic.util.io.RegExpBasedFileFinderTests" time="0.003"/>
  <system-out><![CDATA[]]></system-out>
  <system-err><![CDATA[]]></system-err>
</testsuite>
