<?xml version="1.0" encoding="UTF-8"?>
<testsuite name="org.jabref.architecture.TestArchitectureTests" tests="2" skipped="0" failures="0" errors="0" timestamp="2019-02-15T14:25:15" hostname="n184-p67.eduroam.kth.se" time="0.368">
  <properties/>
  <testcase name="testsAreIndependent(String)[1]" classname="org.jabref.architecture.TestArchitectureTests" time="0.29"/>
  <testcase name="testsAreIndependent(String)[2]" classname="org.jabref.architecture.TestArchitectureTests" time="0.077"/>
  <system-out><![CDATA[]]></system-out>
  <system-err><![CDATA[]]></system-err>
</testsuite>
