<?xml version="1.0" encoding="UTF-8"?>
<testsuite name="org.jabref.logic.util.io.FileUtilTest" tests="48" skipped="0" failures="0" errors="0" timestamp="2019-02-15T14:24:24" hostname="n184-p67.eduroam.kth.se" time="0.225">
  <properties/>
  <testcase name="testGetLinkedFileNameGetDefaultIfEmptyFieldNoKey()" classname="org.jabref.logic.util.io.FileUtilTest" time="0.035"/>
  <testcase name="testGetLinkedFileNameBibTeXKey()" classname="org.jabref.logic.util.io.FileUtilTest" time="0.002"/>
  <testcase name="testGetLinkedFileNameDefaultFullTitle()" classname="org.jabref.logic.util.io.FileUtilTest" time="0.003"/>
  <testcase name="getFileExtensionTrimsAndReturnsInLowercase()" classname="org.jabref.logic.util.io.FileUtilTest" time="0.004"/>
  <testcase name="testGetFileExtensionMultipleDotsFile()" classname="org.jabref.logic.util.io.FileUtilTest" time="0.003"/>
  <testcase name="testGetFileExtensionNoExtension2File()" classname="org.jabref.logic.util.io.FileUtilTest" time="0.003"/>
  <testcase name="testCopyFileFromExistSourcePathToExistDestinationPathWithOverrideExistFile()" classname="org.jabref.logic.util.io.FileUtilTest" time="0.004"/>
  <testcase name="testRenameFileWithFromFileExistAndOtherToFileExist()" classname="org.jabref.logic.util.io.FileUtilTest" time="0.006"/>
  <testcase name="testCopyFileFromEmptySourcePathToExistDestinationPathWithOverrideExistFile()" classname="org.jabref.logic.util.io.FileUtilTest" time="0.003"/>
  <testcase name="validFilenameShouldNotAlterValidFilename()" classname="org.jabref.logic.util.io.FileUtilTest" time="0.003"/>
  <testcase name="testRenameFileWithFromFileExistAndToFileIsNull()" classname="org.jabref.logic.util.io.FileUtilTest" time="0.003"/>
  <testcase name="testGetLinkedFileNameByYearAuthorFirstpage()" classname="org.jabref.logic.util.io.FileUtilTest" time="0.006"/>
  <testcase name="testGetDefaultFileNameNoPatternNoBibTeXKey()" classname="org.jabref.logic.util.io.FileUtilTest" time="0.003"/>
  <testcase name="testGetLinkedFileNameGetKeyIfEmptyField()" classname="org.jabref.logic.util.io.FileUtilTest" time="0.003"/>
  <testcase name="testRenameFileWithFromFileExistAndToFileExist()" classname="org.jabref.logic.util.io.FileUtilTest" time="0.003"/>
  <testcase name="invalidFilenameWithoutExtension()" classname="org.jabref.logic.util.io.FileUtilTest" time="0.009"/>
  <testcase name="getFileExtensionWithMultipleDotsString()" classname="org.jabref.logic.util.io.FileUtilTest" time="0.002"/>
  <testcase name="testCopyFileSuccessfulWithoutOverrideExistFile()" classname="org.jabref.logic.util.io.FileUtilTest" time="0.005"/>
  <testcase name="extensionBakAddedCorrectly()" classname="org.jabref.logic.util.io.FileUtilTest" time="0.004"/>
  <testcase name="getFileExtensionWithSimpleString()" classname="org.jabref.logic.util.io.FileUtilTest" time="0.004"/>
  <testcase name="testGetLinkedFileNameDefaultWithLowercaseTitle()" classname="org.jabref.logic.util.io.FileUtilTest" time="0.003"/>
  <testcase name="extensionBakAddedCorrectlyToAFileContainedInTmpDirectory()" classname="org.jabref.logic.util.io.FileUtilTest" time="0.003"/>
  <testcase name="testGetFileExtensionNoExtensionFile()" classname="org.jabref.logic.util.io.FileUtilTest" time="0.002"/>
  <testcase name="testCopyFileFromExistSourcePathToExistDestinationPathWithoutOverrideExistFile()" classname="org.jabref.logic.util.io.FileUtilTest" time="0.003"/>
  <testcase name="testIsBibFile()" classname="org.jabref.logic.util.io.FileUtilTest" time="0.004"/>
  <testcase name="testRenameFileWithFromFileExistAndToFileNotExist()" classname="org.jabref.logic.util.io.FileUtilTest" time="0.004"/>
  <testcase name="testRenameFileWithFromFileIsNullAndToFileExist()" classname="org.jabref.logic.util.io.FileUtilTest" time="0.003"/>
  <testcase name="testRenameFileWithFromFileNotExistAndToFileNotExist()" classname="org.jabref.logic.util.io.FileUtilTest" time="0.005"/>
  <testcase name="validFilenameWithoutExtension()" classname="org.jabref.logic.util.io.FileUtilTest" time="0.006"/>
  <testcase name="testCopyFileFromEmptySourcePathToEmptyDestinationPathWithoutOverrideExistFile()" classname="org.jabref.logic.util.io.FileUtilTest" time="0.003"/>
  <testcase name="testRenameFileWithFromFileNotExistAndToFileExist()" classname="org.jabref.logic.util.io.FileUtilTest" time="0.007"/>
  <testcase name="testCopyFileSuccessfulWithOverrideExistFile()" classname="org.jabref.logic.util.io.FileUtilTest" time="0.005"/>
  <testcase name="testRenameFileWithFromFileIsNullAndToFileIsNull()" classname="org.jabref.logic.util.io.FileUtilTest" time="0.003"/>
  <testcase name="getFileNameWithMultipleDotsString()" classname="org.jabref.logic.util.io.FileUtilTest" time="0.002"/>
  <testcase name="uniquePathSubstrings()" classname="org.jabref.logic.util.io.FileUtilTest" time="0.005"/>
  <testcase name="testGetFileExtensionSimpleFile()" classname="org.jabref.logic.util.io.FileUtilTest" time="0.002"/>
  <testcase name="getFileExtensionWithDotAtStartReturnsEmptyExtension()" classname="org.jabref.logic.util.io.FileUtilTest" time="0.003"/>
  <testcase name="getFileNameWithSimpleString()" classname="org.jabref.logic.util.io.FileUtilTest" time="0.002"/>
  <testcase name="testCopyFileFromExistSourcePathToOtherExistDestinationPathWithOverrideExistFile()" classname="org.jabref.logic.util.io.FileUtilTest" time="0.003"/>
  <testcase name="testCopyFileFromEmptySourcePathToEmptyDestinationPathWithOverrideExistFile()" classname="org.jabref.logic.util.io.FileUtilTest" time="0.002"/>
  <testcase name="testRenameFileSuccessful(Path)" classname="org.jabref.logic.util.io.FileUtilTest" time="0.004"/>
  <testcase name="validFilenameShouldBeMaximum255Chars()" classname="org.jabref.logic.util.io.FileUtilTest" time="0.004"/>
  <testcase name="testGetLinkedFileNameNoPattern()" classname="org.jabref.logic.util.io.FileUtilTest" time="0.003"/>
  <testcase name="testIsNotBibFile()" classname="org.jabref.logic.util.io.FileUtilTest" time="0.003"/>
  <testcase name="testGetLinkedDirNameDefaultFullTitle()" classname="org.jabref.logic.util.io.FileUtilTest" time="0.003"/>
  <testcase name="testCopyFileFromExistSourcePathToOtherExistDestinationPathWithoutOverrideExistFile()" classname="org.jabref.logic.util.io.FileUtilTest" time="0.002"/>
  <testcase name="testCopyFileFromEmptySourcePathToExistDestinationPathWithoutOverrideExistFile()" classname="org.jabref.logic.util.io.FileUtilTest" time="0.003"/>
  <testcase name="getFileExtensionWithNoDotReturnsEmptyExtension()" classname="org.jabref.logic.util.io.FileUtilTest" time="0.003"/>
  <system-out><![CDATA[15:24:24.913 [Test worker] ERROR org.jabref.logic.util.io.FileUtil - Renaming Files failed - java.nio.file.FileAlreadyExistsException: /var/folders/yg/7zl1qt6j6c5d6bbqvfg24g7w0000gn/T/junit9130861698681323989/1/otherExistingTestFile.txt
	at sun.nio.fs.UnixCopyFile.move(UnixCopyFile.java:429)
	at sun.nio.fs.UnixFileSystemProvider.move(UnixFileSystemProvider.java:262)
	at java.nio.file.Files.move(Files.java:1395)
	at org.jabref.logic.util.io.FileUtil.renameFileWithException(FileUtil.java:212) 
15:24:24.918 [Test worker] ERROR org.jabref.logic.util.io.FileUtil - Path to the source file doesn't exist. -  
15:24:24.950 [Test worker] INFO  org.jabref.logic.util.io.FileUtil - Truncated the too long filename '11111111111111111111111111111111111111111111111111111111111111111111111111111111111111111111111111111111111111111111111111111111111111111111111111111111111111111111111111111111111111111111111111111111111111111111111111111111111111111111111111111111111111111111' (260 characters) to '111111111111111111111111111111111111111111111111111111111111111111111111111111111111111111111111111111111111111111111111111111111111111111111111111111111111111111111111111111111111111111111111111111111111111111111111111111111111111111111111111111111111111'. -  
15:24:24.958 [Test worker] ERROR org.jabref.logic.util.io.FileUtil - Path to the destination file exists but the file shouldn't be replaced. -  
15:24:24.980 [Test worker] ERROR org.jabref.logic.util.io.FileUtil - Path to the destination file exists but the file shouldn't be replaced. -  
15:24:24.996 [Test worker] ERROR org.jabref.logic.util.io.FileUtil - Renaming Files failed - java.nio.file.NoSuchFileException: nonExistingTestPath
	at sun.nio.fs.UnixException.translateToIOException(UnixException.java:86)
	at sun.nio.fs.UnixException.rethrowAsIOException(UnixException.java:102)
	at sun.nio.fs.UnixException.rethrowAsIOException(UnixException.java:107)
	at sun.nio.fs.UnixCopyFile.move(UnixCopyFile.java:409) 
15:24:25.008 [Test worker] ERROR org.jabref.logic.util.io.FileUtil - Path to the source file doesn't exist. -  
15:24:25.014 [Test worker] ERROR org.jabref.logic.util.io.FileUtil - Renaming Files failed - java.nio.file.NoSuchFileException: nonExistingTestPath
	at sun.nio.fs.UnixException.translateToIOException(UnixException.java:86)
	at sun.nio.fs.UnixException.rethrowAsIOException(UnixException.java:102)
	at sun.nio.fs.UnixException.rethrowAsIOException(UnixException.java:107)
	at sun.nio.fs.UnixCopyFile.move(UnixCopyFile.java:409) 
15:24:25.048 [Test worker] ERROR org.jabref.logic.util.io.FileUtil - Path to the source file doesn't exist. -  
/var/folders/yg/7zl1qt6j6c5d6bbqvfg24g7w0000gn/T/junit5351797652998848476/123
15:24:25.058 [Test worker] INFO  org.jabref.logic.util.io.FileUtil - Truncated the too long filename '11111111111111111111111111111111111111111111111111111111111111111111111111111111111111111111111111111111111111111111111111111111111111111111111111111111111111111111111111111111111111111111111111111111111111111111111111111111111111111111111111111111111111111111.pdf' (264 characters) to '111111111111111111111111111111111111111111111111111111111111111111111111111111111111111111111111111111111111111111111111111111111111111111111111111111111111111111111111111111111111111111111111111111111111111111111111111111111111111111111111111111111111111'. -  
15:24:25.070 [Test worker] ERROR org.jabref.logic.util.io.FileUtil - Path to the destination file exists but the file shouldn't be replaced. -  
15:24:25.074 [Test worker] ERROR org.jabref.logic.util.io.FileUtil - Path to the source file doesn't exist. -  
]]></system-out>
  <system-err><![CDATA[]]></system-err>
</testsuite>
