<?xml version="1.0" encoding="UTF-8"?>
<testsuite name="org.jabref.logic.formatter.bibtexfields.AddBracesFormatterTest" tests="11" skipped="0" failures="0" errors="0" timestamp="2019-02-15T14:24:47" hostname="n184-p67.eduroam.kth.se" time="0.006">
  <properties/>
  <testcase name="formatKeepsUnmatchedBracesAtEnd()" classname="org.jabref.logic.formatter.bibtexfields.AddBracesFormatterTest" time="0.001"/>
  <testcase name="formatKeepsOnlyMatchingBraces()" classname="org.jabref.logic.formatter.bibtexfields.AddBracesFormatterTest" time="0.001"/>
  <testcase name="formatKeepsDoubleEnclosingBraces()" classname="org.jabref.logic.formatter.bibtexfields.AddBracesFormatterTest" time="0.0"/>
  <testcase name="formatKeepsUnmatchedBracesAtBeginning()" classname="org.jabref.logic.formatter.bibtexfields.AddBracesFormatterTest" time="0.001"/>
  <testcase name="formatKeepsNonMatchingBraces()" classname="org.jabref.logic.formatter.bibtexfields.AddBracesFormatterTest" time="0.0"/>
  <testcase name="formatKeepsShortString()" classname="org.jabref.logic.formatter.bibtexfields.AddBracesFormatterTest" time="0.0"/>
  <testcase name="formatKeepsEmptyString()" classname="org.jabref.logic.formatter.bibtexfields.AddBracesFormatterTest" time="0.0"/>
  <testcase name="formatExample()" classname="org.jabref.logic.formatter.bibtexfields.AddBracesFormatterTest" time="0.0"/>
  <testcase name="formatDoesNotRemoveBracesInBrokenString()" classname="org.jabref.logic.formatter.bibtexfields.AddBracesFormatterTest" time="0.0"/>
  <testcase name="formatAddsSingleEnclosingBraces()" classname="org.jabref.logic.formatter.bibtexfields.AddBracesFormatterTest" time="0.0"/>
  <testcase name="formatKeepsTripleEnclosingBraces()" classname="org.jabref.logic.formatter.bibtexfields.AddBracesFormatterTest" time="0.0"/>
  <system-out><![CDATA[]]></system-out>
  <system-err><![CDATA[]]></system-err>
</testsuite>
