<?xml version="1.0" encoding="UTF-8"?>
<testsuite name="org.jabref.logic.exporter.ModsExportFormatTestFiles" tests="15" skipped="0" failures="0" errors="0" timestamp="2019-02-15T14:24:48" hostname="n184-p67.eduroam.kth.se" time="5.896">
  <properties/>
  <testcase name="testImportAsModsAndExportAsMods(String)[1]" classname="org.jabref.logic.exporter.ModsExportFormatTestFiles" time="0.571"/>
  <testcase name="testImportAsModsAndExportAsMods(String)[2]" classname="org.jabref.logic.exporter.ModsExportFormatTestFiles" time="0.462"/>
  <testcase name="testImportAsModsAndExportAsMods(String)[3]" classname="org.jabref.logic.exporter.ModsExportFormatTestFiles" time="0.437"/>
  <testcase name="testImportAsModsAndExportAsMods(String)[4]" classname="org.jabref.logic.exporter.ModsExportFormatTestFiles" time="0.425"/>
  <testcase name="testImportAsModsAndExportAsMods(String)[5]" classname="org.jabref.logic.exporter.ModsExportFormatTestFiles" time="0.438"/>
  <testcase name="testExportAsModsAndThenImportAsMods(String)[1]" classname="org.jabref.logic.exporter.ModsExportFormatTestFiles" time="1.009"/>
  <testcase name="testExportAsModsAndThenImportAsMods(String)[2]" classname="org.jabref.logic.exporter.ModsExportFormatTestFiles" time="0.384"/>
  <testcase name="testExportAsModsAndThenImportAsMods(String)[3]" classname="org.jabref.logic.exporter.ModsExportFormatTestFiles" time="0.372"/>
  <testcase name="testExportAsModsAndThenImportAsMods(String)[4]" classname="org.jabref.logic.exporter.ModsExportFormatTestFiles" time="0.386"/>
  <testcase name="testExportAsModsAndThenImportAsMods(String)[5]" classname="org.jabref.logic.exporter.ModsExportFormatTestFiles" time="0.381"/>
  <testcase name="testPerformExport(String)[1]" classname="org.jabref.logic.exporter.ModsExportFormatTestFiles" time="0.198"/>
  <testcase name="testPerformExport(String)[2]" classname="org.jabref.logic.exporter.ModsExportFormatTestFiles" time="0.196"/>
  <testcase name="testPerformExport(String)[3]" classname="org.jabref.logic.exporter.ModsExportFormatTestFiles" time="0.215"/>
  <testcase name="testPerformExport(String)[4]" classname="org.jabref.logic.exporter.ModsExportFormatTestFiles" time="0.202"/>
  <testcase name="testPerformExport(String)[5]" classname="org.jabref.logic.exporter.ModsExportFormatTestFiles" time="0.207"/>
  <system-out><![CDATA[/Users/Hedkrans/Desktop/CDATE4/SoftwareEngineering/Lab3/true/jabref/build/resources/test/org/jabref/logic/exporter
/Users/Hedkrans/Desktop/CDATE4/SoftwareEngineering/Lab3/true/jabref/build/resources/test/org/jabref/logic/exporter
/Users/Hedkrans/Desktop/CDATE4/SoftwareEngineering/Lab3/true/jabref/build/resources/test/org/jabref/logic/exporter
]]></system-out>
  <system-err><![CDATA[]]></system-err>
</testsuite>
