<?xml version="1.0" encoding="UTF-8"?>
<testsuite name="org.jabref.logic.importer.FulltextFetchersTest" tests="4" skipped="0" failures="0" errors="0" timestamp="2019-02-15T14:23:56" hostname="n184-p67.eduroam.kth.se" time="8.947">
  <properties/>
  <testcase name="rejectNonPdfUrls()" classname="org.jabref.logic.importer.FulltextFetchersTest" time="2.581"/>
  <testcase name="higherTrustLevelWins()" classname="org.jabref.logic.importer.FulltextFetchersTest" time="2.091"/>
  <testcase name="noTrustLevel()" classname="org.jabref.logic.importer.FulltextFetchersTest" time="2.238"/>
  <testcase name="acceptPdfUrls()" classname="org.jabref.logic.importer.FulltextFetchersTest" time="2.035"/>
  <system-out><![CDATA[15:23:59.398 [JabRef CachedThreadPool] WARN  org.apache.http.client.protocol.ResponseProcessCookies - Invalid cookie header: "Set-Cookie: has_recent_activity=1; path=/; expires=Fri, 15 Feb 2019 15:23:59 -0000". Invalid 'expires' attribute: Fri, 15 Feb 2019 15:23:59 -0000 -  
15:23:59.400 [JabRef CachedThreadPool] WARN  org.apache.http.client.protocol.ResponseProcessCookies - Invalid cookie header: "Set-Cookie: logged_in=no; domain=.github.com; path=/; expires=Tue, 15 Feb 2039 14:23:59 -0000; secure; HttpOnly". Invalid 'expires' attribute: Tue, 15 Feb 2039 14:23:59 -0000 -  
]]></system-out>
  <system-err><![CDATA[]]></system-err>
</testsuite>
