<?xml version="1.0" encoding="UTF-8"?>
<testsuite name="org.jabref.logic.bibtex.LatexFieldFormatterTests" tests="9" skipped="0" failures="0" errors="0" timestamp="2019-02-15T14:24:47" hostname="n184-p67.eduroam.kth.se" time="0.068">
  <properties/>
  <testcase name="hashEnclosedWordsGetRealStringsInMonthFieldBecauseMonthIsStandardField()" classname="org.jabref.logic.bibtex.LatexFieldFormatterTests" time="0.044"/>
  <testcase name="preserveNewlineInAbstractField()" classname="org.jabref.logic.bibtex.LatexFieldFormatterTests" time="0.003"/>
  <testcase name="tolerateEscapeCharacters()" classname="org.jabref.logic.bibtex.LatexFieldFormatterTests" time="0.003"/>
  <testcase name="preserveNewlineInReviewField()" classname="org.jabref.logic.bibtex.LatexFieldFormatterTests" time="0.002"/>
  <testcase name="tolerateBalancedBrace()" classname="org.jabref.logic.bibtex.LatexFieldFormatterTests" time="0.003"/>
  <testcase name="hashEnclosedWordsGetRealStringsInMonthField()" classname="org.jabref.logic.bibtex.LatexFieldFormatterTests" time="0.002"/>
  <testcase name="preserveMultipleNewlinesInAbstractField()" classname="org.jabref.logic.bibtex.LatexFieldFormatterTests" time="0.002"/>
  <testcase name="removeWhitespaceFromNonMultiLineFields()" classname="org.jabref.logic.bibtex.LatexFieldFormatterTests" time="0.002"/>
  <testcase name="normalizeNewlineInAbstractField()" classname="org.jabref.logic.bibtex.LatexFieldFormatterTests" time="0.002"/>
  <system-out><![CDATA[]]></system-out>
  <system-err><![CDATA[]]></system-err>
</testsuite>
