<?xml version="1.0" encoding="UTF-8"?>
<testsuite name="org.jabref.gui.groups.GroupNodeViewModelTest" tests="9" skipped="0" failures="0" errors="0" timestamp="2019-02-15T14:25:16" hostname="n184-p67.eduroam.kth.se" time="0.087">
  <properties/>
  <testcase name="entriesAreAddedCorrectly()" classname="org.jabref.gui.groups.GroupNodeViewModelTest" time="0.027"/>
  <testcase name="draggedOnTopOfGroupAddsBeforeIt()" classname="org.jabref.gui.groups.GroupNodeViewModelTest" time="0.007"/>
  <testcase name="treeOfAutomaticKeywordGroupIsCombined()" classname="org.jabref.gui.groups.GroupNodeViewModelTest" time="0.027"/>
  <testcase name="alwaysMatchedByEmptySearchString()" classname="org.jabref.gui.groups.GroupNodeViewModelTest" time="0.001"/>
  <testcase name="draggedOnBottomOfGroupAddsAfterItWhenSourceGroupWasBefore()" classname="org.jabref.gui.groups.GroupNodeViewModelTest" time="0.005"/>
  <testcase name="draggedOnBottomOfGroupAddsAfterIt()" classname="org.jabref.gui.groups.GroupNodeViewModelTest" time="0.005"/>
  <testcase name="isMatchedIfContainsPartOfSearchString()" classname="org.jabref.gui.groups.GroupNodeViewModelTest" time="0.004"/>
  <testcase name="getDisplayNameConvertsLatexToUnicode()" classname="org.jabref.gui.groups.GroupNodeViewModelTest" time="0.002"/>
  <testcase name="draggedOnTopOfGroupAddsBeforeItWhenSourceGroupWasBefore()" classname="org.jabref.gui.groups.GroupNodeViewModelTest" time="0.006"/>
  <system-out><![CDATA[]]></system-out>
  <system-err><![CDATA[]]></system-err>
</testsuite>
