<?xml version="1.0" encoding="UTF-8"?>
<testsuite name="org.jabref.logic.importer.fileformat.MsBibImporterTest" tests="7" skipped="0" failures="0" errors="0" timestamp="2019-02-15T14:24:14" hostname="n184-p67.eduroam.kth.se" time="0.027">
  <properties/>
  <testcase name="testImportEntriesNotRecognizedFormat()" classname="org.jabref.logic.importer.fileformat.MsBibImporterTest" time="0.008"/>
  <testcase name="testImportEntriesEmpty()" classname="org.jabref.logic.importer.fileformat.MsBibImporterTest" time="0.004"/>
  <testcase name="testsGetExtensions()" classname="org.jabref.logic.importer.fileformat.MsBibImporterTest" time="0.0"/>
  <testcase name="testGetDescription()" classname="org.jabref.logic.importer.fileformat.MsBibImporterTest" time="0.0"/>
  <testcase name="testIsNotRecognizedFormat()" classname="org.jabref.logic.importer.fileformat.MsBibImporterTest" time="0.012"/>
  <testcase name="testGetFormatName()" classname="org.jabref.logic.importer.fileformat.MsBibImporterTest" time="0.0"/>
  <testcase name="testGetCommandLineId()" classname="org.jabref.logic.importer.fileformat.MsBibImporterTest" time="0.001"/>
  <system-out><![CDATA[15:24:14.213 [Test worker] WARN  org.jabref.logic.msbib.MSBibDatabase - Could not parse document - org.xml.sax.SAXParseException; lineNumber: 2; columnNumber: 1; Content is not allowed in prolog.
	at com.sun.org.apache.xerces.internal.parsers.DOMParser.parse(DOMParser.java:257)
	at com.sun.org.apache.xerces.internal.jaxp.DocumentBuilderImpl.parse(DocumentBuilderImpl.java:339)
	at org.jabref.logic.msbib.MSBibDatabase.importEntriesFromXml(MSBibDatabase.java:75)
	at org.jabref.logic.importer.fileformat.MsBibImporter.importDatabase(MsBibImporter.java:77) 
]]></system-out>
  <system-err><![CDATA[[Fatal Error] :2:1: Content is not allowed in prolog.
]]></system-err>
</testsuite>
