<?xml version="1.0" encoding="UTF-8"?>
<testsuite name="org.jabref.model.groups.ExplicitGroupTest" tests="9" skipped="0" failures="0" errors="0" timestamp="2019-02-15T14:25:26" hostname="n184-p67.eduroam.kth.se" time="0.004">
  <properties/>
  <testcase name="containsMatchesPhraseWithBrackets()" classname="org.jabref.model.groups.ExplicitGroupTest" time="0.0"/>
  <testcase name="addSingleGroupToNonemptyBibEntryAppendsToGroupsField()" classname="org.jabref.model.groups.ExplicitGroupTest" time="0.001"/>
  <testcase name="removeDoesNotChangeFieldIfContainsNameAsPart()" classname="org.jabref.model.groups.ExplicitGroupTest" time="0.0"/>
  <testcase name="removeDoesNotChangeFieldIfContainsNameAsWord()" classname="org.jabref.model.groups.ExplicitGroupTest" time="0.001"/>
  <testcase name="containsOnlyMatchesCompletePhraseWithWhitespace()" classname="org.jabref.model.groups.ExplicitGroupTest" time="0.0"/>
  <testcase name="containsOnlyMatchesCompletePhraseWithSlash()" classname="org.jabref.model.groups.ExplicitGroupTest" time="0.001"/>
  <testcase name="addSingleGroupToEmptyBibEntryChangesGroupsField()" classname="org.jabref.model.groups.ExplicitGroupTest" time="0.0"/>
  <testcase name="addTwoGroupsToBibEntryChangesGroupsField()" classname="org.jabref.model.groups.ExplicitGroupTest" time="0.001"/>
  <testcase name="addDuplicateGroupDoesNotChangeGroupsField()" classname="org.jabref.model.groups.ExplicitGroupTest" time="0.0"/>
  <system-out><![CDATA[]]></system-out>
  <system-err><![CDATA[]]></system-err>
</testsuite>
