<?xml version="1.0" encoding="UTF-8"?>
<testsuite name="org.jabref.logic.remote.RemoteSetupTest" tests="7" skipped="1" failures="0" errors="0" timestamp="2019-02-15T14:25:12" hostname="n184-p67.eduroam.kth.se" time="0.129">
  <properties/>
  <testcase name="pingReturnsFalseForWrongServerListening()" classname="org.jabref.logic.remote.RemoteSetupTest" time="0.108"/>
  <testcase name="testGoodCase()" classname="org.jabref.logic.remote.RemoteSetupTest" time="0.004"/>
  <testcase name="testGoodCaseWithAllLifecycleMethods()" classname="org.jabref.logic.remote.RemoteSetupTest" time="0.004"/>
  <testcase name="testPortAlreadyInUse()" classname="org.jabref.logic.remote.RemoteSetupTest" time="0.006">
    <skipped/>
  </testcase>
  <testcase name="pingReturnsTrueWhenServerIsRunning()" classname="org.jabref.logic.remote.RemoteSetupTest" time="0.003"/>
  <testcase name="pingReturnsFalseForNoServerListening()" classname="org.jabref.logic.remote.RemoteSetupTest" time="0.001"/>
  <testcase name="testClientTimeout()" classname="org.jabref.logic.remote.RemoteSetupTest" time="0.001"/>
  <system-out><![CDATA[]]></system-out>
  <system-err><![CDATA[]]></system-err>
</testsuite>
