<?xml version="1.0" encoding="UTF-8"?>
<testsuite name="org.jabref.logic.layout.format.ReplaceTest" tests="6" skipped="0" failures="0" errors="0" timestamp="2019-02-15T14:24:25" hostname="n184-p67.eduroam.kth.se" time="0.003">
  <properties/>
  <testcase name="testSimpleText()" classname="org.jabref.logic.layout.format.ReplaceTest" time="0.001"/>
  <testcase name="testFormatNull()" classname="org.jabref.logic.layout.format.ReplaceTest" time="0.0"/>
  <testcase name="testNoProperArgument()" classname="org.jabref.logic.layout.format.ReplaceTest" time="0.0"/>
  <testcase name="testFormatEmpty()" classname="org.jabref.logic.layout.format.ReplaceTest" time="0.0"/>
  <testcase name="testNoArgumentSet()" classname="org.jabref.logic.layout.format.ReplaceTest" time="0.0"/>
  <testcase name="testSimpleTextNoHit()" classname="org.jabref.logic.layout.format.ReplaceTest" time="0.001"/>
  <system-out><![CDATA[]]></system-out>
  <system-err><![CDATA[]]></system-err>
</testsuite>
