<?xml version="1.0" encoding="UTF-8"?>
<testsuite name="org.jabref.logic.formatter.bibtexfields.RemoveNewlinesFormatterTest" tests="4" skipped="0" failures="0" errors="0" timestamp="2019-02-15T14:24:47" hostname="n184-p67.eduroam.kth.se" time="0.005">
  <properties/>
  <testcase name="removeLineFeed()" classname="org.jabref.logic.formatter.bibtexfields.RemoveNewlinesFormatterTest" time="0.001"/>
  <testcase name="removePlatformSpecificNewLine()" classname="org.jabref.logic.formatter.bibtexfields.RemoveNewlinesFormatterTest" time="0.001"/>
  <testcase name="removeCarriageReturn()" classname="org.jabref.logic.formatter.bibtexfields.RemoveNewlinesFormatterTest" time="0.001"/>
  <testcase name="removeCarriageReturnLineFeed()" classname="org.jabref.logic.formatter.bibtexfields.RemoveNewlinesFormatterTest" time="0.0"/>
  <system-out><![CDATA[]]></system-out>
  <system-err><![CDATA[]]></system-err>
</testsuite>
