<?xml version="1.0" encoding="UTF-8"?>
<testsuite name="org.jabref.logic.layout.format.RemoveWhitespaceTest" tests="5" skipped="0" failures="0" errors="0" timestamp="2019-02-15T14:24:25" hostname="n184-p67.eduroam.kth.se" time="0.002">
  <properties/>
  <testcase name="testTab()" classname="org.jabref.logic.layout.format.RemoveWhitespaceTest" time="0.001"/>
  <testcase name="testNewLineCombo()" classname="org.jabref.logic.layout.format.RemoveWhitespaceTest" time="0.0"/>
  <testcase name="testNullExpectNull()" classname="org.jabref.logic.layout.format.RemoveWhitespaceTest" time="0.0"/>
  <testcase name="testEmptyExpectEmpty()" classname="org.jabref.logic.layout.format.RemoveWhitespaceTest" time="0.0"/>
  <testcase name="testNormal()" classname="org.jabref.logic.layout.format.RemoveWhitespaceTest" time="0.0"/>
  <system-out><![CDATA[]]></system-out>
  <system-err><![CDATA[]]></system-err>
</testsuite>
