<?xml version="1.0" encoding="UTF-8"?>
<testsuite name="org.jabref.cleanup.CleanupActionsListModelTest" tests="5" skipped="0" failures="0" errors="0" timestamp="2019-02-15T14:25:15" hostname="n184-p67.eduroam.kth.se" time="0.033">
  <properties/>
  <testcase name="removedAtIndexMinus1DoesNothing()" classname="org.jabref.cleanup.CleanupActionsListModelTest" time="0.01"/>
  <testcase name="removedAtIndexOkay()" classname="org.jabref.cleanup.CleanupActionsListModelTest" time="0.002"/>
  <testcase name="removedAtIndexgreaterListSizeDoesNothing()" classname="org.jabref.cleanup.CleanupActionsListModelTest" time="0.0"/>
  <testcase name="resetFiresItemsChanged()" classname="org.jabref.cleanup.CleanupActionsListModelTest" time="0.016"/>
  <testcase name="resetSetsFormattersToPassedList()" classname="org.jabref.cleanup.CleanupActionsListModelTest" time="0.003"/>
  <system-out><![CDATA[]]></system-out>
  <system-err><![CDATA[]]></system-err>
</testsuite>
