<?xml version="1.0" encoding="UTF-8"?>
<testsuite name="org.jabref.logic.bst.BibtexNameFormatterTest" tests="4" skipped="0" failures="0" errors="0" timestamp="2019-02-15T14:25:13" hostname="n184-p67.eduroam.kth.se" time="0.005">
  <properties/>
  <testcase name="testConsumeToMatchingBrace()" classname="org.jabref.logic.bst.BibtexNameFormatterTest" time="0.0"/>
  <testcase name="testFormatName()" classname="org.jabref.logic.bst.BibtexNameFormatterTest" time="0.004"/>
  <testcase name="testGetFirstCharOfString()" classname="org.jabref.logic.bst.BibtexNameFormatterTest" time="0.0"/>
  <testcase name="testNumberOfChars()" classname="org.jabref.logic.bst.BibtexNameFormatterTest" time="0.0"/>
  <system-out><![CDATA[]]></system-out>
  <system-err><![CDATA[]]></system-err>
</testsuite>
