<?xml version="1.0" encoding="UTF-8"?>
<testsuite name="org.jabref.migrations.ConvertMarkingToGroupsTest" tests="1" skipped="0" failures="0" errors="0" timestamp="2019-02-15T14:23:39" hostname="n184-p67.eduroam.kth.se" time="0.245">
  <properties/>
  <testcase name="performMigrationForSingleEntry()" classname="org.jabref.migrations.ConvertMarkingToGroupsTest" time="0.245"/>
  <system-out><![CDATA[]]></system-out>
  <system-err><![CDATA[]]></system-err>
</testsuite>
