<?xml version="1.0" encoding="UTF-8"?>
<testsuite name="org.jabref.gui.util.FileDialogConfigurationTest" tests="6" skipped="0" failures="0" errors="0" timestamp="2019-02-15T14:25:15" hostname="n184-p67.eduroam.kth.se" time="0.007">
  <properties/>
  <testcase name="testWithNullStringDirectory()" classname="org.jabref.gui.util.FileDialogConfigurationTest" time="0.001"/>
  <testcase name="testWithValidDirectoryString(Path)" classname="org.jabref.gui.util.FileDialogConfigurationTest" time="0.001"/>
  <testcase name="testWithNonExistingDirectoryAndParentNull()" classname="org.jabref.gui.util.FileDialogConfigurationTest" time="0.0"/>
  <testcase name="testSingleExtension()" classname="org.jabref.gui.util.FileDialogConfigurationTest" time="0.002"/>
  <testcase name="testWithNullPathDirectory()" classname="org.jabref.gui.util.FileDialogConfigurationTest" time="0.001"/>
  <testcase name="testWithValidDirectoryPath(Path)" classname="org.jabref.gui.util.FileDialogConfigurationTest" time="0.001"/>
  <system-out><![CDATA[]]></system-out>
  <system-err><![CDATA[]]></system-err>
</testsuite>
