<?xml version="1.0" encoding="UTF-8"?>
<testsuite name="org.jabref.logic.layout.format.OrdinalTest" tests="7" skipped="0" failures="0" errors="0" timestamp="2019-02-15T14:24:25" hostname="n184-p67.eduroam.kth.se" time="0.002">
  <properties/>
  <testcase name="testMultiDigits()" classname="org.jabref.logic.layout.format.OrdinalTest" time="0.0"/>
  <testcase name="testEmpty()" classname="org.jabref.logic.layout.format.OrdinalTest" time="0.0"/>
  <testcase name="testNull()" classname="org.jabref.logic.layout.format.OrdinalTest" time="0.0"/>
  <testcase name="testAlreadyOrdinals()" classname="org.jabref.logic.layout.format.OrdinalTest" time="0.0"/>
  <testcase name="testLetters()" classname="org.jabref.logic.layout.format.OrdinalTest" time="0.0"/>
  <testcase name="testFullSentence()" classname="org.jabref.logic.layout.format.OrdinalTest" time="0.0"/>
  <testcase name="testSingleDigit()" classname="org.jabref.logic.layout.format.OrdinalTest" time="0.0"/>
  <system-out><![CDATA[]]></system-out>
  <system-err><![CDATA[]]></system-err>
</testsuite>
