<?xml version="1.0" encoding="UTF-8"?>
<testsuite name="org.jabref.logic.openoffice.StyleLoaderTest" tests="16" skipped="0" failures="0" errors="0" timestamp="2019-02-15T14:25:12" hostname="n184-p67.eduroam.kth.se" time="0.455">
  <properties/>
  <testcase name="testRemoveInternalStyleReturnsFalseAndDoNotRemove()" classname="org.jabref.logic.openoffice.StyleLoaderTest" time="0.074"/>
  <testcase name="testInitalizeWithOneExternalFile()" classname="org.jabref.logic.openoffice.StyleLoaderTest" time="0.042"/>
  <testcase name="testGetStoredUsedStyle()" classname="org.jabref.logic.openoffice.StyleLoaderTest" time="0.028"/>
  <testcase name="throwNPEWithNullPreferences()" classname="org.jabref.logic.openoffice.StyleLoaderTest" time="0.001"/>
  <testcase name="testAddStyleLeadsToOneMoreStyle()" classname="org.jabref.logic.openoffice.StyleLoaderTest" time="0.038"/>
  <testcase name="testAddNullStyleThrowsNPE()" classname="org.jabref.logic.openoffice.StyleLoaderTest" time="0.021"/>
  <testcase name="testAddInvalidStyleLeadsToNoMoreStyle()" classname="org.jabref.logic.openoffice.StyleLoaderTest" time="0.022"/>
  <testcase name="testGetDefaultUsedStyleWhenEmpty()" classname="org.jabref.logic.openoffice.StyleLoaderTest" time="0.023"/>
  <testcase name="testGetDefaultUsedStyleWhenIncorrect()" classname="org.jabref.logic.openoffice.StyleLoaderTest" time="0.03"/>
  <testcase name="throwNPEWithNullLayoutPreferences()" classname="org.jabref.logic.openoffice.StyleLoaderTest" time="0.001"/>
  <testcase name="throwNPEWithNullCharset()" classname="org.jabref.logic.openoffice.StyleLoaderTest" time="0.001"/>
  <testcase name="testInitalizeWithOneExternalFileRemoveStyleUpdatesPreferences()" classname="org.jabref.logic.openoffice.StyleLoaderTest" time="0.036"/>
  <testcase name="testGetStylesWithEmptyExternal()" classname="org.jabref.logic.openoffice.StyleLoaderTest" time="0.023"/>
  <testcase name="testInitalizeWithOneExternalFileRemoveStyle()" classname="org.jabref.logic.openoffice.StyleLoaderTest" time="0.035"/>
  <testcase name="testInitalizeWithIncorrectExternalFile()" classname="org.jabref.logic.openoffice.StyleLoaderTest" time="0.022"/>
  <testcase name="testAddSameStyleTwiceLeadsToOneMoreStyle()" classname="org.jabref.logic.openoffice.StyleLoaderTest" time="0.053"/>
  <system-out><![CDATA[15:25:12.613 [Test worker] INFO  org.jabref.logic.openoffice.StyleLoader - Cannot find external style file DefinitelyNotAValidFileNameOrWeAreExtremelyUnlucky - java.io.FileNotFoundException: DefinitelyNotAValidFileNameOrWeAreExtremelyUnlucky (No such file or directory)
	at java.io.FileInputStream.open0(Native Method)
	at java.io.FileInputStream.open(FileInputStream.java:195)
	at java.io.FileInputStream.<init>(FileInputStream.java:138)
	at org.jabref.logic.openoffice.OOBibStyle.reload(OOBibStyle.java:247) 
15:25:12.841 [Test worker] INFO  org.jabref.logic.openoffice.StyleLoader - External style file /Users/Hedkrans/Desktop/CDATE4/SoftwareEngineering/Lab3/true/jabref/build/resources/main/resource/openoffice/default_authoryear.jstyle already existing. -  
]]></system-out>
  <system-err><![CDATA[]]></system-err>
</testsuite>
