<?xml version="1.0" encoding="UTF-8"?>
<testsuite name="org.jabref.logic.integrity.PersonNamesCheckerTest" tests="8" skipped="0" failures="0" errors="0" timestamp="2019-02-15T14:24:48" hostname="n184-p67.eduroam.kth.se" time="0.004">
  <properties/>
  <testcase name="validFirstnameNameAuthors()" classname="org.jabref.logic.integrity.PersonNamesCheckerTest" time="0.0"/>
  <testcase name="doNotComplainAboutSecondNameInFront()" classname="org.jabref.logic.integrity.PersonNamesCheckerTest" time="0.001"/>
  <testcase name="validFirstnameNameAuthor()" classname="org.jabref.logic.integrity.PersonNamesCheckerTest" time="0.0"/>
  <testcase name="validNameFirstnameAuthor()" classname="org.jabref.logic.integrity.PersonNamesCheckerTest" time="0.0"/>
  <testcase name="validCorporateNameAndPerson()" classname="org.jabref.logic.integrity.PersonNamesCheckerTest" time="0.0"/>
  <testcase name="validCorporateNameInBrackets()" classname="org.jabref.logic.integrity.PersonNamesCheckerTest" time="0.001"/>
  <testcase name="complainAboutPersonStringWithTwoManyCommas()" classname="org.jabref.logic.integrity.PersonNamesCheckerTest" time="0.0"/>
  <testcase name="validNameFirstnameAuthors()" classname="org.jabref.logic.integrity.PersonNamesCheckerTest" time="0.001"/>
  <system-out><![CDATA[]]></system-out>
  <system-err><![CDATA[]]></system-err>
</testsuite>
