<?xml version="1.0" encoding="UTF-8"?>
<testsuite name="org.jabref.logic.remote.RemoteUtilTest" tests="4" skipped="0" failures="0" errors="0" timestamp="2019-02-15T14:25:13" hostname="n184-p67.eduroam.kth.se" time="0.002">
  <properties/>
  <testcase name="rejectPortsAbove16Bits()" classname="org.jabref.logic.remote.RemoteUtilTest" time="0.0"/>
  <testcase name="rejectReservedSystemPorts()" classname="org.jabref.logic.remote.RemoteUtilTest" time="0.0"/>
  <testcase name="acceptPortsAboveSystemPorts()" classname="org.jabref.logic.remote.RemoteUtilTest" time="0.0"/>
  <testcase name="rejectPortNumberBelowZero()" classname="org.jabref.logic.remote.RemoteUtilTest" time="0.001"/>
  <system-out><![CDATA[]]></system-out>
  <system-err><![CDATA[]]></system-err>
</testsuite>
