<?xml version="1.0" encoding="UTF-8"?>
<testsuite name="org.jabref.gui.entryeditor.SourceTabTest" tests="1" skipped="0" failures="0" errors="0" timestamp="2019-02-15T14:25:20" hostname="n184-p67.eduroam.kth.se" time="5.06">
  <properties/>
  <testcase name="switchingFromSourceTabDoesNotThrowException(FxRobot)" classname="org.jabref.gui.entryeditor.SourceTabTest" time="5.06"/>
  <system-out><![CDATA[]]></system-out>
  <system-err><![CDATA[]]></system-err>
</testsuite>
