<?xml version="1.0" encoding="UTF-8"?>
<testsuite name="org.jabref.logic.layout.format.AuthorsTest" tests="19" skipped="0" failures="0" errors="0" timestamp="2019-02-15T14:24:25" hostname="n184-p67.eduroam.kth.se" time="0.014">
  <properties/>
  <testcase name="testSpecialEtAl()" classname="org.jabref.logic.layout.format.AuthorsTest" time="0.004"/>
  <testcase name="testEtAl()" classname="org.jabref.logic.layout.format.AuthorsTest" time="0.001"/>
  <testcase name="testStandardUsageThree()" classname="org.jabref.logic.layout.format.AuthorsTest" time="0.0"/>
  <testcase name="testEmptyEtAl()" classname="org.jabref.logic.layout.format.AuthorsTest" time="0.001"/>
  <testcase name="testLastName()" classname="org.jabref.logic.layout.format.AuthorsTest" time="0.0"/>
  <testcase name="testStandardUsageOne()" classname="org.jabref.logic.layout.format.AuthorsTest" time="0.001"/>
  <testcase name="testStandardUsageSix()" classname="org.jabref.logic.layout.format.AuthorsTest" time="0.0"/>
  <testcase name="testStandardUsageTwo()" classname="org.jabref.logic.layout.format.AuthorsTest" time="0.0"/>
  <testcase name="testStandardCommaFullName()" classname="org.jabref.logic.layout.format.AuthorsTest" time="0.001"/>
  <testcase name="testStandardUsage()" classname="org.jabref.logic.layout.format.AuthorsTest" time="0.0"/>
  <testcase name="testEtAlNotEnoughAuthors()" classname="org.jabref.logic.layout.format.AuthorsTest" time="0.0"/>
  <testcase name="testMiddleInitial()" classname="org.jabref.logic.layout.format.AuthorsTest" time="0.0"/>
  <testcase name="testStandardOxford()" classname="org.jabref.logic.layout.format.AuthorsTest" time="0.0"/>
  <testcase name="testNoPeriod()" classname="org.jabref.logic.layout.format.AuthorsTest" time="0.001"/>
  <testcase name="testStandardOxfordFullName()" classname="org.jabref.logic.layout.format.AuthorsTest" time="0.0"/>
  <testcase name="testStandardAmpFullName()" classname="org.jabref.logic.layout.format.AuthorsTest" time="0.0"/>
  <testcase name="testStandardUsageFive()" classname="org.jabref.logic.layout.format.AuthorsTest" time="0.0"/>
  <testcase name="testStandardUsageFour()" classname="org.jabref.logic.layout.format.AuthorsTest" time="0.0"/>
  <testcase name="testStandardUsageNull()" classname="org.jabref.logic.layout.format.AuthorsTest" time="0.0"/>
  <system-out><![CDATA[]]></system-out>
  <system-err><![CDATA[]]></system-err>
</testsuite>
