<?xml version="1.0" encoding="UTF-8"?>
<testsuite name="org.jabref.logic.integrity.BracesCorrectorTest" tests="7" skipped="0" failures="0" errors="0" timestamp="2019-02-15T14:24:48" hostname="n184-p67.eduroam.kth.se" time="0.009">
  <properties/>
  <testcase name="inputWithoutBraces()" classname="org.jabref.logic.integrity.BracesCorrectorTest" time="0.005"/>
  <testcase name="inputIsEmpty()" classname="org.jabref.logic.integrity.BracesCorrectorTest" time="0.0"/>
  <testcase name="inputMissingOpening()" classname="org.jabref.logic.integrity.BracesCorrectorTest" time="0.001"/>
  <testcase name="inputIsNull()" classname="org.jabref.logic.integrity.BracesCorrectorTest" time="0.0"/>
  <testcase name="inputMissingClosing()" classname="org.jabref.logic.integrity.BracesCorrectorTest" time="0.001"/>
  <testcase name="inputWithMaskedBraces()" classname="org.jabref.logic.integrity.BracesCorrectorTest" time="0.0"/>
  <testcase name="inputWithMixedBraces()" classname="org.jabref.logic.integrity.BracesCorrectorTest" time="0.001"/>
  <system-out><![CDATA[]]></system-out>
  <system-err><![CDATA[]]></system-err>
</testsuite>
