<?xml version="1.0" encoding="UTF-8"?>
<testsuite name="org.jabref.logic.importer.fileformat.PdfContentImporterTest" tests="4" skipped="0" failures="0" errors="0" timestamp="2019-02-15T14:24:07" hostname="n184-p67.eduroam.kth.se" time="0.87">
  <properties/>
  <testcase name="testsGetExtensions()" classname="org.jabref.logic.importer.fileformat.PdfContentImporterTest" time="0.001"/>
  <testcase name="testGetDescription()" classname="org.jabref.logic.importer.fileformat.PdfContentImporterTest" time="0.0"/>
  <testcase name="doesNotHandleEncryptedPdfs()" classname="org.jabref.logic.importer.fileformat.PdfContentImporterTest" time="0.065"/>
  <testcase name="importTwiceWorksAsExpected()" classname="org.jabref.logic.importer.fileformat.PdfContentImporterTest" time="0.804"/>
  <system-out><![CDATA[]]></system-out>
  <system-err><![CDATA[]]></system-err>
</testsuite>
