<?xml version="1.0" encoding="UTF-8"?>
<testsuite name="org.jabref.logic.importer.WebFetchersTest" tests="5" skipped="0" failures="0" errors="0" timestamp="2019-02-15T14:23:55" hostname="n184-p67.eduroam.kth.se" time="1.599">
  <properties/>
  <testcase name="getSearchBasedFetchersReturnsAllFetcherDerivingFromSearchBasedFetcher()" classname="org.jabref.logic.importer.WebFetchersTest" time="0.023"/>
  <testcase name="getIdBasedFetchersReturnsAllFetcherDerivingFromIdBasedFetcher()" classname="org.jabref.logic.importer.WebFetchersTest" time="0.008"/>
  <testcase name="getEntryBasedFetchersReturnsAllFetcherDerivingFromEntryBasedFetcher()" classname="org.jabref.logic.importer.WebFetchersTest" time="0.001"/>
  <testcase name="getFullTextFetchersReturnsAllFetcherDerivingFromFullTextFetcher()" classname="org.jabref.logic.importer.WebFetchersTest" time="0.007"/>
  <testcase name="getIdFetchersReturnsAllFetcherDerivingFromIdFetcher()" classname="org.jabref.logic.importer.WebFetchersTest" time="0.001"/>
  <system-out><![CDATA[]]></system-out>
  <system-err><![CDATA[]]></system-err>
</testsuite>
