<?xml version="1.0" encoding="UTF-8"?>
<testsuite name="org.jabref.logic.bst.BibtexWidthTest" tests="2" skipped="0" failures="0" errors="0" timestamp="2019-02-15T14:25:13" hostname="n184-p67.eduroam.kth.se" time="0.003">
  <properties/>
  <testcase name="testGetCharWidth()" classname="org.jabref.logic.bst.BibtexWidthTest" time="0.002"/>
  <testcase name="testWidth()" classname="org.jabref.logic.bst.BibtexWidthTest" time="0.001"/>
  <system-out><![CDATA[]]></system-out>
  <system-err><![CDATA[]]></system-err>
</testsuite>
