<?xml version="1.0" encoding="UTF-8"?>
<testsuite name="org.jabref.logic.importer.fileformat.OvidImporterTest" tests="210" skipped="0" failures="0" errors="0" timestamp="2019-02-15T14:24:22" hostname="n184-p67.eduroam.kth.se" time="0.253">
  <properties/>
  <testcase name="testGetCLIId()" classname="org.jabref.logic.importer.fileformat.OvidImporterTest" time="0.001"/>
  <testcase name="testsGetExtensions()" classname="org.jabref.logic.importer.fileformat.OvidImporterTest" time="0.0"/>
  <testcase name="testGetDescription()" classname="org.jabref.logic.importer.fileformat.OvidImporterTest" time="0.0"/>
  <testcase name="testImportEmpty()" classname="org.jabref.logic.importer.fileformat.OvidImporterTest" time="0.002"/>
  <testcase name="testIsRecognizedFormatAccept(String)[1]" classname="org.jabref.logic.importer.fileformat.OvidImporterTest" time="0.0"/>
  <testcase name="testIsRecognizedFormatAccept(String)[2]" classname="org.jabref.logic.importer.fileformat.OvidImporterTest" time="0.001"/>
  <testcase name="testIsRecognizedFormatAccept(String)[3]" classname="org.jabref.logic.importer.fileformat.OvidImporterTest" time="0.001"/>
  <testcase name="testIsRecognizedFormatAccept(String)[4]" classname="org.jabref.logic.importer.fileformat.OvidImporterTest" time="0.001"/>
  <testcase name="testIsRecognizedFormatAccept(String)[5]" classname="org.jabref.logic.importer.fileformat.OvidImporterTest" time="0.0"/>
  <testcase name="testIsRecognizedFormatAccept(String)[6]" classname="org.jabref.logic.importer.fileformat.OvidImporterTest" time="0.0"/>
  <testcase name="testImportEntries1()" classname="org.jabref.logic.importer.fileformat.OvidImporterTest" time="0.003"/>
  <testcase name="testImportEntries2()" classname="org.jabref.logic.importer.fileformat.OvidImporterTest" time="0.001"/>
  <testcase name="testImportSingleEntries()" classname="org.jabref.logic.importer.fileformat.OvidImporterTest" time="0.021"/>
  <testcase name="testGetFormatName()" classname="org.jabref.logic.importer.fileformat.OvidImporterTest" time="0.0"/>
  <testcase name="testIsRecognizedFormatRejected(String)[1]" classname="org.jabref.logic.importer.fileformat.OvidImporterTest" time="0.001"/>
  <testcase name="testIsRecognizedFormatRejected(String)[2]" classname="org.jabref.logic.importer.fileformat.OvidImporterTest" time="0.001"/>
  <testcase name="testIsRecognizedFormatRejected(String)[3]" classname="org.jabref.logic.importer.fileformat.OvidImporterTest" time="0.0"/>
  <testcase name="testIsRecognizedFormatRejected(String)[4]" classname="org.jabref.logic.importer.fileformat.OvidImporterTest" time="0.001"/>
  <testcase name="testIsRecognizedFormatRejected(String)[5]" classname="org.jabref.logic.importer.fileformat.OvidImporterTest" time="0.004"/>
  <testcase name="testIsRecognizedFormatRejected(String)[6]" classname="org.jabref.logic.importer.fileformat.OvidImporterTest" time="0.001"/>
  <testcase name="testIsRecognizedFormatRejected(String)[7]" classname="org.jabref.logic.importer.fileformat.OvidImporterTest" time="0.001"/>
  <testcase name="testIsRecognizedFormatRejected(String)[8]" classname="org.jabref.logic.importer.fileformat.OvidImporterTest" time="0.0"/>
  <testcase name="testIsRecognizedFormatRejected(String)[9]" classname="org.jabref.logic.importer.fileformat.OvidImporterTest" time="0.0"/>
  <testcase name="testIsRecognizedFormatRejected(String)[10]" classname="org.jabref.logic.importer.fileformat.OvidImporterTest" time="0.0"/>
  <testcase name="testIsRecognizedFormatRejected(String)[11]" classname="org.jabref.logic.importer.fileformat.OvidImporterTest" time="0.001"/>
  <testcase name="testIsRecognizedFormatRejected(String)[12]" classname="org.jabref.logic.importer.fileformat.OvidImporterTest" time="0.001"/>
  <testcase name="testIsRecognizedFormatRejected(String)[13]" classname="org.jabref.logic.importer.fileformat.OvidImporterTest" time="0.0"/>
  <testcase name="testIsRecognizedFormatRejected(String)[14]" classname="org.jabref.logic.importer.fileformat.OvidImporterTest" time="0.001"/>
  <testcase name="testIsRecognizedFormatRejected(String)[15]" classname="org.jabref.logic.importer.fileformat.OvidImporterTest" time="0.0"/>
  <testcase name="testIsRecognizedFormatRejected(String)[16]" classname="org.jabref.logic.importer.fileformat.OvidImporterTest" time="0.001"/>
  <testcase name="testIsRecognizedFormatRejected(String)[17]" classname="org.jabref.logic.importer.fileformat.OvidImporterTest" time="0.001"/>
  <testcase name="testIsRecognizedFormatRejected(String)[18]" classname="org.jabref.logic.importer.fileformat.OvidImporterTest" time="0.001"/>
  <testcase name="testIsRecognizedFormatRejected(String)[19]" classname="org.jabref.logic.importer.fileformat.OvidImporterTest" time="0.001"/>
  <testcase name="testIsRecognizedFormatRejected(String)[20]" classname="org.jabref.logic.importer.fileformat.OvidImporterTest" time="0.001"/>
  <testcase name="testIsRecognizedFormatRejected(String)[21]" classname="org.jabref.logic.importer.fileformat.OvidImporterTest" time="0.001"/>
  <testcase name="testIsRecognizedFormatRejected(String)[22]" classname="org.jabref.logic.importer.fileformat.OvidImporterTest" time="0.001"/>
  <testcase name="testIsRecognizedFormatRejected(String)[23]" classname="org.jabref.logic.importer.fileformat.OvidImporterTest" time="0.001"/>
  <testcase name="testIsRecognizedFormatRejected(String)[24]" classname="org.jabref.logic.importer.fileformat.OvidImporterTest" time="0.001"/>
  <testcase name="testIsRecognizedFormatRejected(String)[25]" classname="org.jabref.logic.importer.fileformat.OvidImporterTest" time="0.0"/>
  <testcase name="testIsRecognizedFormatRejected(String)[26]" classname="org.jabref.logic.importer.fileformat.OvidImporterTest" time="0.001"/>
  <testcase name="testIsRecognizedFormatRejected(String)[27]" classname="org.jabref.logic.importer.fileformat.OvidImporterTest" time="0.001"/>
  <testcase name="testIsRecognizedFormatRejected(String)[28]" classname="org.jabref.logic.importer.fileformat.OvidImporterTest" time="0.0"/>
  <testcase name="testIsRecognizedFormatRejected(String)[29]" classname="org.jabref.logic.importer.fileformat.OvidImporterTest" time="0.001"/>
  <testcase name="testIsRecognizedFormatRejected(String)[30]" classname="org.jabref.logic.importer.fileformat.OvidImporterTest" time="0.001"/>
  <testcase name="testIsRecognizedFormatRejected(String)[31]" classname="org.jabref.logic.importer.fileformat.OvidImporterTest" time="0.001"/>
  <testcase name="testIsRecognizedFormatRejected(String)[32]" classname="org.jabref.logic.importer.fileformat.OvidImporterTest" time="0.001"/>
  <testcase name="testIsRecognizedFormatRejected(String)[33]" classname="org.jabref.logic.importer.fileformat.OvidImporterTest" time="0.001"/>
  <testcase name="testIsRecognizedFormatRejected(String)[34]" classname="org.jabref.logic.importer.fileformat.OvidImporterTest" time="0.001"/>
  <testcase name="testIsRecognizedFormatRejected(String)[35]" classname="org.jabref.logic.importer.fileformat.OvidImporterTest" time="0.0"/>
  <testcase name="testIsRecognizedFormatRejected(String)[36]" classname="org.jabref.logic.importer.fileformat.OvidImporterTest" time="0.001"/>
  <testcase name="testIsRecognizedFormatRejected(String)[37]" classname="org.jabref.logic.importer.fileformat.OvidImporterTest" time="0.001"/>
  <testcase name="testIsRecognizedFormatRejected(String)[38]" classname="org.jabref.logic.importer.fileformat.OvidImporterTest" time="0.0"/>
  <testcase name="testIsRecognizedFormatRejected(String)[39]" classname="org.jabref.logic.importer.fileformat.OvidImporterTest" time="0.001"/>
  <testcase name="testIsRecognizedFormatRejected(String)[40]" classname="org.jabref.logic.importer.fileformat.OvidImporterTest" time="0.0"/>
  <testcase name="testIsRecognizedFormatRejected(String)[41]" classname="org.jabref.logic.importer.fileformat.OvidImporterTest" time="0.001"/>
  <testcase name="testIsRecognizedFormatRejected(String)[42]" classname="org.jabref.logic.importer.fileformat.OvidImporterTest" time="0.0"/>
  <testcase name="testIsRecognizedFormatRejected(String)[43]" classname="org.jabref.logic.importer.fileformat.OvidImporterTest" time="0.0"/>
  <testcase name="testIsRecognizedFormatRejected(String)[44]" classname="org.jabref.logic.importer.fileformat.OvidImporterTest" time="0.0"/>
  <testcase name="testIsRecognizedFormatRejected(String)[45]" classname="org.jabref.logic.importer.fileformat.OvidImporterTest" time="0.001"/>
  <testcase name="testIsRecognizedFormatRejected(String)[46]" classname="org.jabref.logic.importer.fileformat.OvidImporterTest" time="0.0"/>
  <testcase name="testIsRecognizedFormatRejected(String)[47]" classname="org.jabref.logic.importer.fileformat.OvidImporterTest" time="0.0"/>
  <testcase name="testIsRecognizedFormatRejected(String)[48]" classname="org.jabref.logic.importer.fileformat.OvidImporterTest" time="0.001"/>
  <testcase name="testIsRecognizedFormatRejected(String)[49]" classname="org.jabref.logic.importer.fileformat.OvidImporterTest" time="0.0"/>
  <testcase name="testIsRecognizedFormatRejected(String)[50]" classname="org.jabref.logic.importer.fileformat.OvidImporterTest" time="0.001"/>
  <testcase name="testIsRecognizedFormatRejected(String)[51]" classname="org.jabref.logic.importer.fileformat.OvidImporterTest" time="0.0"/>
  <testcase name="testIsRecognizedFormatRejected(String)[52]" classname="org.jabref.logic.importer.fileformat.OvidImporterTest" time="0.0"/>
  <testcase name="testIsRecognizedFormatRejected(String)[53]" classname="org.jabref.logic.importer.fileformat.OvidImporterTest" time="0.001"/>
  <testcase name="testIsRecognizedFormatRejected(String)[54]" classname="org.jabref.logic.importer.fileformat.OvidImporterTest" time="0.001"/>
  <testcase name="testIsRecognizedFormatRejected(String)[55]" classname="org.jabref.logic.importer.fileformat.OvidImporterTest" time="0.001"/>
  <testcase name="testIsRecognizedFormatRejected(String)[56]" classname="org.jabref.logic.importer.fileformat.OvidImporterTest" time="0.001"/>
  <testcase name="testIsRecognizedFormatRejected(String)[57]" classname="org.jabref.logic.importer.fileformat.OvidImporterTest" time="0.0"/>
  <testcase name="testIsRecognizedFormatRejected(String)[58]" classname="org.jabref.logic.importer.fileformat.OvidImporterTest" time="0.0"/>
  <testcase name="testIsRecognizedFormatRejected(String)[59]" classname="org.jabref.logic.importer.fileformat.OvidImporterTest" time="0.0"/>
  <testcase name="testIsRecognizedFormatRejected(String)[60]" classname="org.jabref.logic.importer.fileformat.OvidImporterTest" time="0.0"/>
  <testcase name="testIsRecognizedFormatRejected(String)[61]" classname="org.jabref.logic.importer.fileformat.OvidImporterTest" time="0.0"/>
  <testcase name="testIsRecognizedFormatRejected(String)[62]" classname="org.jabref.logic.importer.fileformat.OvidImporterTest" time="0.0"/>
  <testcase name="testIsRecognizedFormatRejected(String)[63]" classname="org.jabref.logic.importer.fileformat.OvidImporterTest" time="0.001"/>
  <testcase name="testIsRecognizedFormatRejected(String)[64]" classname="org.jabref.logic.importer.fileformat.OvidImporterTest" time="0.0"/>
  <testcase name="testIsRecognizedFormatRejected(String)[65]" classname="org.jabref.logic.importer.fileformat.OvidImporterTest" time="0.0"/>
  <testcase name="testIsRecognizedFormatRejected(String)[66]" classname="org.jabref.logic.importer.fileformat.OvidImporterTest" time="0.001"/>
  <testcase name="testIsRecognizedFormatRejected(String)[67]" classname="org.jabref.logic.importer.fileformat.OvidImporterTest" time="0.001"/>
  <testcase name="testIsRecognizedFormatRejected(String)[68]" classname="org.jabref.logic.importer.fileformat.OvidImporterTest" time="0.0"/>
  <testcase name="testIsRecognizedFormatRejected(String)[69]" classname="org.jabref.logic.importer.fileformat.OvidImporterTest" time="0.0"/>
  <testcase name="testIsRecognizedFormatRejected(String)[70]" classname="org.jabref.logic.importer.fileformat.OvidImporterTest" time="0.0"/>
  <testcase name="testIsRecognizedFormatRejected(String)[71]" classname="org.jabref.logic.importer.fileformat.OvidImporterTest" time="0.001"/>
  <testcase name="testIsRecognizedFormatRejected(String)[72]" classname="org.jabref.logic.importer.fileformat.OvidImporterTest" time="0.001"/>
  <testcase name="testIsRecognizedFormatRejected(String)[73]" classname="org.jabref.logic.importer.fileformat.OvidImporterTest" time="0.001"/>
  <testcase name="testIsRecognizedFormatRejected(String)[74]" classname="org.jabref.logic.importer.fileformat.OvidImporterTest" time="0.0"/>
  <testcase name="testIsRecognizedFormatRejected(String)[75]" classname="org.jabref.logic.importer.fileformat.OvidImporterTest" time="0.0"/>
  <testcase name="testIsRecognizedFormatRejected(String)[76]" classname="org.jabref.logic.importer.fileformat.OvidImporterTest" time="0.001"/>
  <testcase name="testIsRecognizedFormatRejected(String)[77]" classname="org.jabref.logic.importer.fileformat.OvidImporterTest" time="0.0"/>
  <testcase name="testIsRecognizedFormatRejected(String)[78]" classname="org.jabref.logic.importer.fileformat.OvidImporterTest" time="0.0"/>
  <testcase name="testIsRecognizedFormatRejected(String)[79]" classname="org.jabref.logic.importer.fileformat.OvidImporterTest" time="0.001"/>
  <testcase name="testIsRecognizedFormatRejected(String)[80]" classname="org.jabref.logic.importer.fileformat.OvidImporterTest" time="0.001"/>
  <testcase name="testIsRecognizedFormatRejected(String)[81]" classname="org.jabref.logic.importer.fileformat.OvidImporterTest" time="0.0"/>
  <testcase name="testIsRecognizedFormatRejected(String)[82]" classname="org.jabref.logic.importer.fileformat.OvidImporterTest" time="0.0"/>
  <testcase name="testIsRecognizedFormatRejected(String)[83]" classname="org.jabref.logic.importer.fileformat.OvidImporterTest" time="0.0"/>
  <testcase name="testIsRecognizedFormatRejected(String)[84]" classname="org.jabref.logic.importer.fileformat.OvidImporterTest" time="0.001"/>
  <testcase name="testIsRecognizedFormatRejected(String)[85]" classname="org.jabref.logic.importer.fileformat.OvidImporterTest" time="0.001"/>
  <testcase name="testIsRecognizedFormatRejected(String)[86]" classname="org.jabref.logic.importer.fileformat.OvidImporterTest" time="0.001"/>
  <testcase name="testIsRecognizedFormatRejected(String)[87]" classname="org.jabref.logic.importer.fileformat.OvidImporterTest" time="0.0"/>
  <testcase name="testIsRecognizedFormatRejected(String)[88]" classname="org.jabref.logic.importer.fileformat.OvidImporterTest" time="0.0"/>
  <testcase name="testIsRecognizedFormatRejected(String)[89]" classname="org.jabref.logic.importer.fileformat.OvidImporterTest" time="0.002"/>
  <testcase name="testIsRecognizedFormatRejected(String)[90]" classname="org.jabref.logic.importer.fileformat.OvidImporterTest" time="0.0"/>
  <testcase name="testIsRecognizedFormatRejected(String)[91]" classname="org.jabref.logic.importer.fileformat.OvidImporterTest" time="0.0"/>
  <testcase name="testIsRecognizedFormatRejected(String)[92]" classname="org.jabref.logic.importer.fileformat.OvidImporterTest" time="0.001"/>
  <testcase name="testIsRecognizedFormatRejected(String)[93]" classname="org.jabref.logic.importer.fileformat.OvidImporterTest" time="0.0"/>
  <testcase name="testIsRecognizedFormatRejected(String)[94]" classname="org.jabref.logic.importer.fileformat.OvidImporterTest" time="0.0"/>
  <testcase name="testIsRecognizedFormatRejected(String)[95]" classname="org.jabref.logic.importer.fileformat.OvidImporterTest" time="0.0"/>
  <testcase name="testIsRecognizedFormatRejected(String)[96]" classname="org.jabref.logic.importer.fileformat.OvidImporterTest" time="0.0"/>
  <testcase name="testIsRecognizedFormatRejected(String)[97]" classname="org.jabref.logic.importer.fileformat.OvidImporterTest" time="0.0"/>
  <testcase name="testIsRecognizedFormatRejected(String)[98]" classname="org.jabref.logic.importer.fileformat.OvidImporterTest" time="0.001"/>
  <testcase name="testIsRecognizedFormatRejected(String)[99]" classname="org.jabref.logic.importer.fileformat.OvidImporterTest" time="0.001"/>
  <testcase name="testIsRecognizedFormatRejected(String)[100]" classname="org.jabref.logic.importer.fileformat.OvidImporterTest" time="0.0"/>
  <testcase name="testIsRecognizedFormatRejected(String)[101]" classname="org.jabref.logic.importer.fileformat.OvidImporterTest" time="0.0"/>
  <testcase name="testIsRecognizedFormatRejected(String)[102]" classname="org.jabref.logic.importer.fileformat.OvidImporterTest" time="0.0"/>
  <testcase name="testIsRecognizedFormatRejected(String)[103]" classname="org.jabref.logic.importer.fileformat.OvidImporterTest" time="0.001"/>
  <testcase name="testIsRecognizedFormatRejected(String)[104]" classname="org.jabref.logic.importer.fileformat.OvidImporterTest" time="0.001"/>
  <testcase name="testIsRecognizedFormatRejected(String)[105]" classname="org.jabref.logic.importer.fileformat.OvidImporterTest" time="0.001"/>
  <testcase name="testIsRecognizedFormatRejected(String)[106]" classname="org.jabref.logic.importer.fileformat.OvidImporterTest" time="0.001"/>
  <testcase name="testIsRecognizedFormatRejected(String)[107]" classname="org.jabref.logic.importer.fileformat.OvidImporterTest" time="0.001"/>
  <testcase name="testIsRecognizedFormatRejected(String)[108]" classname="org.jabref.logic.importer.fileformat.OvidImporterTest" time="0.0"/>
  <testcase name="testIsRecognizedFormatRejected(String)[109]" classname="org.jabref.logic.importer.fileformat.OvidImporterTest" time="0.001"/>
  <testcase name="testIsRecognizedFormatRejected(String)[110]" classname="org.jabref.logic.importer.fileformat.OvidImporterTest" time="0.001"/>
  <testcase name="testIsRecognizedFormatRejected(String)[111]" classname="org.jabref.logic.importer.fileformat.OvidImporterTest" time="0.0"/>
  <testcase name="testIsRecognizedFormatRejected(String)[112]" classname="org.jabref.logic.importer.fileformat.OvidImporterTest" time="0.001"/>
  <testcase name="testIsRecognizedFormatRejected(String)[113]" classname="org.jabref.logic.importer.fileformat.OvidImporterTest" time="0.001"/>
  <testcase name="testIsRecognizedFormatRejected(String)[114]" classname="org.jabref.logic.importer.fileformat.OvidImporterTest" time="0.0"/>
  <testcase name="testIsRecognizedFormatRejected(String)[115]" classname="org.jabref.logic.importer.fileformat.OvidImporterTest" time="0.0"/>
  <testcase name="testIsRecognizedFormatRejected(String)[116]" classname="org.jabref.logic.importer.fileformat.OvidImporterTest" time="0.001"/>
  <testcase name="testIsRecognizedFormatRejected(String)[117]" classname="org.jabref.logic.importer.fileformat.OvidImporterTest" time="0.001"/>
  <testcase name="testIsRecognizedFormatRejected(String)[118]" classname="org.jabref.logic.importer.fileformat.OvidImporterTest" time="0.001"/>
  <testcase name="testIsRecognizedFormatRejected(String)[119]" classname="org.jabref.logic.importer.fileformat.OvidImporterTest" time="0.001"/>
  <testcase name="testIsRecognizedFormatRejected(String)[120]" classname="org.jabref.logic.importer.fileformat.OvidImporterTest" time="0.0"/>
  <testcase name="testIsRecognizedFormatRejected(String)[121]" classname="org.jabref.logic.importer.fileformat.OvidImporterTest" time="0.0"/>
  <testcase name="testIsRecognizedFormatRejected(String)[122]" classname="org.jabref.logic.importer.fileformat.OvidImporterTest" time="0.0"/>
  <testcase name="testIsRecognizedFormatRejected(String)[123]" classname="org.jabref.logic.importer.fileformat.OvidImporterTest" time="0.001"/>
  <testcase name="testIsRecognizedFormatRejected(String)[124]" classname="org.jabref.logic.importer.fileformat.OvidImporterTest" time="0.0"/>
  <testcase name="testIsRecognizedFormatRejected(String)[125]" classname="org.jabref.logic.importer.fileformat.OvidImporterTest" time="0.0"/>
  <testcase name="testIsRecognizedFormatRejected(String)[126]" classname="org.jabref.logic.importer.fileformat.OvidImporterTest" time="0.0"/>
  <testcase name="testIsRecognizedFormatRejected(String)[127]" classname="org.jabref.logic.importer.fileformat.OvidImporterTest" time="0.001"/>
  <testcase name="testIsRecognizedFormatRejected(String)[128]" classname="org.jabref.logic.importer.fileformat.OvidImporterTest" time="0.001"/>
  <testcase name="testIsRecognizedFormatRejected(String)[129]" classname="org.jabref.logic.importer.fileformat.OvidImporterTest" time="0.001"/>
  <testcase name="testIsRecognizedFormatRejected(String)[130]" classname="org.jabref.logic.importer.fileformat.OvidImporterTest" time="0.001"/>
  <testcase name="testIsRecognizedFormatRejected(String)[131]" classname="org.jabref.logic.importer.fileformat.OvidImporterTest" time="0.001"/>
  <testcase name="testIsRecognizedFormatRejected(String)[132]" classname="org.jabref.logic.importer.fileformat.OvidImporterTest" time="0.001"/>
  <testcase name="testIsRecognizedFormatRejected(String)[133]" classname="org.jabref.logic.importer.fileformat.OvidImporterTest" time="0.001"/>
  <testcase name="testIsRecognizedFormatRejected(String)[134]" classname="org.jabref.logic.importer.fileformat.OvidImporterTest" time="0.001"/>
  <testcase name="testIsRecognizedFormatRejected(String)[135]" classname="org.jabref.logic.importer.fileformat.OvidImporterTest" time="0.001"/>
  <testcase name="testIsRecognizedFormatRejected(String)[136]" classname="org.jabref.logic.importer.fileformat.OvidImporterTest" time="0.0"/>
  <testcase name="testIsRecognizedFormatRejected(String)[137]" classname="org.jabref.logic.importer.fileformat.OvidImporterTest" time="0.0"/>
  <testcase name="testIsRecognizedFormatRejected(String)[138]" classname="org.jabref.logic.importer.fileformat.OvidImporterTest" time="0.0"/>
  <testcase name="testIsRecognizedFormatRejected(String)[139]" classname="org.jabref.logic.importer.fileformat.OvidImporterTest" time="0.0"/>
  <testcase name="testIsRecognizedFormatRejected(String)[140]" classname="org.jabref.logic.importer.fileformat.OvidImporterTest" time="0.0"/>
  <testcase name="testIsRecognizedFormatRejected(String)[141]" classname="org.jabref.logic.importer.fileformat.OvidImporterTest" time="0.001"/>
  <testcase name="testIsRecognizedFormatRejected(String)[142]" classname="org.jabref.logic.importer.fileformat.OvidImporterTest" time="0.001"/>
  <testcase name="testIsRecognizedFormatRejected(String)[143]" classname="org.jabref.logic.importer.fileformat.OvidImporterTest" time="0.001"/>
  <testcase name="testIsRecognizedFormatRejected(String)[144]" classname="org.jabref.logic.importer.fileformat.OvidImporterTest" time="0.001"/>
  <testcase name="testIsRecognizedFormatRejected(String)[145]" classname="org.jabref.logic.importer.fileformat.OvidImporterTest" time="0.001"/>
  <testcase name="testIsRecognizedFormatRejected(String)[146]" classname="org.jabref.logic.importer.fileformat.OvidImporterTest" time="0.0"/>
  <testcase name="testIsRecognizedFormatRejected(String)[147]" classname="org.jabref.logic.importer.fileformat.OvidImporterTest" time="0.0"/>
  <testcase name="testIsRecognizedFormatRejected(String)[148]" classname="org.jabref.logic.importer.fileformat.OvidImporterTest" time="0.0"/>
  <testcase name="testIsRecognizedFormatRejected(String)[149]" classname="org.jabref.logic.importer.fileformat.OvidImporterTest" time="0.001"/>
  <testcase name="testIsRecognizedFormatRejected(String)[150]" classname="org.jabref.logic.importer.fileformat.OvidImporterTest" time="0.001"/>
  <testcase name="testIsRecognizedFormatRejected(String)[151]" classname="org.jabref.logic.importer.fileformat.OvidImporterTest" time="0.001"/>
  <testcase name="testIsRecognizedFormatRejected(String)[152]" classname="org.jabref.logic.importer.fileformat.OvidImporterTest" time="0.001"/>
  <testcase name="testIsRecognizedFormatRejected(String)[153]" classname="org.jabref.logic.importer.fileformat.OvidImporterTest" time="0.001"/>
  <testcase name="testIsRecognizedFormatRejected(String)[154]" classname="org.jabref.logic.importer.fileformat.OvidImporterTest" time="0.0"/>
  <testcase name="testIsRecognizedFormatRejected(String)[155]" classname="org.jabref.logic.importer.fileformat.OvidImporterTest" time="0.0"/>
  <testcase name="testIsRecognizedFormatRejected(String)[156]" classname="org.jabref.logic.importer.fileformat.OvidImporterTest" time="0.0"/>
  <testcase name="testIsRecognizedFormatRejected(String)[157]" classname="org.jabref.logic.importer.fileformat.OvidImporterTest" time="0.001"/>
  <testcase name="testIsRecognizedFormatRejected(String)[158]" classname="org.jabref.logic.importer.fileformat.OvidImporterTest" time="0.001"/>
  <testcase name="testIsRecognizedFormatRejected(String)[159]" classname="org.jabref.logic.importer.fileformat.OvidImporterTest" time="0.001"/>
  <testcase name="testIsRecognizedFormatRejected(String)[160]" classname="org.jabref.logic.importer.fileformat.OvidImporterTest" time="0.001"/>
  <testcase name="testIsRecognizedFormatRejected(String)[161]" classname="org.jabref.logic.importer.fileformat.OvidImporterTest" time="0.001"/>
  <testcase name="testIsRecognizedFormatRejected(String)[162]" classname="org.jabref.logic.importer.fileformat.OvidImporterTest" time="0.0"/>
  <testcase name="testIsRecognizedFormatRejected(String)[163]" classname="org.jabref.logic.importer.fileformat.OvidImporterTest" time="0.0"/>
  <testcase name="testIsRecognizedFormatRejected(String)[164]" classname="org.jabref.logic.importer.fileformat.OvidImporterTest" time="0.0"/>
  <testcase name="testIsRecognizedFormatRejected(String)[165]" classname="org.jabref.logic.importer.fileformat.OvidImporterTest" time="0.0"/>
  <testcase name="testIsRecognizedFormatRejected(String)[166]" classname="org.jabref.logic.importer.fileformat.OvidImporterTest" time="0.0"/>
  <testcase name="testIsRecognizedFormatRejected(String)[167]" classname="org.jabref.logic.importer.fileformat.OvidImporterTest" time="0.001"/>
  <testcase name="testIsRecognizedFormatRejected(String)[168]" classname="org.jabref.logic.importer.fileformat.OvidImporterTest" time="0.001"/>
  <testcase name="testIsRecognizedFormatRejected(String)[169]" classname="org.jabref.logic.importer.fileformat.OvidImporterTest" time="0.001"/>
  <testcase name="testIsRecognizedFormatRejected(String)[170]" classname="org.jabref.logic.importer.fileformat.OvidImporterTest" time="0.0"/>
  <testcase name="testIsRecognizedFormatRejected(String)[171]" classname="org.jabref.logic.importer.fileformat.OvidImporterTest" time="0.0"/>
  <testcase name="testIsRecognizedFormatRejected(String)[172]" classname="org.jabref.logic.importer.fileformat.OvidImporterTest" time="0.0"/>
  <testcase name="testIsRecognizedFormatRejected(String)[173]" classname="org.jabref.logic.importer.fileformat.OvidImporterTest" time="0.0"/>
  <testcase name="testIsRecognizedFormatRejected(String)[174]" classname="org.jabref.logic.importer.fileformat.OvidImporterTest" time="0.001"/>
  <testcase name="testIsRecognizedFormatRejected(String)[175]" classname="org.jabref.logic.importer.fileformat.OvidImporterTest" time="0.001"/>
  <testcase name="testIsRecognizedFormatRejected(String)[176]" classname="org.jabref.logic.importer.fileformat.OvidImporterTest" time="0.0"/>
  <testcase name="testIsRecognizedFormatRejected(String)[177]" classname="org.jabref.logic.importer.fileformat.OvidImporterTest" time="0.0"/>
  <testcase name="testIsRecognizedFormatRejected(String)[178]" classname="org.jabref.logic.importer.fileformat.OvidImporterTest" time="0.0"/>
  <testcase name="testIsRecognizedFormatRejected(String)[179]" classname="org.jabref.logic.importer.fileformat.OvidImporterTest" time="0.0"/>
  <testcase name="testIsRecognizedFormatRejected(String)[180]" classname="org.jabref.logic.importer.fileformat.OvidImporterTest" time="0.001"/>
  <testcase name="testIsRecognizedFormatRejected(String)[181]" classname="org.jabref.logic.importer.fileformat.OvidImporterTest" time="0.001"/>
  <testcase name="testIsRecognizedFormatRejected(String)[182]" classname="org.jabref.logic.importer.fileformat.OvidImporterTest" time="0.001"/>
  <testcase name="testIsRecognizedFormatRejected(String)[183]" classname="org.jabref.logic.importer.fileformat.OvidImporterTest" time="0.001"/>
  <testcase name="testIsRecognizedFormatRejected(String)[184]" classname="org.jabref.logic.importer.fileformat.OvidImporterTest" time="0.001"/>
  <testcase name="testIsRecognizedFormatRejected(String)[185]" classname="org.jabref.logic.importer.fileformat.OvidImporterTest" time="0.001"/>
  <testcase name="testIsRecognizedFormatRejected(String)[186]" classname="org.jabref.logic.importer.fileformat.OvidImporterTest" time="0.001"/>
  <testcase name="testIsRecognizedFormatRejected(String)[187]" classname="org.jabref.logic.importer.fileformat.OvidImporterTest" time="0.001"/>
  <testcase name="testIsRecognizedFormatRejected(String)[188]" classname="org.jabref.logic.importer.fileformat.OvidImporterTest" time="0.0"/>
  <testcase name="testIsRecognizedFormatRejected(String)[189]" classname="org.jabref.logic.importer.fileformat.OvidImporterTest" time="0.001"/>
  <testcase name="testIsRecognizedFormatRejected(String)[190]" classname="org.jabref.logic.importer.fileformat.OvidImporterTest" time="0.001"/>
  <testcase name="testIsRecognizedFormatRejected(String)[191]" classname="org.jabref.logic.importer.fileformat.OvidImporterTest" time="0.001"/>
  <testcase name="testIsRecognizedFormatRejected(String)[192]" classname="org.jabref.logic.importer.fileformat.OvidImporterTest" time="0.001"/>
  <testcase name="testIsRecognizedFormatRejected(String)[193]" classname="org.jabref.logic.importer.fileformat.OvidImporterTest" time="0.001"/>
  <testcase name="testIsRecognizedFormatRejected(String)[194]" classname="org.jabref.logic.importer.fileformat.OvidImporterTest" time="0.001"/>
  <testcase name="testIsRecognizedFormatRejected(String)[195]" classname="org.jabref.logic.importer.fileformat.OvidImporterTest" time="0.001"/>
  <testcase name="testIsRecognizedFormatRejected(String)[196]" classname="org.jabref.logic.importer.fileformat.OvidImporterTest" time="0.001"/>
  <system-out><![CDATA[]]></system-out>
  <system-err><![CDATA[]]></system-err>
</testsuite>
