<?xml version="1.0" encoding="UTF-8"?>
<testsuite name="org.jabref.model.entry.FileFieldWriterTest" tests="15" skipped="0" failures="0" errors="0" timestamp="2019-02-15T14:25:26" hostname="n184-p67.eduroam.kth.se" time="0.006">
  <properties/>
  <testcase name="handleXmlCharacters()" classname="org.jabref.model.entry.FileFieldWriterTest" time="0.0"/>
  <testcase name="interpreteLinkAsOnlyMandatoryField()" classname="org.jabref.model.entry.FileFieldWriterTest" time="0.001"/>
  <testcase name="subsetOfFieldsResultsInFileLink()" classname="org.jabref.model.entry.FileFieldWriterTest" time="0.0"/>
  <testcase name="testQuoteNull()" classname="org.jabref.model.entry.FileFieldWriterTest" time="0.0"/>
  <testcase name="parseCorrectInput()" classname="org.jabref.model.entry.FileFieldWriterTest" time="0.0"/>
  <testcase name="emptyListForEmptyInput()" classname="org.jabref.model.entry.FileFieldWriterTest" time="0.0"/>
  <testcase name="testQuoteEmpty()" classname="org.jabref.model.entry.FileFieldWriterTest" time="0.001"/>
  <testcase name="testEncodeStringArray()" classname="org.jabref.model.entry.FileFieldWriterTest" time="0.0"/>
  <testcase name="handleEscapedFilePath()" classname="org.jabref.model.entry.FileFieldWriterTest" time="0.001"/>
  <testcase name="ingoreMissingDescription()" classname="org.jabref.model.entry.FileFieldWriterTest" time="0.0"/>
  <testcase name="testQuoteAllCharacters()" classname="org.jabref.model.entry.FileFieldWriterTest" time="0.0"/>
  <testcase name="tooManySeparators()" classname="org.jabref.model.entry.FileFieldWriterTest" time="0.0"/>
  <testcase name="testQuoteStandard()" classname="org.jabref.model.entry.FileFieldWriterTest" time="0.0"/>
  <testcase name="escapedCharactersInDescription()" classname="org.jabref.model.entry.FileFieldWriterTest" time="0.0"/>
  <testcase name="testFileFieldWriterGetStringRepresentation()" classname="org.jabref.model.entry.FileFieldWriterTest" time="0.0"/>
  <system-out><![CDATA[]]></system-out>
  <system-err><![CDATA[]]></system-err>
</testsuite>
