<?xml version="1.0" encoding="UTF-8"?>
<testsuite name="org.jabref.logic.formatter.bibtexfields.TrimWhitespaceFormatterTest" tests="6" skipped="0" failures="0" errors="0" timestamp="2019-02-15T14:24:47" hostname="n184-p67.eduroam.kth.se" time="0.003">
  <properties/>
  <testcase name="removeCarriageReturnFeeds()" classname="org.jabref.logic.formatter.bibtexfields.TrimWhitespaceFormatterTest" time="0.001"/>
  <testcase name="removeSeparatorSpaces()" classname="org.jabref.logic.formatter.bibtexfields.TrimWhitespaceFormatterTest" time="0.0"/>
  <testcase name="removeHorizontalTabulations()" classname="org.jabref.logic.formatter.bibtexfields.TrimWhitespaceFormatterTest" time="0.0"/>
  <testcase name="removeFormFeeds()" classname="org.jabref.logic.formatter.bibtexfields.TrimWhitespaceFormatterTest" time="0.0"/>
  <testcase name="removeMixedWhitespaceChars()" classname="org.jabref.logic.formatter.bibtexfields.TrimWhitespaceFormatterTest" time="0.0"/>
  <testcase name="removeLineFeeds()" classname="org.jabref.logic.formatter.bibtexfields.TrimWhitespaceFormatterTest" time="0.0"/>
  <system-out><![CDATA[]]></system-out>
  <system-err><![CDATA[]]></system-err>
</testsuite>
