<?xml version="1.0" encoding="UTF-8"?>
<testsuite name="org.jabref.logic.cleanup.ConvertToBibtexCleanupTest" tests="4" skipped="0" failures="0" errors="0" timestamp="2019-02-15T14:24:47" hostname="n184-p67.eduroam.kth.se" time="0.003">
  <properties/>
  <testcase name="cleanUpDoesntMoveFileField()" classname="org.jabref.logic.cleanup.ConvertToBibtexCleanupTest" time="0.0"/>
  <testcase name="cleanupMovesDateToYearAndMonth()" classname="org.jabref.logic.cleanup.ConvertToBibtexCleanupTest" time="0.0"/>
  <testcase name="cleanupWithYearAlreadyPresentDoesNothing()" classname="org.jabref.logic.cleanup.ConvertToBibtexCleanupTest" time="0.001"/>
  <testcase name="cleanupMovesJournaltitleToJournal()" classname="org.jabref.logic.cleanup.ConvertToBibtexCleanupTest" time="0.0"/>
  <system-out><![CDATA[]]></system-out>
  <system-err><![CDATA[]]></system-err>
</testsuite>
