<?xml version="1.0" encoding="UTF-8"?>
<testsuite name="org.jabref.logic.importer.fileformat.BibTeXMLImporterTestTypes" tests="13" skipped="0" failures="0" errors="0" timestamp="2019-02-15T14:24:15" hostname="n184-p67.eduroam.kth.se" time="4.662">
  <properties/>
  <testcase name="importConvertsToCorrectBibType(String)[1]" classname="org.jabref.logic.importer.fileformat.BibTeXMLImporterTestTypes" time="0.377"/>
  <testcase name="importConvertsToCorrectBibType(String)[2]" classname="org.jabref.logic.importer.fileformat.BibTeXMLImporterTestTypes" time="0.344"/>
  <testcase name="importConvertsToCorrectBibType(String)[3]" classname="org.jabref.logic.importer.fileformat.BibTeXMLImporterTestTypes" time="0.37"/>
  <testcase name="importConvertsToCorrectBibType(String)[4]" classname="org.jabref.logic.importer.fileformat.BibTeXMLImporterTestTypes" time="0.363"/>
  <testcase name="importConvertsToCorrectBibType(String)[5]" classname="org.jabref.logic.importer.fileformat.BibTeXMLImporterTestTypes" time="0.372"/>
  <testcase name="importConvertsToCorrectBibType(String)[6]" classname="org.jabref.logic.importer.fileformat.BibTeXMLImporterTestTypes" time="0.443"/>
  <testcase name="importConvertsToCorrectBibType(String)[7]" classname="org.jabref.logic.importer.fileformat.BibTeXMLImporterTestTypes" time="0.34"/>
  <testcase name="importConvertsToCorrectBibType(String)[8]" classname="org.jabref.logic.importer.fileformat.BibTeXMLImporterTestTypes" time="0.343"/>
  <testcase name="importConvertsToCorrectBibType(String)[9]" classname="org.jabref.logic.importer.fileformat.BibTeXMLImporterTestTypes" time="0.338"/>
  <testcase name="importConvertsToCorrectBibType(String)[10]" classname="org.jabref.logic.importer.fileformat.BibTeXMLImporterTestTypes" time="0.336"/>
  <testcase name="importConvertsToCorrectBibType(String)[11]" classname="org.jabref.logic.importer.fileformat.BibTeXMLImporterTestTypes" time="0.348"/>
  <testcase name="importConvertsToCorrectBibType(String)[12]" classname="org.jabref.logic.importer.fileformat.BibTeXMLImporterTestTypes" time="0.342"/>
  <testcase name="importConvertsToCorrectBibType(String)[13]" classname="org.jabref.logic.importer.fileformat.BibTeXMLImporterTestTypes" time="0.342"/>
  <system-out><![CDATA[]]></system-out>
  <system-err><![CDATA[]]></system-err>
</testsuite>
