<?xml version="1.0" encoding="UTF-8"?>
<testsuite name="org.jabref.logic.formatter.bibtexfields.UnitsToLatexFormatterTest" tests="2" skipped="0" failures="0" errors="0" timestamp="2019-02-15T14:24:47" hostname="n184-p67.eduroam.kth.se" time="0.016">
  <properties/>
  <testcase name="test()" classname="org.jabref.logic.formatter.bibtexfields.UnitsToLatexFormatterTest" time="0.011"/>
  <testcase name="formatExample()" classname="org.jabref.logic.formatter.bibtexfields.UnitsToLatexFormatterTest" time="0.004"/>
  <system-out><![CDATA[]]></system-out>
  <system-err><![CDATA[]]></system-err>
</testsuite>
