<?xml version="1.0" encoding="UTF-8"?>
<testsuite name="org.jabref.TestIconsProperties" tests="1" skipped="0" failures="0" errors="0" timestamp="2019-02-15T14:23:40" hostname="n184-p67.eduroam.kth.se" time="0.01">
  <properties/>
  <testcase name="testExistenceOfIconImagesReferencedFromIconsProperties()" classname="org.jabref.TestIconsProperties" time="0.01"/>
  <system-out><![CDATA[]]></system-out>
  <system-err><![CDATA[]]></system-err>
</testsuite>
