<?xml version="1.0" encoding="UTF-8"?>
<testsuite name="org.jabref.model.search.rules.ContainBasedSearchRuleTest" tests="1" skipped="0" failures="0" errors="0" timestamp="2019-02-15T14:25:26" hostname="n184-p67.eduroam.kth.se" time="0.002">
  <properties/>
  <testcase name="testBasicSearchParsing()" classname="org.jabref.model.search.rules.ContainBasedSearchRuleTest" time="0.002"/>
  <system-out><![CDATA[]]></system-out>
  <system-err><![CDATA[]]></system-err>
</testsuite>
