<?xml version="1.0" encoding="UTF-8"?>
<testsuite name="org.jabref.logic.formatter.bibtexfields.NormalizeEnDashesFormatterTest" tests="7" skipped="0" failures="0" errors="0" timestamp="2019-02-15T14:24:47" hostname="n184-p67.eduroam.kth.se" time="0.002">
  <properties/>
  <testcase name="dashesFollowedByASpaceAreKept()" classname="org.jabref.logic.formatter.bibtexfields.NormalizeEnDashesFormatterTest" time="0.0"/>
  <testcase name="dashesPreceededByASpaceAreKept()" classname="org.jabref.logic.formatter.bibtexfields.NormalizeEnDashesFormatterTest" time="0.0"/>
  <testcase name="dashAtTheEndIsKept()" classname="org.jabref.logic.formatter.bibtexfields.NormalizeEnDashesFormatterTest" time="0.0"/>
  <testcase name="formatExampleOfChangelog()" classname="org.jabref.logic.formatter.bibtexfields.NormalizeEnDashesFormatterTest" time="0.0"/>
  <testcase name="dashAtTheBeginningIsKept()" classname="org.jabref.logic.formatter.bibtexfields.NormalizeEnDashesFormatterTest" time="0.001"/>
  <testcase name="formatExample()" classname="org.jabref.logic.formatter.bibtexfields.NormalizeEnDashesFormatterTest" time="0.0"/>
  <testcase name="dashesWithinWordsAreKept()" classname="org.jabref.logic.formatter.bibtexfields.NormalizeEnDashesFormatterTest" time="0.0"/>
  <system-out><![CDATA[]]></system-out>
  <system-err><![CDATA[]]></system-err>
</testsuite>
