<?xml version="1.0" encoding="UTF-8"?>
<testsuite name="org.jabref.model.entry.identifier.ArXivIdentifierTest" tests="8" skipped="0" failures="0" errors="0" timestamp="2019-02-15T14:25:26" hostname="n184-p67.eduroam.kth.se" time="0.008">
  <properties/>
  <testcase name="parseWithArXivPrefix()" classname="org.jabref.model.entry.identifier.ArXivIdentifierTest" time="0.001"/>
  <testcase name="parseOldIdentifier()" classname="org.jabref.model.entry.identifier.ArXivIdentifierTest" time="0.0"/>
  <testcase name="parseWithClassification()" classname="org.jabref.model.entry.identifier.ArXivIdentifierTest" time="0.0"/>
  <testcase name="parse()" classname="org.jabref.model.entry.identifier.ArXivIdentifierTest" time="0.0"/>
  <testcase name="parseOldIdentifierWithArXivPrefix()" classname="org.jabref.model.entry.identifier.ArXivIdentifierTest" time="0.001"/>
  <testcase name="parseWithArxivPrefix()" classname="org.jabref.model.entry.identifier.ArXivIdentifierTest" time="0.002"/>
  <testcase name="parseUrl()" classname="org.jabref.model.entry.identifier.ArXivIdentifierTest" time="0.001"/>
  <testcase name="parseWithArXivPrefixAndClassification()" classname="org.jabref.model.entry.identifier.ArXivIdentifierTest" time="0.0"/>
  <system-out><![CDATA[]]></system-out>
  <system-err><![CDATA[]]></system-err>
</testsuite>
