<?xml version="1.0" encoding="UTF-8"?>
<testsuite name="org.jabref.architecture.MainArchitectureTests" tests="11" skipped="0" failures="0" errors="0" timestamp="2019-02-15T14:25:13" hostname="n184-p67.eduroam.kth.se" time="2.062">
  <properties/>
  <testcase name="firstPackageIsIndependentOfSecondPackage(String, String)[1]" classname="org.jabref.architecture.MainArchitectureTests" time="0.668"/>
  <testcase name="firstPackageIsIndependentOfSecondPackage(String, String)[2]" classname="org.jabref.architecture.MainArchitectureTests" time="0.16"/>
  <testcase name="firstPackageIsIndependentOfSecondPackage(String, String)[3]" classname="org.jabref.architecture.MainArchitectureTests" time="0.209"/>
  <testcase name="firstPackageIsIndependentOfSecondPackage(String, String)[4]" classname="org.jabref.architecture.MainArchitectureTests" time="0.164"/>
  <testcase name="firstPackageIsIndependentOfSecondPackage(String, String)[5]" classname="org.jabref.architecture.MainArchitectureTests" time="0.151"/>
  <testcase name="firstPackageIsIndependentOfSecondPackage(String, String)[6]" classname="org.jabref.architecture.MainArchitectureTests" time="0.119"/>
  <testcase name="firstPackageIsIndependentOfSecondPackage(String, String)[7]" classname="org.jabref.architecture.MainArchitectureTests" time="0.123"/>
  <testcase name="firstPackageIsIndependentOfSecondPackage(String, String)[8]" classname="org.jabref.architecture.MainArchitectureTests" time="0.117"/>
  <testcase name="firstPackageIsIndependentOfSecondPackage(String, String)[9]" classname="org.jabref.architecture.MainArchitectureTests" time="0.115"/>
  <testcase name="firstPackageIsIndependentOfSecondPackage(String, String)[10]" classname="org.jabref.architecture.MainArchitectureTests" time="0.115"/>
  <testcase name="firstPackageIsIndependentOfSecondPackage(String, String)[11]" classname="org.jabref.architecture.MainArchitectureTests" time="0.116"/>
  <system-out><![CDATA[]]></system-out>
  <system-err><![CDATA[]]></system-err>
</testsuite>
