<?xml version="1.0" encoding="UTF-8"?>
<testsuite name="org.jabref.model.entry.AuthorListParameterTest" tests="6" skipped="0" failures="0" errors="0" timestamp="2019-02-15T14:25:26" hostname="n184-p67.eduroam.kth.se" time="0.004">
  <properties/>
  <testcase name="parseCorrectly(String, AuthorList)[1]" classname="org.jabref.model.entry.AuthorListParameterTest" time="0.0"/>
  <testcase name="parseCorrectly(String, AuthorList)[2]" classname="org.jabref.model.entry.AuthorListParameterTest" time="0.0"/>
  <testcase name="parseCorrectly(String, AuthorList)[3]" classname="org.jabref.model.entry.AuthorListParameterTest" time="0.0"/>
  <testcase name="parseCorrectly(String, AuthorList)[4]" classname="org.jabref.model.entry.AuthorListParameterTest" time="0.001"/>
  <testcase name="parseCorrectly(String, AuthorList)[5]" classname="org.jabref.model.entry.AuthorListParameterTest" time="0.0"/>
  <testcase name="parseCorrectly(String, AuthorList)[6]" classname="org.jabref.model.entry.AuthorListParameterTest" time="0.0"/>
  <system-out><![CDATA[]]></system-out>
  <system-err><![CDATA[]]></system-err>
</testsuite>
