<?xml version="1.0" encoding="UTF-8"?>
<testsuite name="org.jabref.gui.mergeentries.DiffHighlightingTest" tests="13" skipped="0" failures="0" errors="0" timestamp="2019-02-15T14:25:18" hostname="n184-p67.eduroam.kth.se" time="1.706">
  <properties/>
  <testcase name="generateSymmetricHighlightingMultipleWordsDeleteTextWordDiff()" classname="org.jabref.gui.mergeentries.DiffHighlightingTest" time="0.145"/>
  <testcase name="testGenerateDiffHighlightingSingleWordDeleteTextWordDiff()" classname="org.jabref.gui.mergeentries.DiffHighlightingTest" time="0.132"/>
  <testcase name="generateSymmetricHighlightingSingleWordDeleteTextCharacterDiff()" classname="org.jabref.gui.mergeentries.DiffHighlightingTest" time="0.127"/>
  <testcase name="testGenerateDiffHighlightingSingleWordAddTextWordDiff()" classname="org.jabref.gui.mergeentries.DiffHighlightingTest" time="0.13"/>
  <testcase name="generateSymmetricHighlightingSingleWordDeleteTextWordDiff()" classname="org.jabref.gui.mergeentries.DiffHighlightingTest" time="0.13"/>
  <testcase name="generateSymmetricHighlightingSingleWordAddTextCharacterDiff()" classname="org.jabref.gui.mergeentries.DiffHighlightingTest" time="0.131"/>
  <testcase name="testGenerateDiffHighlightingSingleWordDeleteTextCharacterDiff()" classname="org.jabref.gui.mergeentries.DiffHighlightingTest" time="0.13"/>
  <testcase name="generateSymmetricHighlightingSingleWordAddTextWordDiff()" classname="org.jabref.gui.mergeentries.DiffHighlightingTest" time="0.124"/>
  <testcase name="testGenerateDiffHighlightingBothNullThrowsNPE()" classname="org.jabref.gui.mergeentries.DiffHighlightingTest" time="0.13"/>
  <testcase name="testGenerateDiffHighlightingSingleWordAddTextCharacterDiff()" classname="org.jabref.gui.mergeentries.DiffHighlightingTest" time="0.127"/>
  <testcase name="generateSymmetricHighlightingMultipleWordsDeleteTextCharacterDiff()" classname="org.jabref.gui.mergeentries.DiffHighlightingTest" time="0.133"/>
  <testcase name="testNullSeparatorThrowsNPE()" classname="org.jabref.gui.mergeentries.DiffHighlightingTest" time="0.131"/>
  <testcase name="testGenerateDiffHighlightingNoDiff()" classname="org.jabref.gui.mergeentries.DiffHighlightingTest" time="0.131"/>
  <system-out><![CDATA[]]></system-out>
  <system-err><![CDATA[]]></system-err>
</testsuite>
