<?xml version="1.0" encoding="UTF-8"?>
<testsuite name="org.jabref.logic.importer.fileformat.RISImporterTest" tests="5" skipped="0" failures="0" errors="0" timestamp="2019-02-15T14:24:11" hostname="n184-p67.eduroam.kth.se" time="0.003">
  <properties/>
  <testcase name="testGetCLIId()" classname="org.jabref.logic.importer.fileformat.RISImporterTest" time="0.0"/>
  <testcase name="testsGetExtensions()" classname="org.jabref.logic.importer.fileformat.RISImporterTest" time="0.001"/>
  <testcase name="testGetDescription()" classname="org.jabref.logic.importer.fileformat.RISImporterTest" time="0.0"/>
  <testcase name="testGetFormatName()" classname="org.jabref.logic.importer.fileformat.RISImporterTest" time="0.001"/>
  <testcase name="testIfNotRecognizedFormat()" classname="org.jabref.logic.importer.fileformat.RISImporterTest" time="0.001"/>
  <system-out><![CDATA[]]></system-out>
  <system-err><![CDATA[]]></system-err>
</testsuite>
