<?xml version="1.0" encoding="UTF-8"?>
<testsuite name="org.jabref.gui.externalfiles.AutoSetFileLinksUtilTest" tests="1" skipped="0" failures="0" errors="0" timestamp="2019-02-15T14:25:18" hostname="n184-p67.eduroam.kth.se" time="0.013">
  <properties/>
  <testcase name="test()" classname="org.jabref.gui.externalfiles.AutoSetFileLinksUtilTest" time="0.013"/>
  <system-out><![CDATA[]]></system-out>
  <system-err><![CDATA[]]></system-err>
</testsuite>
