<?xml version="1.0" encoding="UTF-8"?>
<testsuite name="org.jabref.logic.citationstyle.CitationStyleTest" tests="1" skipped="0" failures="0" errors="0" timestamp="2019-02-15T14:25:05" hostname="n184-p67.eduroam.kth.se" time="0.005">
  <properties/>
  <testcase name="getDefault()" classname="org.jabref.logic.citationstyle.CitationStyleTest" time="0.005"/>
  <system-out><![CDATA[15:25:05.212 [Test worker] ERROR org.jabref.logic.citationstyle.CitationStyle - Could not find file: /ieee.csl - java.nio.file.NoSuchFileException: /ieee.csl
	at sun.nio.fs.UnixException.translateToIOException(UnixException.java:86)
	at sun.nio.fs.UnixException.rethrowAsIOException(UnixException.java:102)
	at sun.nio.fs.UnixException.rethrowAsIOException(UnixException.java:107)
	at sun.nio.fs.UnixFileSystemProvider.newByteChannel(UnixFileSystemProvider.java:214) 
]]></system-out>
  <system-err><![CDATA[]]></system-err>
</testsuite>
