<?xml version="1.0" encoding="UTF-8"?>
<testsuite name="org.jabref.logic.exporter.MetaDataSerializerTest" tests="3" skipped="0" failures="0" errors="0" timestamp="2019-02-15T14:24:54" hostname="n184-p67.eduroam.kth.se" time="0.007">
  <properties/>
  <testcase name="serializeSingleContentSelectors()" classname="org.jabref.logic.exporter.MetaDataSerializerTest" time="0.005"/>
  <testcase name="serializeSingleSaveAction()" classname="org.jabref.logic.exporter.MetaDataSerializerTest" time="0.001"/>
  <testcase name="serializeNewMetadataReturnsEmptyMap()" classname="org.jabref.logic.exporter.MetaDataSerializerTest" time="0.001"/>
  <system-out><![CDATA[]]></system-out>
  <system-err><![CDATA[]]></system-err>
</testsuite>
