<?xml version="1.0" encoding="UTF-8"?>
<testsuite name="org.jabref.logic.autosaveandbackup.BackupManagerTest" tests="1" skipped="0" failures="0" errors="0" timestamp="2019-02-15T14:24:47" hostname="n184-p67.eduroam.kth.se" time="0.002">
  <properties/>
  <testcase name="backupFileNameIsCorrectlyGeneratedWithinTmpDirectory()" classname="org.jabref.logic.autosaveandbackup.BackupManagerTest" time="0.002"/>
  <system-out><![CDATA[]]></system-out>
  <system-err><![CDATA[]]></system-err>
</testsuite>
