<?xml version="1.0" encoding="UTF-8"?>
<testsuite name="org.jabref.model.database.BibDatabaseContextTest" tests="4" skipped="0" failures="0" errors="0" timestamp="2019-02-15T14:25:25" hostname="n184-p67.eduroam.kth.se" time="0.009">
  <properties/>
  <testcase name="getFileDirectoriesWithRelativeDbParent()" classname="org.jabref.model.database.BibDatabaseContextTest" time="0.004"/>
  <testcase name="getFileDirectoriesWithAbsoluteDbParent()" classname="org.jabref.model.database.BibDatabaseContextTest" time="0.002"/>
  <testcase name="getFileDirectoriesWithEmptyDbParent()" classname="org.jabref.model.database.BibDatabaseContextTest" time="0.002"/>
  <testcase name="getFileDirectoriesWithRelativeDottedDbParent()" classname="org.jabref.model.database.BibDatabaseContextTest" time="0.001"/>
  <system-out><![CDATA[]]></system-out>
  <system-err><![CDATA[]]></system-err>
</testsuite>
