<?xml version="1.0" encoding="UTF-8"?>
<testsuite name="org.jabref.logic.integrity.AbbreviationCheckerTest" tests="2" skipped="0" failures="0" errors="0" timestamp="2019-02-15T14:24:48" hostname="n184-p67.eduroam.kth.se" time="0.001">
  <properties/>
  <testcase name="checkValueDoesNotComplainAboutJournalNameThatHasSameAbbreviation()" classname="org.jabref.logic.integrity.AbbreviationCheckerTest" time="0.001"/>
  <testcase name="checkValueComplainsAboutAbbreviatedJournalName()" classname="org.jabref.logic.integrity.AbbreviationCheckerTest" time="0.0"/>
  <system-out><![CDATA[]]></system-out>
  <system-err><![CDATA[]]></system-err>
</testsuite>
