<?xml version="1.0" encoding="UTF-8"?>
<testsuite name="org.jabref.model.util.FileHelperTest" tests="2" skipped="0" failures="0" errors="0" timestamp="2019-02-15T14:25:25" hostname="n184-p67.eduroam.kth.se" time="0.431">
  <properties/>
  <testcase name="extractFileExtension()" classname="org.jabref.model.util.FileHelperTest" time="0.001"/>
  <testcase name="fileExtensionFromUrl()" classname="org.jabref.model.util.FileHelperTest" time="0.43"/>
  <system-out><![CDATA[]]></system-out>
  <system-err><![CDATA[]]></system-err>
</testsuite>
