<?xml version="1.0" encoding="UTF-8"?>
<testsuite name="org.jabref.logic.exporter.HtmlExportFormatTest" tests="1" skipped="0" failures="0" errors="0" timestamp="2019-02-15T14:25:01" hostname="n184-p67.eduroam.kth.se" time="0.034">
  <properties/>
  <testcase name="emitWellFormedHtml(Path)" classname="org.jabref.logic.exporter.HtmlExportFormatTest" time="0.034"/>
  <system-out><![CDATA[]]></system-out>
  <system-err><![CDATA[]]></system-err>
</testsuite>
