<?xml version="1.0" encoding="UTF-8"?>
<testsuite name="org.jabref.logic.search.SearchQueryTest" tests="25" skipped="0" failures="0" errors="0" timestamp="2019-02-15T14:24:26" hostname="n184-p67.eduroam.kth.se" time="0.051">
  <properties/>
  <testcase name="testSimpleTerm()" classname="org.jabref.logic.search.SearchQueryTest" time="0.0"/>
  <testcase name="testIsContainsBasedSearch()" classname="org.jabref.logic.search.SearchQueryTest" time="0.0"/>
  <testcase name="testIsValidQueryContainsBracketNotAsRegEx()" classname="org.jabref.logic.search.SearchQueryTest" time="0.0"/>
  <testcase name="testSearchAllFieldsAndSpecificField()" classname="org.jabref.logic.search.SearchQueryTest" time="0.009"/>
  <testcase name="testGrammarSearchFullEntry()" classname="org.jabref.logic.search.SearchQueryTest" time="0.003"/>
  <testcase name="testIsValidQueryAsRegEx()" classname="org.jabref.logic.search.SearchQueryTest" time="0.0"/>
  <testcase name="testToString()" classname="org.jabref.logic.search.SearchQueryTest" time="0.001"/>
  <testcase name="testIsValidQueryWithEqualSignNotAsRegEx()" classname="org.jabref.logic.search.SearchQueryTest" time="0.0"/>
  <testcase name="testIsValidQueryWithNumbersAndEqualSignAsRegEx()" classname="org.jabref.logic.search.SearchQueryTest" time="0.001"/>
  <testcase name="testSearchAllFieldsNotForSpecificField()" classname="org.jabref.logic.search.SearchQueryTest" time="0.004"/>
  <testcase name="testGrammarSearch()" classname="org.jabref.logic.search.SearchQueryTest" time="0.003"/>
  <testcase name="testSearchMatchesSingleKeywordNotPart()" classname="org.jabref.logic.search.SearchQueryTest" time="0.003"/>
  <testcase name="testIsGrammarBasedSearch()" classname="org.jabref.logic.search.SearchQueryTest" time="0.002"/>
  <testcase name="testIsValidQueryWithEqualSignAsRegEx()" classname="org.jabref.logic.search.SearchQueryTest" time="0.002"/>
  <testcase name="testSearchMatchesSingleKeyword()" classname="org.jabref.logic.search.SearchQueryTest" time="0.001"/>
  <testcase name="testIsValidQueryWithNumbersAsRegEx()" classname="org.jabref.logic.search.SearchQueryTest" time="0.001"/>
  <testcase name="testIsValidQueryContainsBracketAsRegEx()" classname="org.jabref.logic.search.SearchQueryTest" time="0.001"/>
  <testcase name="testIsNotValidQueryContainsBracketNotAsRegEx()" classname="org.jabref.logic.search.SearchQueryTest" time="0.001"/>
  <testcase name="testSearchingForOpenBraketInBooktitle()" classname="org.jabref.logic.search.SearchQueryTest" time="0.003"/>
  <testcase name="testIsValidQueryWithNumbersAndEqualSignNotAsRegEx()" classname="org.jabref.logic.search.SearchQueryTest" time="0.001"/>
  <testcase name="testIsValidQueryNotAsRegEx()" classname="org.jabref.logic.search.SearchQueryTest" time="0.0"/>
  <testcase name="testSearchAllFields()" classname="org.jabref.logic.search.SearchQueryTest" time="0.003"/>
  <testcase name="testGrammarSearchFullEntryLastCharMissing()" classname="org.jabref.logic.search.SearchQueryTest" time="0.001"/>
  <testcase name="testIsMatch()" classname="org.jabref.logic.search.SearchQueryTest" time="0.002"/>
  <testcase name="isMatchedForNormalAndFieldBasedSearchMixed()" classname="org.jabref.logic.search.SearchQueryTest" time="0.003"/>
  <system-out><![CDATA[]]></system-out>
  <system-err><![CDATA[]]></system-err>
</testsuite>
