<?xml version="1.0" encoding="UTF-8"?>
<testsuite name="org.jabref.logic.exporter.CsvExportFormatTest" tests="4" skipped="0" failures="0" errors="0" timestamp="2019-02-15T14:25:01" hostname="n184-p67.eduroam.kth.se" time="0.052">
  <properties/>
  <testcase name="testPerformExportForMultipleAuthors(Path)" classname="org.jabref.logic.exporter.CsvExportFormatTest" time="0.014"/>
  <testcase name="testPerformExportForSingleAuthor(Path)" classname="org.jabref.logic.exporter.CsvExportFormatTest" time="0.011"/>
  <testcase name="testPerformExportForSingleEditor(Path)" classname="org.jabref.logic.exporter.CsvExportFormatTest" time="0.014"/>
  <testcase name="testPerformExportForMultipleEditors(Path)" classname="org.jabref.logic.exporter.CsvExportFormatTest" time="0.011"/>
  <system-out><![CDATA[]]></system-out>
  <system-err><![CDATA[]]></system-err>
</testsuite>
