<?xml version="1.0" encoding="UTF-8"?>
<testsuite name="org.jabref.logic.importer.fileformat.EndnoteImporterTest" tests="9" skipped="0" failures="0" errors="0" timestamp="2019-02-15T14:24:14" hostname="n184-p67.eduroam.kth.se" time="0.041">
  <properties/>
  <testcase name="testGetCLIId()" classname="org.jabref.logic.importer.fileformat.EndnoteImporterTest" time="0.0"/>
  <testcase name="testImportEntriesBookExample()" classname="org.jabref.logic.importer.fileformat.EndnoteImporterTest" time="0.002"/>
  <testcase name="testIsRecognizedFormat()" classname="org.jabref.logic.importer.fileformat.EndnoteImporterTest" time="0.001"/>
  <testcase name="testsGetExtensions()" classname="org.jabref.logic.importer.fileformat.EndnoteImporterTest" time="0.001"/>
  <testcase name="testGetDescription()" classname="org.jabref.logic.importer.fileformat.EndnoteImporterTest" time="0.0"/>
  <testcase name="testIsRecognizedFormatReject()" classname="org.jabref.logic.importer.fileformat.EndnoteImporterTest" time="0.002"/>
  <testcase name="testImportEntries0()" classname="org.jabref.logic.importer.fileformat.EndnoteImporterTest" time="0.029"/>
  <testcase name="testImportEntries1()" classname="org.jabref.logic.importer.fileformat.EndnoteImporterTest" time="0.002"/>
  <testcase name="testGetFormatName()" classname="org.jabref.logic.importer.fileformat.EndnoteImporterTest" time="0.0"/>
  <system-out><![CDATA[]]></system-out>
  <system-err><![CDATA[]]></system-err>
</testsuite>
