<?xml version="1.0" encoding="UTF-8"?>
<testsuite name="org.jabref.logic.search.SearchQueryHighlightObservableTest" tests="3" skipped="0" failures="0" errors="0" timestamp="2019-02-15T14:24:26" hostname="n184-p67.eduroam.kth.se" time="0.189">
  <properties/>
  <testcase name="addSearchListenerNotifiesRegisteredListener()" classname="org.jabref.logic.search.SearchQueryHighlightObservableTest" time="0.059"/>
  <testcase name="addSearchListenerNotifiesListenerAboutPreviousPattern()" classname="org.jabref.logic.search.SearchQueryHighlightObservableTest" time="0.002"/>
  <testcase name="addSearchListenerNotifiesRegisteredListenerAboutGrammarBasedSearches()" classname="org.jabref.logic.search.SearchQueryHighlightObservableTest" time="0.128"/>
  <system-out><![CDATA[]]></system-out>
  <system-err><![CDATA[]]></system-err>
</testsuite>
