<?xml version="1.0" encoding="UTF-8"?>
<testsuite name="org.jabref.model.pdf.FileAnnotationTest" tests="4" skipped="0" failures="0" errors="0" timestamp="2019-02-15T14:25:26" hostname="n184-p67.eduroam.kth.se" time="0.002">
  <properties/>
  <testcase name="testParseDateNoTimezone()" classname="org.jabref.model.pdf.FileAnnotationTest" time="0.0"/>
  <testcase name="testParseNotADate()" classname="org.jabref.model.pdf.FileAnnotationTest" time="0.001"/>
  <testcase name="testParseDatePlusBeforeTimezone()" classname="org.jabref.model.pdf.FileAnnotationTest" time="0.0"/>
  <testcase name="testParseDateMinusBeforeTimezone()" classname="org.jabref.model.pdf.FileAnnotationTest" time="0.001"/>
  <system-out><![CDATA[15:25:26.185 [Test worker] INFO  org.jabref.model.pdf.FileAnnotation - Expected a parseable date string! However, this text could not be parsed: 'gsdfgwergsdf' -  
]]></system-out>
  <system-err><![CDATA[]]></system-err>
</testsuite>
