<?xml version="1.0" encoding="UTF-8"?>
<testsuite name="org.jabref.gui.fieldeditors.LinkedFileViewModelTest" tests="5" skipped="0" failures="0" errors="0" timestamp="2019-02-15T14:25:15" hostname="n184-p67.eduroam.kth.se" time="0.127">
  <properties/>
  <testcase name="deleteWhenFilePathNotPresentReturnsTrue()" classname="org.jabref.gui.fieldeditors.LinkedFileViewModelTest" time="0.108"/>
  <testcase name="deleteWhenDialogCancelledReturnsFalseAndDoesNotRemoveFile()" classname="org.jabref.gui.fieldeditors.LinkedFileViewModelTest" time="0.004"/>
  <testcase name="deleteWhenRemoveChosenReturnsTrueButDoesNotDeletesFile()" classname="org.jabref.gui.fieldeditors.LinkedFileViewModelTest" time="0.004"/>
  <testcase name="deleteMissingFileReturnsTrue()" classname="org.jabref.gui.fieldeditors.LinkedFileViewModelTest" time="0.004"/>
  <testcase name="deleteWhenDeleteChosenReturnsTrueAndDeletesFile()" classname="org.jabref.gui.fieldeditors.LinkedFileViewModelTest" time="0.004"/>
  <system-out><![CDATA[15:25:15.957 [Test worker] WARN  org.jabref.gui.fieldeditors.LinkedFileViewModel - Could not find file nonexistent file -  
15:25:15.972 [Test worker] WARN  org.jabref.gui.fieldeditors.LinkedFileViewModel - Could not find file !!nonexistent file!! -  
]]></system-out>
  <system-err><![CDATA[]]></system-err>
</testsuite>
