<?xml version="1.0" encoding="UTF-8"?>
<testsuite name="org.jabref.logic.util.DevelopmentStageTest" tests="4" skipped="0" failures="0" errors="0" timestamp="2019-02-15T14:24:24" hostname="n184-p67.eduroam.kth.se" time="0.004">
  <properties/>
  <testcase name="parseNull()" classname="org.jabref.logic.util.DevelopmentStageTest" time="0.002"/>
  <testcase name="parseStages()" classname="org.jabref.logic.util.DevelopmentStageTest" time="0.0"/>
  <testcase name="parseUnknownString()" classname="org.jabref.logic.util.DevelopmentStageTest" time="0.0"/>
  <testcase name="checkStabilityOrder()" classname="org.jabref.logic.util.DevelopmentStageTest" time="0.0"/>
  <system-out><![CDATA[15:24:24.849 [Test worker] WARN  org.jabref.logic.util.Version - The stage cannot be null -  
15:24:24.850 [Test worker] WARN  org.jabref.logic.util.Version - Unknown development stage: asdf -  
]]></system-out>
  <system-err><![CDATA[]]></system-err>
</testsuite>
