<?xml version="1.0" encoding="UTF-8"?>
<testsuite name="org.jabref.model.groups.TexGroupTest" tests="2" skipped="0" failures="0" errors="0" timestamp="2019-02-15T14:25:26" hostname="n184-p67.eduroam.kth.se" time="0.004">
  <properties/>
  <testcase name="containsReturnsTrueForEntryNotInAux()" classname="org.jabref.model.groups.TexGroupTest" time="0.003"/>
  <testcase name="containsReturnsTrueForEntryInAux()" classname="org.jabref.model.groups.TexGroupTest" time="0.001"/>
  <system-out><![CDATA[]]></system-out>
  <system-err><![CDATA[]]></system-err>
</testsuite>
