<?xml version="1.0" encoding="UTF-8"?>
<testsuite name="org.jabref.logic.integrity.PagesCheckerBibLatexTest" tests="10" skipped="0" failures="0" errors="0" timestamp="2019-02-15T14:24:48" hostname="n184-p67.eduroam.kth.se" time="0.008">
  <properties/>
  <testcase name="acceptsSinglePageRangeWithEnDashes()" classname="org.jabref.logic.integrity.PagesCheckerBibLatexTest" time="0.0"/>
  <testcase name="acceptsOpenStartPageRange()" classname="org.jabref.logic.integrity.PagesCheckerBibLatexTest" time="0.001"/>
  <testcase name="complainsAboutPPPrefix()" classname="org.jabref.logic.integrity.PagesCheckerBibLatexTest" time="0.001"/>
  <testcase name="acceptsSinglePageRange()" classname="org.jabref.logic.integrity.PagesCheckerBibLatexTest" time="0.001"/>
  <testcase name="acceptsMultiplePageRange()" classname="org.jabref.logic.integrity.PagesCheckerBibLatexTest" time="0.001"/>
  <testcase name="acceptsSinglePage()" classname="org.jabref.logic.integrity.PagesCheckerBibLatexTest" time="0.001"/>
  <testcase name="complainsAboutPPrefix()" classname="org.jabref.logic.integrity.PagesCheckerBibLatexTest" time="0.001"/>
  <testcase name="acceptsSinglePageRangeWithDoubleDashes()" classname="org.jabref.logic.integrity.PagesCheckerBibLatexTest" time="0.0"/>
  <testcase name="acceptsSinglePageRangeWithPagePrefix()" classname="org.jabref.logic.integrity.PagesCheckerBibLatexTest" time="0.001"/>
  <testcase name="acceptsOpenEndPageRange()" classname="org.jabref.logic.integrity.PagesCheckerBibLatexTest" time="0.001"/>
  <system-out><![CDATA[]]></system-out>
  <system-err><![CDATA[]]></system-err>
</testsuite>
