<?xml version="1.0" encoding="UTF-8"?>
<testsuite name="org.jabref.logic.importer.fileformat.MedlineImporterTestFiles" tests="208" skipped="0" failures="0" errors="0" timestamp="2019-02-15T14:24:11" hostname="n184-p67.eduroam.kth.se" time="2.754">
  <properties/>
  <testcase name="testImportEntries(String)[1]" classname="org.jabref.logic.importer.fileformat.MedlineImporterTestFiles" time="0.262"/>
  <testcase name="testImportEntries(String)[2]" classname="org.jabref.logic.importer.fileformat.MedlineImporterTestFiles" time="0.212"/>
  <testcase name="testImportEntries(String)[3]" classname="org.jabref.logic.importer.fileformat.MedlineImporterTestFiles" time="0.208"/>
  <testcase name="testImportEntries(String)[4]" classname="org.jabref.logic.importer.fileformat.MedlineImporterTestFiles" time="0.215"/>
  <testcase name="testImportEntries(String)[5]" classname="org.jabref.logic.importer.fileformat.MedlineImporterTestFiles" time="0.201"/>
  <testcase name="testImportEntries(String)[6]" classname="org.jabref.logic.importer.fileformat.MedlineImporterTestFiles" time="0.199"/>
  <testcase name="testImportEntries(String)[7]" classname="org.jabref.logic.importer.fileformat.MedlineImporterTestFiles" time="0.96"/>
  <testcase name="testImportMalfomedFiles(String)[1]" classname="org.jabref.logic.importer.fileformat.MedlineImporterTestFiles" time="0.24"/>
  <testcase name="testIsRecognizedFormat(String)[1]" classname="org.jabref.logic.importer.fileformat.MedlineImporterTestFiles" time="0.001"/>
  <testcase name="testIsRecognizedFormat(String)[2]" classname="org.jabref.logic.importer.fileformat.MedlineImporterTestFiles" time="0.001"/>
  <testcase name="testIsRecognizedFormat(String)[3]" classname="org.jabref.logic.importer.fileformat.MedlineImporterTestFiles" time="0.001"/>
  <testcase name="testIsRecognizedFormat(String)[4]" classname="org.jabref.logic.importer.fileformat.MedlineImporterTestFiles" time="0.001"/>
  <testcase name="testIsRecognizedFormat(String)[5]" classname="org.jabref.logic.importer.fileformat.MedlineImporterTestFiles" time="0.0"/>
  <testcase name="testIsRecognizedFormat(String)[6]" classname="org.jabref.logic.importer.fileformat.MedlineImporterTestFiles" time="0.0"/>
  <testcase name="testIsRecognizedFormat(String)[7]" classname="org.jabref.logic.importer.fileformat.MedlineImporterTestFiles" time="0.001"/>
  <testcase name="testIsNotRecognizedFormat(String)[1]" classname="org.jabref.logic.importer.fileformat.MedlineImporterTestFiles" time="0.002"/>
  <testcase name="testIsNotRecognizedFormat(String)[2]" classname="org.jabref.logic.importer.fileformat.MedlineImporterTestFiles" time="0.001"/>
  <testcase name="testIsNotRecognizedFormat(String)[3]" classname="org.jabref.logic.importer.fileformat.MedlineImporterTestFiles" time="0.0"/>
  <testcase name="testIsNotRecognizedFormat(String)[4]" classname="org.jabref.logic.importer.fileformat.MedlineImporterTestFiles" time="0.001"/>
  <testcase name="testIsNotRecognizedFormat(String)[5]" classname="org.jabref.logic.importer.fileformat.MedlineImporterTestFiles" time="0.001"/>
  <testcase name="testIsNotRecognizedFormat(String)[6]" classname="org.jabref.logic.importer.fileformat.MedlineImporterTestFiles" time="0.001"/>
  <testcase name="testIsNotRecognizedFormat(String)[7]" classname="org.jabref.logic.importer.fileformat.MedlineImporterTestFiles" time="0.001"/>
  <testcase name="testIsNotRecognizedFormat(String)[8]" classname="org.jabref.logic.importer.fileformat.MedlineImporterTestFiles" time="0.001"/>
  <testcase name="testIsNotRecognizedFormat(String)[9]" classname="org.jabref.logic.importer.fileformat.MedlineImporterTestFiles" time="0.001"/>
  <testcase name="testIsNotRecognizedFormat(String)[10]" classname="org.jabref.logic.importer.fileformat.MedlineImporterTestFiles" time="0.001"/>
  <testcase name="testIsNotRecognizedFormat(String)[11]" classname="org.jabref.logic.importer.fileformat.MedlineImporterTestFiles" time="0.001"/>
  <testcase name="testIsNotRecognizedFormat(String)[12]" classname="org.jabref.logic.importer.fileformat.MedlineImporterTestFiles" time="0.001"/>
  <testcase name="testIsNotRecognizedFormat(String)[13]" classname="org.jabref.logic.importer.fileformat.MedlineImporterTestFiles" time="0.001"/>
  <testcase name="testIsNotRecognizedFormat(String)[14]" classname="org.jabref.logic.importer.fileformat.MedlineImporterTestFiles" time="0.001"/>
  <testcase name="testIsNotRecognizedFormat(String)[15]" classname="org.jabref.logic.importer.fileformat.MedlineImporterTestFiles" time="0.0"/>
  <testcase name="testIsNotRecognizedFormat(String)[16]" classname="org.jabref.logic.importer.fileformat.MedlineImporterTestFiles" time="0.001"/>
  <testcase name="testIsNotRecognizedFormat(String)[17]" classname="org.jabref.logic.importer.fileformat.MedlineImporterTestFiles" time="0.0"/>
  <testcase name="testIsNotRecognizedFormat(String)[18]" classname="org.jabref.logic.importer.fileformat.MedlineImporterTestFiles" time="0.001"/>
  <testcase name="testIsNotRecognizedFormat(String)[19]" classname="org.jabref.logic.importer.fileformat.MedlineImporterTestFiles" time="0.001"/>
  <testcase name="testIsNotRecognizedFormat(String)[20]" classname="org.jabref.logic.importer.fileformat.MedlineImporterTestFiles" time="0.0"/>
  <testcase name="testIsNotRecognizedFormat(String)[21]" classname="org.jabref.logic.importer.fileformat.MedlineImporterTestFiles" time="0.0"/>
  <testcase name="testIsNotRecognizedFormat(String)[22]" classname="org.jabref.logic.importer.fileformat.MedlineImporterTestFiles" time="0.001"/>
  <testcase name="testIsNotRecognizedFormat(String)[23]" classname="org.jabref.logic.importer.fileformat.MedlineImporterTestFiles" time="0.001"/>
  <testcase name="testIsNotRecognizedFormat(String)[24]" classname="org.jabref.logic.importer.fileformat.MedlineImporterTestFiles" time="0.001"/>
  <testcase name="testIsNotRecognizedFormat(String)[25]" classname="org.jabref.logic.importer.fileformat.MedlineImporterTestFiles" time="0.001"/>
  <testcase name="testIsNotRecognizedFormat(String)[26]" classname="org.jabref.logic.importer.fileformat.MedlineImporterTestFiles" time="0.001"/>
  <testcase name="testIsNotRecognizedFormat(String)[27]" classname="org.jabref.logic.importer.fileformat.MedlineImporterTestFiles" time="0.0"/>
  <testcase name="testIsNotRecognizedFormat(String)[28]" classname="org.jabref.logic.importer.fileformat.MedlineImporterTestFiles" time="0.001"/>
  <testcase name="testIsNotRecognizedFormat(String)[29]" classname="org.jabref.logic.importer.fileformat.MedlineImporterTestFiles" time="0.001"/>
  <testcase name="testIsNotRecognizedFormat(String)[30]" classname="org.jabref.logic.importer.fileformat.MedlineImporterTestFiles" time="0.002"/>
  <testcase name="testIsNotRecognizedFormat(String)[31]" classname="org.jabref.logic.importer.fileformat.MedlineImporterTestFiles" time="0.001"/>
  <testcase name="testIsNotRecognizedFormat(String)[32]" classname="org.jabref.logic.importer.fileformat.MedlineImporterTestFiles" time="0.001"/>
  <testcase name="testIsNotRecognizedFormat(String)[33]" classname="org.jabref.logic.importer.fileformat.MedlineImporterTestFiles" time="0.001"/>
  <testcase name="testIsNotRecognizedFormat(String)[34]" classname="org.jabref.logic.importer.fileformat.MedlineImporterTestFiles" time="0.0"/>
  <testcase name="testIsNotRecognizedFormat(String)[35]" classname="org.jabref.logic.importer.fileformat.MedlineImporterTestFiles" time="0.001"/>
  <testcase name="testIsNotRecognizedFormat(String)[36]" classname="org.jabref.logic.importer.fileformat.MedlineImporterTestFiles" time="0.001"/>
  <testcase name="testIsNotRecognizedFormat(String)[37]" classname="org.jabref.logic.importer.fileformat.MedlineImporterTestFiles" time="0.001"/>
  <testcase name="testIsNotRecognizedFormat(String)[38]" classname="org.jabref.logic.importer.fileformat.MedlineImporterTestFiles" time="0.001"/>
  <testcase name="testIsNotRecognizedFormat(String)[39]" classname="org.jabref.logic.importer.fileformat.MedlineImporterTestFiles" time="0.001"/>
  <testcase name="testIsNotRecognizedFormat(String)[40]" classname="org.jabref.logic.importer.fileformat.MedlineImporterTestFiles" time="0.001"/>
  <testcase name="testIsNotRecognizedFormat(String)[41]" classname="org.jabref.logic.importer.fileformat.MedlineImporterTestFiles" time="0.001"/>
  <testcase name="testIsNotRecognizedFormat(String)[42]" classname="org.jabref.logic.importer.fileformat.MedlineImporterTestFiles" time="0.0"/>
  <testcase name="testIsNotRecognizedFormat(String)[43]" classname="org.jabref.logic.importer.fileformat.MedlineImporterTestFiles" time="0.0"/>
  <testcase name="testIsNotRecognizedFormat(String)[44]" classname="org.jabref.logic.importer.fileformat.MedlineImporterTestFiles" time="0.0"/>
  <testcase name="testIsNotRecognizedFormat(String)[45]" classname="org.jabref.logic.importer.fileformat.MedlineImporterTestFiles" time="0.001"/>
  <testcase name="testIsNotRecognizedFormat(String)[46]" classname="org.jabref.logic.importer.fileformat.MedlineImporterTestFiles" time="0.001"/>
  <testcase name="testIsNotRecognizedFormat(String)[47]" classname="org.jabref.logic.importer.fileformat.MedlineImporterTestFiles" time="0.0"/>
  <testcase name="testIsNotRecognizedFormat(String)[48]" classname="org.jabref.logic.importer.fileformat.MedlineImporterTestFiles" time="0.001"/>
  <testcase name="testIsNotRecognizedFormat(String)[49]" classname="org.jabref.logic.importer.fileformat.MedlineImporterTestFiles" time="0.001"/>
  <testcase name="testIsNotRecognizedFormat(String)[50]" classname="org.jabref.logic.importer.fileformat.MedlineImporterTestFiles" time="0.001"/>
  <testcase name="testIsNotRecognizedFormat(String)[51]" classname="org.jabref.logic.importer.fileformat.MedlineImporterTestFiles" time="0.0"/>
  <testcase name="testIsNotRecognizedFormat(String)[52]" classname="org.jabref.logic.importer.fileformat.MedlineImporterTestFiles" time="0.0"/>
  <testcase name="testIsNotRecognizedFormat(String)[53]" classname="org.jabref.logic.importer.fileformat.MedlineImporterTestFiles" time="0.0"/>
  <testcase name="testIsNotRecognizedFormat(String)[54]" classname="org.jabref.logic.importer.fileformat.MedlineImporterTestFiles" time="0.001"/>
  <testcase name="testIsNotRecognizedFormat(String)[55]" classname="org.jabref.logic.importer.fileformat.MedlineImporterTestFiles" time="0.002"/>
  <testcase name="testIsNotRecognizedFormat(String)[56]" classname="org.jabref.logic.importer.fileformat.MedlineImporterTestFiles" time="0.0"/>
  <testcase name="testIsNotRecognizedFormat(String)[57]" classname="org.jabref.logic.importer.fileformat.MedlineImporterTestFiles" time="0.0"/>
  <testcase name="testIsNotRecognizedFormat(String)[58]" classname="org.jabref.logic.importer.fileformat.MedlineImporterTestFiles" time="0.0"/>
  <testcase name="testIsNotRecognizedFormat(String)[59]" classname="org.jabref.logic.importer.fileformat.MedlineImporterTestFiles" time="0.0"/>
  <testcase name="testIsNotRecognizedFormat(String)[60]" classname="org.jabref.logic.importer.fileformat.MedlineImporterTestFiles" time="0.0"/>
  <testcase name="testIsNotRecognizedFormat(String)[61]" classname="org.jabref.logic.importer.fileformat.MedlineImporterTestFiles" time="0.0"/>
  <testcase name="testIsNotRecognizedFormat(String)[62]" classname="org.jabref.logic.importer.fileformat.MedlineImporterTestFiles" time="0.0"/>
  <testcase name="testIsNotRecognizedFormat(String)[63]" classname="org.jabref.logic.importer.fileformat.MedlineImporterTestFiles" time="0.0"/>
  <testcase name="testIsNotRecognizedFormat(String)[64]" classname="org.jabref.logic.importer.fileformat.MedlineImporterTestFiles" time="0.0"/>
  <testcase name="testIsNotRecognizedFormat(String)[65]" classname="org.jabref.logic.importer.fileformat.MedlineImporterTestFiles" time="0.001"/>
  <testcase name="testIsNotRecognizedFormat(String)[66]" classname="org.jabref.logic.importer.fileformat.MedlineImporterTestFiles" time="0.001"/>
  <testcase name="testIsNotRecognizedFormat(String)[67]" classname="org.jabref.logic.importer.fileformat.MedlineImporterTestFiles" time="0.001"/>
  <testcase name="testIsNotRecognizedFormat(String)[68]" classname="org.jabref.logic.importer.fileformat.MedlineImporterTestFiles" time="0.0"/>
  <testcase name="testIsNotRecognizedFormat(String)[69]" classname="org.jabref.logic.importer.fileformat.MedlineImporterTestFiles" time="0.0"/>
  <testcase name="testIsNotRecognizedFormat(String)[70]" classname="org.jabref.logic.importer.fileformat.MedlineImporterTestFiles" time="0.001"/>
  <testcase name="testIsNotRecognizedFormat(String)[71]" classname="org.jabref.logic.importer.fileformat.MedlineImporterTestFiles" time="0.0"/>
  <testcase name="testIsNotRecognizedFormat(String)[72]" classname="org.jabref.logic.importer.fileformat.MedlineImporterTestFiles" time="0.0"/>
  <testcase name="testIsNotRecognizedFormat(String)[73]" classname="org.jabref.logic.importer.fileformat.MedlineImporterTestFiles" time="0.0"/>
  <testcase name="testIsNotRecognizedFormat(String)[74]" classname="org.jabref.logic.importer.fileformat.MedlineImporterTestFiles" time="0.001"/>
  <testcase name="testIsNotRecognizedFormat(String)[75]" classname="org.jabref.logic.importer.fileformat.MedlineImporterTestFiles" time="0.001"/>
  <testcase name="testIsNotRecognizedFormat(String)[76]" classname="org.jabref.logic.importer.fileformat.MedlineImporterTestFiles" time="0.0"/>
  <testcase name="testIsNotRecognizedFormat(String)[77]" classname="org.jabref.logic.importer.fileformat.MedlineImporterTestFiles" time="0.001"/>
  <testcase name="testIsNotRecognizedFormat(String)[78]" classname="org.jabref.logic.importer.fileformat.MedlineImporterTestFiles" time="0.001"/>
  <testcase name="testIsNotRecognizedFormat(String)[79]" classname="org.jabref.logic.importer.fileformat.MedlineImporterTestFiles" time="0.001"/>
  <testcase name="testIsNotRecognizedFormat(String)[80]" classname="org.jabref.logic.importer.fileformat.MedlineImporterTestFiles" time="0.0"/>
  <testcase name="testIsNotRecognizedFormat(String)[81]" classname="org.jabref.logic.importer.fileformat.MedlineImporterTestFiles" time="0.0"/>
  <testcase name="testIsNotRecognizedFormat(String)[82]" classname="org.jabref.logic.importer.fileformat.MedlineImporterTestFiles" time="0.0"/>
  <testcase name="testIsNotRecognizedFormat(String)[83]" classname="org.jabref.logic.importer.fileformat.MedlineImporterTestFiles" time="0.001"/>
  <testcase name="testIsNotRecognizedFormat(String)[84]" classname="org.jabref.logic.importer.fileformat.MedlineImporterTestFiles" time="0.001"/>
  <testcase name="testIsNotRecognizedFormat(String)[85]" classname="org.jabref.logic.importer.fileformat.MedlineImporterTestFiles" time="0.001"/>
  <testcase name="testIsNotRecognizedFormat(String)[86]" classname="org.jabref.logic.importer.fileformat.MedlineImporterTestFiles" time="0.0"/>
  <testcase name="testIsNotRecognizedFormat(String)[87]" classname="org.jabref.logic.importer.fileformat.MedlineImporterTestFiles" time="0.0"/>
  <testcase name="testIsNotRecognizedFormat(String)[88]" classname="org.jabref.logic.importer.fileformat.MedlineImporterTestFiles" time="0.001"/>
  <testcase name="testIsNotRecognizedFormat(String)[89]" classname="org.jabref.logic.importer.fileformat.MedlineImporterTestFiles" time="0.001"/>
  <testcase name="testIsNotRecognizedFormat(String)[90]" classname="org.jabref.logic.importer.fileformat.MedlineImporterTestFiles" time="0.001"/>
  <testcase name="testIsNotRecognizedFormat(String)[91]" classname="org.jabref.logic.importer.fileformat.MedlineImporterTestFiles" time="0.001"/>
  <testcase name="testIsNotRecognizedFormat(String)[92]" classname="org.jabref.logic.importer.fileformat.MedlineImporterTestFiles" time="0.0"/>
  <testcase name="testIsNotRecognizedFormat(String)[93]" classname="org.jabref.logic.importer.fileformat.MedlineImporterTestFiles" time="0.0"/>
  <testcase name="testIsNotRecognizedFormat(String)[94]" classname="org.jabref.logic.importer.fileformat.MedlineImporterTestFiles" time="0.0"/>
  <testcase name="testIsNotRecognizedFormat(String)[95]" classname="org.jabref.logic.importer.fileformat.MedlineImporterTestFiles" time="0.001"/>
  <testcase name="testIsNotRecognizedFormat(String)[96]" classname="org.jabref.logic.importer.fileformat.MedlineImporterTestFiles" time="0.001"/>
  <testcase name="testIsNotRecognizedFormat(String)[97]" classname="org.jabref.logic.importer.fileformat.MedlineImporterTestFiles" time="0.0"/>
  <testcase name="testIsNotRecognizedFormat(String)[98]" classname="org.jabref.logic.importer.fileformat.MedlineImporterTestFiles" time="0.0"/>
  <testcase name="testIsNotRecognizedFormat(String)[99]" classname="org.jabref.logic.importer.fileformat.MedlineImporterTestFiles" time="0.001"/>
  <testcase name="testIsNotRecognizedFormat(String)[100]" classname="org.jabref.logic.importer.fileformat.MedlineImporterTestFiles" time="0.001"/>
  <testcase name="testIsNotRecognizedFormat(String)[101]" classname="org.jabref.logic.importer.fileformat.MedlineImporterTestFiles" time="0.001"/>
  <testcase name="testIsNotRecognizedFormat(String)[102]" classname="org.jabref.logic.importer.fileformat.MedlineImporterTestFiles" time="0.001"/>
  <testcase name="testIsNotRecognizedFormat(String)[103]" classname="org.jabref.logic.importer.fileformat.MedlineImporterTestFiles" time="0.0"/>
  <testcase name="testIsNotRecognizedFormat(String)[104]" classname="org.jabref.logic.importer.fileformat.MedlineImporterTestFiles" time="0.001"/>
  <testcase name="testIsNotRecognizedFormat(String)[105]" classname="org.jabref.logic.importer.fileformat.MedlineImporterTestFiles" time="0.001"/>
  <testcase name="testIsNotRecognizedFormat(String)[106]" classname="org.jabref.logic.importer.fileformat.MedlineImporterTestFiles" time="0.0"/>
  <testcase name="testIsNotRecognizedFormat(String)[107]" classname="org.jabref.logic.importer.fileformat.MedlineImporterTestFiles" time="0.0"/>
  <testcase name="testIsNotRecognizedFormat(String)[108]" classname="org.jabref.logic.importer.fileformat.MedlineImporterTestFiles" time="0.0"/>
  <testcase name="testIsNotRecognizedFormat(String)[109]" classname="org.jabref.logic.importer.fileformat.MedlineImporterTestFiles" time="0.0"/>
  <testcase name="testIsNotRecognizedFormat(String)[110]" classname="org.jabref.logic.importer.fileformat.MedlineImporterTestFiles" time="0.0"/>
  <testcase name="testIsNotRecognizedFormat(String)[111]" classname="org.jabref.logic.importer.fileformat.MedlineImporterTestFiles" time="0.001"/>
  <testcase name="testIsNotRecognizedFormat(String)[112]" classname="org.jabref.logic.importer.fileformat.MedlineImporterTestFiles" time="0.001"/>
  <testcase name="testIsNotRecognizedFormat(String)[113]" classname="org.jabref.logic.importer.fileformat.MedlineImporterTestFiles" time="0.001"/>
  <testcase name="testIsNotRecognizedFormat(String)[114]" classname="org.jabref.logic.importer.fileformat.MedlineImporterTestFiles" time="0.001"/>
  <testcase name="testIsNotRecognizedFormat(String)[115]" classname="org.jabref.logic.importer.fileformat.MedlineImporterTestFiles" time="0.002"/>
  <testcase name="testIsNotRecognizedFormat(String)[116]" classname="org.jabref.logic.importer.fileformat.MedlineImporterTestFiles" time="0.001"/>
  <testcase name="testIsNotRecognizedFormat(String)[117]" classname="org.jabref.logic.importer.fileformat.MedlineImporterTestFiles" time="0.0"/>
  <testcase name="testIsNotRecognizedFormat(String)[118]" classname="org.jabref.logic.importer.fileformat.MedlineImporterTestFiles" time="0.0"/>
  <testcase name="testIsNotRecognizedFormat(String)[119]" classname="org.jabref.logic.importer.fileformat.MedlineImporterTestFiles" time="0.001"/>
  <testcase name="testIsNotRecognizedFormat(String)[120]" classname="org.jabref.logic.importer.fileformat.MedlineImporterTestFiles" time="0.001"/>
  <testcase name="testIsNotRecognizedFormat(String)[121]" classname="org.jabref.logic.importer.fileformat.MedlineImporterTestFiles" time="0.001"/>
  <testcase name="testIsNotRecognizedFormat(String)[122]" classname="org.jabref.logic.importer.fileformat.MedlineImporterTestFiles" time="0.001"/>
  <testcase name="testIsNotRecognizedFormat(String)[123]" classname="org.jabref.logic.importer.fileformat.MedlineImporterTestFiles" time="0.0"/>
  <testcase name="testIsNotRecognizedFormat(String)[124]" classname="org.jabref.logic.importer.fileformat.MedlineImporterTestFiles" time="0.0"/>
  <testcase name="testIsNotRecognizedFormat(String)[125]" classname="org.jabref.logic.importer.fileformat.MedlineImporterTestFiles" time="0.001"/>
  <testcase name="testIsNotRecognizedFormat(String)[126]" classname="org.jabref.logic.importer.fileformat.MedlineImporterTestFiles" time="0.001"/>
  <testcase name="testIsNotRecognizedFormat(String)[127]" classname="org.jabref.logic.importer.fileformat.MedlineImporterTestFiles" time="0.001"/>
  <testcase name="testIsNotRecognizedFormat(String)[128]" classname="org.jabref.logic.importer.fileformat.MedlineImporterTestFiles" time="0.001"/>
  <testcase name="testIsNotRecognizedFormat(String)[129]" classname="org.jabref.logic.importer.fileformat.MedlineImporterTestFiles" time="0.0"/>
  <testcase name="testIsNotRecognizedFormat(String)[130]" classname="org.jabref.logic.importer.fileformat.MedlineImporterTestFiles" time="0.0"/>
  <testcase name="testIsNotRecognizedFormat(String)[131]" classname="org.jabref.logic.importer.fileformat.MedlineImporterTestFiles" time="0.0"/>
  <testcase name="testIsNotRecognizedFormat(String)[132]" classname="org.jabref.logic.importer.fileformat.MedlineImporterTestFiles" time="0.001"/>
  <testcase name="testIsNotRecognizedFormat(String)[133]" classname="org.jabref.logic.importer.fileformat.MedlineImporterTestFiles" time="0.001"/>
  <testcase name="testIsNotRecognizedFormat(String)[134]" classname="org.jabref.logic.importer.fileformat.MedlineImporterTestFiles" time="0.001"/>
  <testcase name="testIsNotRecognizedFormat(String)[135]" classname="org.jabref.logic.importer.fileformat.MedlineImporterTestFiles" time="0.0"/>
  <testcase name="testIsNotRecognizedFormat(String)[136]" classname="org.jabref.logic.importer.fileformat.MedlineImporterTestFiles" time="0.001"/>
  <testcase name="testIsNotRecognizedFormat(String)[137]" classname="org.jabref.logic.importer.fileformat.MedlineImporterTestFiles" time="0.004"/>
  <testcase name="testIsNotRecognizedFormat(String)[138]" classname="org.jabref.logic.importer.fileformat.MedlineImporterTestFiles" time="0.001"/>
  <testcase name="testIsNotRecognizedFormat(String)[139]" classname="org.jabref.logic.importer.fileformat.MedlineImporterTestFiles" time="0.001"/>
  <testcase name="testIsNotRecognizedFormat(String)[140]" classname="org.jabref.logic.importer.fileformat.MedlineImporterTestFiles" time="0.001"/>
  <testcase name="testIsNotRecognizedFormat(String)[141]" classname="org.jabref.logic.importer.fileformat.MedlineImporterTestFiles" time="0.001"/>
  <testcase name="testIsNotRecognizedFormat(String)[142]" classname="org.jabref.logic.importer.fileformat.MedlineImporterTestFiles" time="0.001"/>
  <testcase name="testIsNotRecognizedFormat(String)[143]" classname="org.jabref.logic.importer.fileformat.MedlineImporterTestFiles" time="0.001"/>
  <testcase name="testIsNotRecognizedFormat(String)[144]" classname="org.jabref.logic.importer.fileformat.MedlineImporterTestFiles" time="0.001"/>
  <testcase name="testIsNotRecognizedFormat(String)[145]" classname="org.jabref.logic.importer.fileformat.MedlineImporterTestFiles" time="0.001"/>
  <testcase name="testIsNotRecognizedFormat(String)[146]" classname="org.jabref.logic.importer.fileformat.MedlineImporterTestFiles" time="0.001"/>
  <testcase name="testIsNotRecognizedFormat(String)[147]" classname="org.jabref.logic.importer.fileformat.MedlineImporterTestFiles" time="0.001"/>
  <testcase name="testIsNotRecognizedFormat(String)[148]" classname="org.jabref.logic.importer.fileformat.MedlineImporterTestFiles" time="0.001"/>
  <testcase name="testIsNotRecognizedFormat(String)[149]" classname="org.jabref.logic.importer.fileformat.MedlineImporterTestFiles" time="0.0"/>
  <testcase name="testIsNotRecognizedFormat(String)[150]" classname="org.jabref.logic.importer.fileformat.MedlineImporterTestFiles" time="0.0"/>
  <testcase name="testIsNotRecognizedFormat(String)[151]" classname="org.jabref.logic.importer.fileformat.MedlineImporterTestFiles" time="0.0"/>
  <testcase name="testIsNotRecognizedFormat(String)[152]" classname="org.jabref.logic.importer.fileformat.MedlineImporterTestFiles" time="0.001"/>
  <testcase name="testIsNotRecognizedFormat(String)[153]" classname="org.jabref.logic.importer.fileformat.MedlineImporterTestFiles" time="0.001"/>
  <testcase name="testIsNotRecognizedFormat(String)[154]" classname="org.jabref.logic.importer.fileformat.MedlineImporterTestFiles" time="0.001"/>
  <testcase name="testIsNotRecognizedFormat(String)[155]" classname="org.jabref.logic.importer.fileformat.MedlineImporterTestFiles" time="0.0"/>
  <testcase name="testIsNotRecognizedFormat(String)[156]" classname="org.jabref.logic.importer.fileformat.MedlineImporterTestFiles" time="0.0"/>
  <testcase name="testIsNotRecognizedFormat(String)[157]" classname="org.jabref.logic.importer.fileformat.MedlineImporterTestFiles" time="0.001"/>
  <testcase name="testIsNotRecognizedFormat(String)[158]" classname="org.jabref.logic.importer.fileformat.MedlineImporterTestFiles" time="0.001"/>
  <testcase name="testIsNotRecognizedFormat(String)[159]" classname="org.jabref.logic.importer.fileformat.MedlineImporterTestFiles" time="0.0"/>
  <testcase name="testIsNotRecognizedFormat(String)[160]" classname="org.jabref.logic.importer.fileformat.MedlineImporterTestFiles" time="0.0"/>
  <testcase name="testIsNotRecognizedFormat(String)[161]" classname="org.jabref.logic.importer.fileformat.MedlineImporterTestFiles" time="0.001"/>
  <testcase name="testIsNotRecognizedFormat(String)[162]" classname="org.jabref.logic.importer.fileformat.MedlineImporterTestFiles" time="0.001"/>
  <testcase name="testIsNotRecognizedFormat(String)[163]" classname="org.jabref.logic.importer.fileformat.MedlineImporterTestFiles" time="0.001"/>
  <testcase name="testIsNotRecognizedFormat(String)[164]" classname="org.jabref.logic.importer.fileformat.MedlineImporterTestFiles" time="0.001"/>
  <testcase name="testIsNotRecognizedFormat(String)[165]" classname="org.jabref.logic.importer.fileformat.MedlineImporterTestFiles" time="0.0"/>
  <testcase name="testIsNotRecognizedFormat(String)[166]" classname="org.jabref.logic.importer.fileformat.MedlineImporterTestFiles" time="0.0"/>
  <testcase name="testIsNotRecognizedFormat(String)[167]" classname="org.jabref.logic.importer.fileformat.MedlineImporterTestFiles" time="0.001"/>
  <testcase name="testIsNotRecognizedFormat(String)[168]" classname="org.jabref.logic.importer.fileformat.MedlineImporterTestFiles" time="0.001"/>
  <testcase name="testIsNotRecognizedFormat(String)[169]" classname="org.jabref.logic.importer.fileformat.MedlineImporterTestFiles" time="0.001"/>
  <testcase name="testIsNotRecognizedFormat(String)[170]" classname="org.jabref.logic.importer.fileformat.MedlineImporterTestFiles" time="0.001"/>
  <testcase name="testIsNotRecognizedFormat(String)[171]" classname="org.jabref.logic.importer.fileformat.MedlineImporterTestFiles" time="0.0"/>
  <testcase name="testIsNotRecognizedFormat(String)[172]" classname="org.jabref.logic.importer.fileformat.MedlineImporterTestFiles" time="0.001"/>
  <testcase name="testIsNotRecognizedFormat(String)[173]" classname="org.jabref.logic.importer.fileformat.MedlineImporterTestFiles" time="0.001"/>
  <testcase name="testIsNotRecognizedFormat(String)[174]" classname="org.jabref.logic.importer.fileformat.MedlineImporterTestFiles" time="0.001"/>
  <testcase name="testIsNotRecognizedFormat(String)[175]" classname="org.jabref.logic.importer.fileformat.MedlineImporterTestFiles" time="0.0"/>
  <testcase name="testIsNotRecognizedFormat(String)[176]" classname="org.jabref.logic.importer.fileformat.MedlineImporterTestFiles" time="0.001"/>
  <testcase name="testIsNotRecognizedFormat(String)[177]" classname="org.jabref.logic.importer.fileformat.MedlineImporterTestFiles" time="0.001"/>
  <testcase name="testIsNotRecognizedFormat(String)[178]" classname="org.jabref.logic.importer.fileformat.MedlineImporterTestFiles" time="0.001"/>
  <testcase name="testIsNotRecognizedFormat(String)[179]" classname="org.jabref.logic.importer.fileformat.MedlineImporterTestFiles" time="0.001"/>
  <testcase name="testIsNotRecognizedFormat(String)[180]" classname="org.jabref.logic.importer.fileformat.MedlineImporterTestFiles" time="0.0"/>
  <testcase name="testIsNotRecognizedFormat(String)[181]" classname="org.jabref.logic.importer.fileformat.MedlineImporterTestFiles" time="0.001"/>
  <testcase name="testIsNotRecognizedFormat(String)[182]" classname="org.jabref.logic.importer.fileformat.MedlineImporterTestFiles" time="0.001"/>
  <testcase name="testIsNotRecognizedFormat(String)[183]" classname="org.jabref.logic.importer.fileformat.MedlineImporterTestFiles" time="0.001"/>
  <testcase name="testIsNotRecognizedFormat(String)[184]" classname="org.jabref.logic.importer.fileformat.MedlineImporterTestFiles" time="0.0"/>
  <testcase name="testIsNotRecognizedFormat(String)[185]" classname="org.jabref.logic.importer.fileformat.MedlineImporterTestFiles" time="0.0"/>
  <testcase name="testIsNotRecognizedFormat(String)[186]" classname="org.jabref.logic.importer.fileformat.MedlineImporterTestFiles" time="0.0"/>
  <testcase name="testIsNotRecognizedFormat(String)[187]" classname="org.jabref.logic.importer.fileformat.MedlineImporterTestFiles" time="0.001"/>
  <testcase name="testIsNotRecognizedFormat(String)[188]" classname="org.jabref.logic.importer.fileformat.MedlineImporterTestFiles" time="0.001"/>
  <testcase name="testIsNotRecognizedFormat(String)[189]" classname="org.jabref.logic.importer.fileformat.MedlineImporterTestFiles" time="0.0"/>
  <testcase name="testIsNotRecognizedFormat(String)[190]" classname="org.jabref.logic.importer.fileformat.MedlineImporterTestFiles" time="0.0"/>
  <testcase name="testIsNotRecognizedFormat(String)[191]" classname="org.jabref.logic.importer.fileformat.MedlineImporterTestFiles" time="0.0"/>
  <testcase name="testIsNotRecognizedFormat(String)[192]" classname="org.jabref.logic.importer.fileformat.MedlineImporterTestFiles" time="0.0"/>
  <testcase name="testIsNotRecognizedFormat(String)[193]" classname="org.jabref.logic.importer.fileformat.MedlineImporterTestFiles" time="0.0"/>
  <system-out><![CDATA[]]></system-out>
  <system-err><![CDATA[]]></system-err>
</testsuite>
