<?xml version="1.0" encoding="UTF-8"?>
<testsuite name="org.jabref.logic.importer.OpenDatabaseTest" tests="8" skipped="0" failures="0" errors="0" timestamp="2019-02-15T14:24:24" hostname="n184-p67.eduroam.kth.se" time="0.039">
  <properties/>
  <testcase name="useFallbackEncodingIfNoHeader()" classname="org.jabref.logic.importer.OpenDatabaseTest" time="0.005"/>
  <testcase name="correctlyParseEncodingWithoutNewline()" classname="org.jabref.logic.importer.OpenDatabaseTest" time="0.003"/>
  <testcase name="entriesAreParsedHeader()" classname="org.jabref.logic.importer.OpenDatabaseTest" time="0.004"/>
  <testcase name="entriesAreParsedHeaderAndSignature()" classname="org.jabref.logic.importer.OpenDatabaseTest" time="0.005"/>
  <testcase name="useSpecifiedEncodingWithSignature()" classname="org.jabref.logic.importer.OpenDatabaseTest" time="0.005"/>
  <testcase name="useFallbackEncodingIfUnknownHeader()" classname="org.jabref.logic.importer.OpenDatabaseTest" time="0.003"/>
  <testcase name="useSpecifiedEncoding()" classname="org.jabref.logic.importer.OpenDatabaseTest" time="0.005"/>
  <testcase name="entriesAreParsedNoHeader()" classname="org.jabref.logic.importer.OpenDatabaseTest" time="0.004"/>
  <system-out><![CDATA[]]></system-out>
  <system-err><![CDATA[]]></system-err>
</testsuite>
