<?xml version="1.0" encoding="UTF-8"?>
<testsuite name="org.jabref.logic.importer.ImporterTest" tests="180" skipped="0" failures="0" errors="0" timestamp="2019-02-15T14:24:24" hostname="n184-p67.eduroam.kth.se" time="0.257">
  <properties/>
  <testcase name="isRecognizedFormatWithNullForStringThrowsException(Importer)[1]" classname="org.jabref.logic.importer.ImporterTest" time="0.001"/>
  <testcase name="isRecognizedFormatWithNullForStringThrowsException(Importer)[2]" classname="org.jabref.logic.importer.ImporterTest" time="0.0"/>
  <testcase name="isRecognizedFormatWithNullForStringThrowsException(Importer)[3]" classname="org.jabref.logic.importer.ImporterTest" time="0.0"/>
  <testcase name="isRecognizedFormatWithNullForStringThrowsException(Importer)[4]" classname="org.jabref.logic.importer.ImporterTest" time="0.0"/>
  <testcase name="isRecognizedFormatWithNullForStringThrowsException(Importer)[5]" classname="org.jabref.logic.importer.ImporterTest" time="0.001"/>
  <testcase name="isRecognizedFormatWithNullForStringThrowsException(Importer)[6]" classname="org.jabref.logic.importer.ImporterTest" time="0.001"/>
  <testcase name="isRecognizedFormatWithNullForStringThrowsException(Importer)[7]" classname="org.jabref.logic.importer.ImporterTest" time="0.0"/>
  <testcase name="isRecognizedFormatWithNullForStringThrowsException(Importer)[8]" classname="org.jabref.logic.importer.ImporterTest" time="0.0"/>
  <testcase name="isRecognizedFormatWithNullForStringThrowsException(Importer)[9]" classname="org.jabref.logic.importer.ImporterTest" time="0.001"/>
  <testcase name="isRecognizedFormatWithNullForStringThrowsException(Importer)[10]" classname="org.jabref.logic.importer.ImporterTest" time="0.001"/>
  <testcase name="isRecognizedFormatWithNullForStringThrowsException(Importer)[11]" classname="org.jabref.logic.importer.ImporterTest" time="0.0"/>
  <testcase name="isRecognizedFormatWithNullForStringThrowsException(Importer)[12]" classname="org.jabref.logic.importer.ImporterTest" time="0.0"/>
  <testcase name="isRecognizedFormatWithNullForStringThrowsException(Importer)[13]" classname="org.jabref.logic.importer.ImporterTest" time="0.0"/>
  <testcase name="isRecognizedFormatWithNullForStringThrowsException(Importer)[14]" classname="org.jabref.logic.importer.ImporterTest" time="0.0"/>
  <testcase name="isRecognizedFormatWithNullForStringThrowsException(Importer)[15]" classname="org.jabref.logic.importer.ImporterTest" time="0.001"/>
  <testcase name="isRecognizedFormatWithNullForStringThrowsException(Importer)[16]" classname="org.jabref.logic.importer.ImporterTest" time="0.0"/>
  <testcase name="isRecognizedFormatWithNullForStringThrowsException(Importer)[17]" classname="org.jabref.logic.importer.ImporterTest" time="0.0"/>
  <testcase name="isRecognizedFormatWithNullForStringThrowsException(Importer)[18]" classname="org.jabref.logic.importer.ImporterTest" time="0.001"/>
  <testcase name="getFormatterNameDoesNotReturnNull(Importer)[1]" classname="org.jabref.logic.importer.ImporterTest" time="0.0"/>
  <testcase name="getFormatterNameDoesNotReturnNull(Importer)[2]" classname="org.jabref.logic.importer.ImporterTest" time="0.0"/>
  <testcase name="getFormatterNameDoesNotReturnNull(Importer)[3]" classname="org.jabref.logic.importer.ImporterTest" time="0.0"/>
  <testcase name="getFormatterNameDoesNotReturnNull(Importer)[4]" classname="org.jabref.logic.importer.ImporterTest" time="0.0"/>
  <testcase name="getFormatterNameDoesNotReturnNull(Importer)[5]" classname="org.jabref.logic.importer.ImporterTest" time="0.0"/>
  <testcase name="getFormatterNameDoesNotReturnNull(Importer)[6]" classname="org.jabref.logic.importer.ImporterTest" time="0.0"/>
  <testcase name="getFormatterNameDoesNotReturnNull(Importer)[7]" classname="org.jabref.logic.importer.ImporterTest" time="0.0"/>
  <testcase name="getFormatterNameDoesNotReturnNull(Importer)[8]" classname="org.jabref.logic.importer.ImporterTest" time="0.0"/>
  <testcase name="getFormatterNameDoesNotReturnNull(Importer)[9]" classname="org.jabref.logic.importer.ImporterTest" time="0.0"/>
  <testcase name="getFormatterNameDoesNotReturnNull(Importer)[10]" classname="org.jabref.logic.importer.ImporterTest" time="0.001"/>
  <testcase name="getFormatterNameDoesNotReturnNull(Importer)[11]" classname="org.jabref.logic.importer.ImporterTest" time="0.0"/>
  <testcase name="getFormatterNameDoesNotReturnNull(Importer)[12]" classname="org.jabref.logic.importer.ImporterTest" time="0.0"/>
  <testcase name="getFormatterNameDoesNotReturnNull(Importer)[13]" classname="org.jabref.logic.importer.ImporterTest" time="0.0"/>
  <testcase name="getFormatterNameDoesNotReturnNull(Importer)[14]" classname="org.jabref.logic.importer.ImporterTest" time="0.0"/>
  <testcase name="getFormatterNameDoesNotReturnNull(Importer)[15]" classname="org.jabref.logic.importer.ImporterTest" time="0.0"/>
  <testcase name="getFormatterNameDoesNotReturnNull(Importer)[16]" classname="org.jabref.logic.importer.ImporterTest" time="0.0"/>
  <testcase name="getFormatterNameDoesNotReturnNull(Importer)[17]" classname="org.jabref.logic.importer.ImporterTest" time="0.001"/>
  <testcase name="getFormatterNameDoesNotReturnNull(Importer)[18]" classname="org.jabref.logic.importer.ImporterTest" time="0.001"/>
  <testcase name="getFileTypeDoesNotReturnNull(Importer)[1]" classname="org.jabref.logic.importer.ImporterTest" time="0.0"/>
  <testcase name="getFileTypeDoesNotReturnNull(Importer)[2]" classname="org.jabref.logic.importer.ImporterTest" time="0.0"/>
  <testcase name="getFileTypeDoesNotReturnNull(Importer)[3]" classname="org.jabref.logic.importer.ImporterTest" time="0.001"/>
  <testcase name="getFileTypeDoesNotReturnNull(Importer)[4]" classname="org.jabref.logic.importer.ImporterTest" time="0.0"/>
  <testcase name="getFileTypeDoesNotReturnNull(Importer)[5]" classname="org.jabref.logic.importer.ImporterTest" time="0.0"/>
  <testcase name="getFileTypeDoesNotReturnNull(Importer)[6]" classname="org.jabref.logic.importer.ImporterTest" time="0.0"/>
  <testcase name="getFileTypeDoesNotReturnNull(Importer)[7]" classname="org.jabref.logic.importer.ImporterTest" time="0.001"/>
  <testcase name="getFileTypeDoesNotReturnNull(Importer)[8]" classname="org.jabref.logic.importer.ImporterTest" time="0.0"/>
  <testcase name="getFileTypeDoesNotReturnNull(Importer)[9]" classname="org.jabref.logic.importer.ImporterTest" time="0.0"/>
  <testcase name="getFileTypeDoesNotReturnNull(Importer)[10]" classname="org.jabref.logic.importer.ImporterTest" time="0.001"/>
  <testcase name="getFileTypeDoesNotReturnNull(Importer)[11]" classname="org.jabref.logic.importer.ImporterTest" time="0.001"/>
  <testcase name="getFileTypeDoesNotReturnNull(Importer)[12]" classname="org.jabref.logic.importer.ImporterTest" time="0.0"/>
  <testcase name="getFileTypeDoesNotReturnNull(Importer)[13]" classname="org.jabref.logic.importer.ImporterTest" time="0.0"/>
  <testcase name="getFileTypeDoesNotReturnNull(Importer)[14]" classname="org.jabref.logic.importer.ImporterTest" time="0.001"/>
  <testcase name="getFileTypeDoesNotReturnNull(Importer)[15]" classname="org.jabref.logic.importer.ImporterTest" time="0.001"/>
  <testcase name="getFileTypeDoesNotReturnNull(Importer)[16]" classname="org.jabref.logic.importer.ImporterTest" time="0.001"/>
  <testcase name="getFileTypeDoesNotReturnNull(Importer)[17]" classname="org.jabref.logic.importer.ImporterTest" time="0.0"/>
  <testcase name="getFileTypeDoesNotReturnNull(Importer)[18]" classname="org.jabref.logic.importer.ImporterTest" time="0.0"/>
  <testcase name="importDatabaseWithNullForBufferedReaderThrowsException(Importer)[1]" classname="org.jabref.logic.importer.ImporterTest" time="0.003"/>
  <testcase name="importDatabaseWithNullForBufferedReaderThrowsException(Importer)[2]" classname="org.jabref.logic.importer.ImporterTest" time="0.001"/>
  <testcase name="importDatabaseWithNullForBufferedReaderThrowsException(Importer)[3]" classname="org.jabref.logic.importer.ImporterTest" time="0.0"/>
  <testcase name="importDatabaseWithNullForBufferedReaderThrowsException(Importer)[4]" classname="org.jabref.logic.importer.ImporterTest" time="0.0"/>
  <testcase name="importDatabaseWithNullForBufferedReaderThrowsException(Importer)[5]" classname="org.jabref.logic.importer.ImporterTest" time="0.001"/>
  <testcase name="importDatabaseWithNullForBufferedReaderThrowsException(Importer)[6]" classname="org.jabref.logic.importer.ImporterTest" time="0.001"/>
  <testcase name="importDatabaseWithNullForBufferedReaderThrowsException(Importer)[7]" classname="org.jabref.logic.importer.ImporterTest" time="0.001"/>
  <testcase name="importDatabaseWithNullForBufferedReaderThrowsException(Importer)[8]" classname="org.jabref.logic.importer.ImporterTest" time="0.0"/>
  <testcase name="importDatabaseWithNullForBufferedReaderThrowsException(Importer)[9]" classname="org.jabref.logic.importer.ImporterTest" time="0.001"/>
  <testcase name="importDatabaseWithNullForBufferedReaderThrowsException(Importer)[10]" classname="org.jabref.logic.importer.ImporterTest" time="0.001"/>
  <testcase name="importDatabaseWithNullForBufferedReaderThrowsException(Importer)[11]" classname="org.jabref.logic.importer.ImporterTest" time="0.001"/>
  <testcase name="importDatabaseWithNullForBufferedReaderThrowsException(Importer)[12]" classname="org.jabref.logic.importer.ImporterTest" time="0.001"/>
  <testcase name="importDatabaseWithNullForBufferedReaderThrowsException(Importer)[13]" classname="org.jabref.logic.importer.ImporterTest" time="0.001"/>
  <testcase name="importDatabaseWithNullForBufferedReaderThrowsException(Importer)[14]" classname="org.jabref.logic.importer.ImporterTest" time="0.001"/>
  <testcase name="importDatabaseWithNullForBufferedReaderThrowsException(Importer)[15]" classname="org.jabref.logic.importer.ImporterTest" time="0.001"/>
  <testcase name="importDatabaseWithNullForBufferedReaderThrowsException(Importer)[16]" classname="org.jabref.logic.importer.ImporterTest" time="0.001"/>
  <testcase name="importDatabaseWithNullForBufferedReaderThrowsException(Importer)[17]" classname="org.jabref.logic.importer.ImporterTest" time="0.001"/>
  <testcase name="importDatabaseWithNullForBufferedReaderThrowsException(Importer)[18]" classname="org.jabref.logic.importer.ImporterTest" time="0.001"/>
  <testcase name="getIdDoesNotReturnNull(Importer)[1]" classname="org.jabref.logic.importer.ImporterTest" time="0.0"/>
  <testcase name="getIdDoesNotReturnNull(Importer)[2]" classname="org.jabref.logic.importer.ImporterTest" time="0.0"/>
  <testcase name="getIdDoesNotReturnNull(Importer)[3]" classname="org.jabref.logic.importer.ImporterTest" time="0.001"/>
  <testcase name="getIdDoesNotReturnNull(Importer)[4]" classname="org.jabref.logic.importer.ImporterTest" time="0.0"/>
  <testcase name="getIdDoesNotReturnNull(Importer)[5]" classname="org.jabref.logic.importer.ImporterTest" time="0.0"/>
  <testcase name="getIdDoesNotReturnNull(Importer)[6]" classname="org.jabref.logic.importer.ImporterTest" time="0.0"/>
  <testcase name="getIdDoesNotReturnNull(Importer)[7]" classname="org.jabref.logic.importer.ImporterTest" time="0.0"/>
  <testcase name="getIdDoesNotReturnNull(Importer)[8]" classname="org.jabref.logic.importer.ImporterTest" time="0.001"/>
  <testcase name="getIdDoesNotReturnNull(Importer)[9]" classname="org.jabref.logic.importer.ImporterTest" time="0.0"/>
  <testcase name="getIdDoesNotReturnNull(Importer)[10]" classname="org.jabref.logic.importer.ImporterTest" time="0.0"/>
  <testcase name="getIdDoesNotReturnNull(Importer)[11]" classname="org.jabref.logic.importer.ImporterTest" time="0.0"/>
  <testcase name="getIdDoesNotReturnNull(Importer)[12]" classname="org.jabref.logic.importer.ImporterTest" time="0.0"/>
  <testcase name="getIdDoesNotReturnNull(Importer)[13]" classname="org.jabref.logic.importer.ImporterTest" time="0.0"/>
  <testcase name="getIdDoesNotReturnNull(Importer)[14]" classname="org.jabref.logic.importer.ImporterTest" time="0.0"/>
  <testcase name="getIdDoesNotReturnNull(Importer)[15]" classname="org.jabref.logic.importer.ImporterTest" time="0.0"/>
  <testcase name="getIdDoesNotReturnNull(Importer)[16]" classname="org.jabref.logic.importer.ImporterTest" time="0.001"/>
  <testcase name="getIdDoesNotReturnNull(Importer)[17]" classname="org.jabref.logic.importer.ImporterTest" time="0.001"/>
  <testcase name="getIdDoesNotReturnNull(Importer)[18]" classname="org.jabref.logic.importer.ImporterTest" time="0.0"/>
  <testcase name="isRecognizedFormatWithNullForBufferedReaderThrowsException(Importer)[1]" classname="org.jabref.logic.importer.ImporterTest" time="0.001"/>
  <testcase name="isRecognizedFormatWithNullForBufferedReaderThrowsException(Importer)[2]" classname="org.jabref.logic.importer.ImporterTest" time="0.001"/>
  <testcase name="isRecognizedFormatWithNullForBufferedReaderThrowsException(Importer)[3]" classname="org.jabref.logic.importer.ImporterTest" time="0.001"/>
  <testcase name="isRecognizedFormatWithNullForBufferedReaderThrowsException(Importer)[4]" classname="org.jabref.logic.importer.ImporterTest" time="0.0"/>
  <testcase name="isRecognizedFormatWithNullForBufferedReaderThrowsException(Importer)[5]" classname="org.jabref.logic.importer.ImporterTest" time="0.0"/>
  <testcase name="isRecognizedFormatWithNullForBufferedReaderThrowsException(Importer)[6]" classname="org.jabref.logic.importer.ImporterTest" time="0.0"/>
  <testcase name="isRecognizedFormatWithNullForBufferedReaderThrowsException(Importer)[7]" classname="org.jabref.logic.importer.ImporterTest" time="0.0"/>
  <testcase name="isRecognizedFormatWithNullForBufferedReaderThrowsException(Importer)[8]" classname="org.jabref.logic.importer.ImporterTest" time="0.0"/>
  <testcase name="isRecognizedFormatWithNullForBufferedReaderThrowsException(Importer)[9]" classname="org.jabref.logic.importer.ImporterTest" time="0.0"/>
  <testcase name="isRecognizedFormatWithNullForBufferedReaderThrowsException(Importer)[10]" classname="org.jabref.logic.importer.ImporterTest" time="0.001"/>
  <testcase name="isRecognizedFormatWithNullForBufferedReaderThrowsException(Importer)[11]" classname="org.jabref.logic.importer.ImporterTest" time="0.001"/>
  <testcase name="isRecognizedFormatWithNullForBufferedReaderThrowsException(Importer)[12]" classname="org.jabref.logic.importer.ImporterTest" time="0.001"/>
  <testcase name="isRecognizedFormatWithNullForBufferedReaderThrowsException(Importer)[13]" classname="org.jabref.logic.importer.ImporterTest" time="0.001"/>
  <testcase name="isRecognizedFormatWithNullForBufferedReaderThrowsException(Importer)[14]" classname="org.jabref.logic.importer.ImporterTest" time="0.0"/>
  <testcase name="isRecognizedFormatWithNullForBufferedReaderThrowsException(Importer)[15]" classname="org.jabref.logic.importer.ImporterTest" time="0.0"/>
  <testcase name="isRecognizedFormatWithNullForBufferedReaderThrowsException(Importer)[16]" classname="org.jabref.logic.importer.ImporterTest" time="0.001"/>
  <testcase name="isRecognizedFormatWithNullForBufferedReaderThrowsException(Importer)[17]" classname="org.jabref.logic.importer.ImporterTest" time="0.001"/>
  <testcase name="isRecognizedFormatWithNullForBufferedReaderThrowsException(Importer)[18]" classname="org.jabref.logic.importer.ImporterTest" time="0.001"/>
  <testcase name="getDescriptionDoesNotReturnNull(Importer)[1]" classname="org.jabref.logic.importer.ImporterTest" time="0.001"/>
  <testcase name="getDescriptionDoesNotReturnNull(Importer)[2]" classname="org.jabref.logic.importer.ImporterTest" time="0.001"/>
  <testcase name="getDescriptionDoesNotReturnNull(Importer)[3]" classname="org.jabref.logic.importer.ImporterTest" time="0.0"/>
  <testcase name="getDescriptionDoesNotReturnNull(Importer)[4]" classname="org.jabref.logic.importer.ImporterTest" time="0.001"/>
  <testcase name="getDescriptionDoesNotReturnNull(Importer)[5]" classname="org.jabref.logic.importer.ImporterTest" time="0.0"/>
  <testcase name="getDescriptionDoesNotReturnNull(Importer)[6]" classname="org.jabref.logic.importer.ImporterTest" time="0.001"/>
  <testcase name="getDescriptionDoesNotReturnNull(Importer)[7]" classname="org.jabref.logic.importer.ImporterTest" time="0.0"/>
  <testcase name="getDescriptionDoesNotReturnNull(Importer)[8]" classname="org.jabref.logic.importer.ImporterTest" time="0.0"/>
  <testcase name="getDescriptionDoesNotReturnNull(Importer)[9]" classname="org.jabref.logic.importer.ImporterTest" time="0.0"/>
  <testcase name="getDescriptionDoesNotReturnNull(Importer)[10]" classname="org.jabref.logic.importer.ImporterTest" time="0.0"/>
  <testcase name="getDescriptionDoesNotReturnNull(Importer)[11]" classname="org.jabref.logic.importer.ImporterTest" time="0.001"/>
  <testcase name="getDescriptionDoesNotReturnNull(Importer)[12]" classname="org.jabref.logic.importer.ImporterTest" time="0.0"/>
  <testcase name="getDescriptionDoesNotReturnNull(Importer)[13]" classname="org.jabref.logic.importer.ImporterTest" time="0.0"/>
  <testcase name="getDescriptionDoesNotReturnNull(Importer)[14]" classname="org.jabref.logic.importer.ImporterTest" time="0.0"/>
  <testcase name="getDescriptionDoesNotReturnNull(Importer)[15]" classname="org.jabref.logic.importer.ImporterTest" time="0.001"/>
  <testcase name="getDescriptionDoesNotReturnNull(Importer)[16]" classname="org.jabref.logic.importer.ImporterTest" time="0.0"/>
  <testcase name="getDescriptionDoesNotReturnNull(Importer)[17]" classname="org.jabref.logic.importer.ImporterTest" time="0.0"/>
  <testcase name="getDescriptionDoesNotReturnNull(Importer)[18]" classname="org.jabref.logic.importer.ImporterTest" time="0.001"/>
  <testcase name="importDatabaseWithNullForStringThrowsException(Importer)[1]" classname="org.jabref.logic.importer.ImporterTest" time="0.001"/>
  <testcase name="importDatabaseWithNullForStringThrowsException(Importer)[2]" classname="org.jabref.logic.importer.ImporterTest" time="0.0"/>
  <testcase name="importDatabaseWithNullForStringThrowsException(Importer)[3]" classname="org.jabref.logic.importer.ImporterTest" time="0.0"/>
  <testcase name="importDatabaseWithNullForStringThrowsException(Importer)[4]" classname="org.jabref.logic.importer.ImporterTest" time="0.001"/>
  <testcase name="importDatabaseWithNullForStringThrowsException(Importer)[5]" classname="org.jabref.logic.importer.ImporterTest" time="0.001"/>
  <testcase name="importDatabaseWithNullForStringThrowsException(Importer)[6]" classname="org.jabref.logic.importer.ImporterTest" time="0.001"/>
  <testcase name="importDatabaseWithNullForStringThrowsException(Importer)[7]" classname="org.jabref.logic.importer.ImporterTest" time="0.001"/>
  <testcase name="importDatabaseWithNullForStringThrowsException(Importer)[8]" classname="org.jabref.logic.importer.ImporterTest" time="0.001"/>
  <testcase name="importDatabaseWithNullForStringThrowsException(Importer)[9]" classname="org.jabref.logic.importer.ImporterTest" time="0.001"/>
  <testcase name="importDatabaseWithNullForStringThrowsException(Importer)[10]" classname="org.jabref.logic.importer.ImporterTest" time="0.0"/>
  <testcase name="importDatabaseWithNullForStringThrowsException(Importer)[11]" classname="org.jabref.logic.importer.ImporterTest" time="0.0"/>
  <testcase name="importDatabaseWithNullForStringThrowsException(Importer)[12]" classname="org.jabref.logic.importer.ImporterTest" time="0.0"/>
  <testcase name="importDatabaseWithNullForStringThrowsException(Importer)[13]" classname="org.jabref.logic.importer.ImporterTest" time="0.001"/>
  <testcase name="importDatabaseWithNullForStringThrowsException(Importer)[14]" classname="org.jabref.logic.importer.ImporterTest" time="0.001"/>
  <testcase name="importDatabaseWithNullForStringThrowsException(Importer)[15]" classname="org.jabref.logic.importer.ImporterTest" time="0.001"/>
  <testcase name="importDatabaseWithNullForStringThrowsException(Importer)[16]" classname="org.jabref.logic.importer.ImporterTest" time="0.001"/>
  <testcase name="importDatabaseWithNullForStringThrowsException(Importer)[17]" classname="org.jabref.logic.importer.ImporterTest" time="0.0"/>
  <testcase name="importDatabaseWithNullForStringThrowsException(Importer)[18]" classname="org.jabref.logic.importer.ImporterTest" time="0.0"/>
  <testcase name="getIdDoesNotContainWhitespace(Importer)[1]" classname="org.jabref.logic.importer.ImporterTest" time="0.001"/>
  <testcase name="getIdDoesNotContainWhitespace(Importer)[2]" classname="org.jabref.logic.importer.ImporterTest" time="0.001"/>
  <testcase name="getIdDoesNotContainWhitespace(Importer)[3]" classname="org.jabref.logic.importer.ImporterTest" time="0.0"/>
  <testcase name="getIdDoesNotContainWhitespace(Importer)[4]" classname="org.jabref.logic.importer.ImporterTest" time="0.0"/>
  <testcase name="getIdDoesNotContainWhitespace(Importer)[5]" classname="org.jabref.logic.importer.ImporterTest" time="0.0"/>
  <testcase name="getIdDoesNotContainWhitespace(Importer)[6]" classname="org.jabref.logic.importer.ImporterTest" time="0.001"/>
  <testcase name="getIdDoesNotContainWhitespace(Importer)[7]" classname="org.jabref.logic.importer.ImporterTest" time="0.0"/>
  <testcase name="getIdDoesNotContainWhitespace(Importer)[8]" classname="org.jabref.logic.importer.ImporterTest" time="0.0"/>
  <testcase name="getIdDoesNotContainWhitespace(Importer)[9]" classname="org.jabref.logic.importer.ImporterTest" time="0.0"/>
  <testcase name="getIdDoesNotContainWhitespace(Importer)[10]" classname="org.jabref.logic.importer.ImporterTest" time="0.0"/>
  <testcase name="getIdDoesNotContainWhitespace(Importer)[11]" classname="org.jabref.logic.importer.ImporterTest" time="0.0"/>
  <testcase name="getIdDoesNotContainWhitespace(Importer)[12]" classname="org.jabref.logic.importer.ImporterTest" time="0.0"/>
  <testcase name="getIdDoesNotContainWhitespace(Importer)[13]" classname="org.jabref.logic.importer.ImporterTest" time="0.0"/>
  <testcase name="getIdDoesNotContainWhitespace(Importer)[14]" classname="org.jabref.logic.importer.ImporterTest" time="0.001"/>
  <testcase name="getIdDoesNotContainWhitespace(Importer)[15]" classname="org.jabref.logic.importer.ImporterTest" time="0.001"/>
  <testcase name="getIdDoesNotContainWhitespace(Importer)[16]" classname="org.jabref.logic.importer.ImporterTest" time="0.001"/>
  <testcase name="getIdDoesNotContainWhitespace(Importer)[17]" classname="org.jabref.logic.importer.ImporterTest" time="0.001"/>
  <testcase name="getIdDoesNotContainWhitespace(Importer)[18]" classname="org.jabref.logic.importer.ImporterTest" time="0.0"/>
  <testcase name="getIdStripsSpecialCharactersAndConvertsToLowercase(Importer)[1]" classname="org.jabref.logic.importer.ImporterTest" time="0.04"/>
  <testcase name="getIdStripsSpecialCharactersAndConvertsToLowercase(Importer)[2]" classname="org.jabref.logic.importer.ImporterTest" time="0.002"/>
  <testcase name="getIdStripsSpecialCharactersAndConvertsToLowercase(Importer)[3]" classname="org.jabref.logic.importer.ImporterTest" time="0.002"/>
  <testcase name="getIdStripsSpecialCharactersAndConvertsToLowercase(Importer)[4]" classname="org.jabref.logic.importer.ImporterTest" time="0.001"/>
  <testcase name="getIdStripsSpecialCharactersAndConvertsToLowercase(Importer)[5]" classname="org.jabref.logic.importer.ImporterTest" time="0.001"/>
  <testcase name="getIdStripsSpecialCharactersAndConvertsToLowercase(Importer)[6]" classname="org.jabref.logic.importer.ImporterTest" time="0.002"/>
  <testcase name="getIdStripsSpecialCharactersAndConvertsToLowercase(Importer)[7]" classname="org.jabref.logic.importer.ImporterTest" time="0.002"/>
  <testcase name="getIdStripsSpecialCharactersAndConvertsToLowercase(Importer)[8]" classname="org.jabref.logic.importer.ImporterTest" time="0.002"/>
  <testcase name="getIdStripsSpecialCharactersAndConvertsToLowercase(Importer)[9]" classname="org.jabref.logic.importer.ImporterTest" time="0.003"/>
  <testcase name="getIdStripsSpecialCharactersAndConvertsToLowercase(Importer)[10]" classname="org.jabref.logic.importer.ImporterTest" time="0.004"/>
  <testcase name="getIdStripsSpecialCharactersAndConvertsToLowercase(Importer)[11]" classname="org.jabref.logic.importer.ImporterTest" time="0.002"/>
  <testcase name="getIdStripsSpecialCharactersAndConvertsToLowercase(Importer)[12]" classname="org.jabref.logic.importer.ImporterTest" time="0.002"/>
  <testcase name="getIdStripsSpecialCharactersAndConvertsToLowercase(Importer)[13]" classname="org.jabref.logic.importer.ImporterTest" time="0.002"/>
  <testcase name="getIdStripsSpecialCharactersAndConvertsToLowercase(Importer)[14]" classname="org.jabref.logic.importer.ImporterTest" time="0.001"/>
  <testcase name="getIdStripsSpecialCharactersAndConvertsToLowercase(Importer)[15]" classname="org.jabref.logic.importer.ImporterTest" time="0.002"/>
  <testcase name="getIdStripsSpecialCharactersAndConvertsToLowercase(Importer)[16]" classname="org.jabref.logic.importer.ImporterTest" time="0.002"/>
  <testcase name="getIdStripsSpecialCharactersAndConvertsToLowercase(Importer)[17]" classname="org.jabref.logic.importer.ImporterTest" time="0.002"/>
  <testcase name="getIdStripsSpecialCharactersAndConvertsToLowercase(Importer)[18]" classname="org.jabref.logic.importer.ImporterTest" time="0.002"/>
  <system-out><![CDATA[]]></system-out>
  <system-err><![CDATA[]]></system-err>
</testsuite>
