<?xml version="1.0" encoding="UTF-8"?>
<testsuite name="org.jabref.model.entry.BibEntryTest" tests="11" skipped="0" failures="0" errors="0" timestamp="2019-02-15T14:25:26" hostname="n184-p67.eduroam.kth.se" time="0.006">
  <properties/>
  <testcase name="testGetSingleKeywords()" classname="org.jabref.model.entry.BibEntryTest" time="0.0"/>
  <testcase name="testGetEmptyResolvedKeywords()" classname="org.jabref.model.entry.BibEntryTest" time="0.0"/>
  <testcase name="testGetSingleResolvedKeywords()" classname="org.jabref.model.entry.BibEntryTest" time="0.001"/>
  <testcase name="testGetEmptyKeywords()" classname="org.jabref.model.entry.BibEntryTest" time="0.0"/>
  <testcase name="notOverrideReservedFields()" classname="org.jabref.model.entry.BibEntryTest" time="0.001"/>
  <testcase name="testGetAndAddToLinkedFileList()" classname="org.jabref.model.entry.BibEntryTest" time="0.0"/>
  <testcase name="clonedBibentryHasUniqueID()" classname="org.jabref.model.entry.BibEntryTest" time="0.0"/>
  <testcase name="notClearReservedFields()" classname="org.jabref.model.entry.BibEntryTest" time="0.001"/>
  <testcase name="getFieldIsCaseInsensitive()" classname="org.jabref.model.entry.BibEntryTest" time="0.0"/>
  <testcase name="testGetResolvedKeywords()" classname="org.jabref.model.entry.BibEntryTest" time="0.001"/>
  <testcase name="testGetKeywords()" classname="org.jabref.model.entry.BibEntryTest" time="0.0"/>
  <system-out><![CDATA[]]></system-out>
  <system-err><![CDATA[]]></system-err>
</testsuite>
