<?xml version="1.0" encoding="UTF-8"?>
<testsuite name="org.jabref.logic.formatter.bibtexfields.UnicodeConverterTest" tests="4" skipped="0" failures="0" errors="0" timestamp="2019-02-15T14:24:47" hostname="n184-p67.eduroam.kth.se" time="0.006">
  <properties/>
  <testcase name="testUnicodeSingle()" classname="org.jabref.logic.formatter.bibtexfields.UnicodeConverterTest" time="0.001"/>
  <testcase name="testUnicodeCombiningAccents()" classname="org.jabref.logic.formatter.bibtexfields.UnicodeConverterTest" time="0.001"/>
  <testcase name="testBasic()" classname="org.jabref.logic.formatter.bibtexfields.UnicodeConverterTest" time="0.0"/>
  <testcase name="testUnicode()" classname="org.jabref.logic.formatter.bibtexfields.UnicodeConverterTest" time="0.002"/>
  <system-out><![CDATA[]]></system-out>
  <system-err><![CDATA[]]></system-err>
</testsuite>
