<?xml version="1.0" encoding="UTF-8"?>
<testsuite name="org.jabref.model.entry.MonthTest" tests="10" skipped="0" failures="0" errors="0" timestamp="2019-02-15T14:25:26" hostname="n184-p67.eduroam.kth.se" time="0.008">
  <properties/>
  <testcase name="parseReturnsEmptyOptionalForInvalidInput()" classname="org.jabref.model.entry.MonthTest" time="0.001"/>
  <testcase name="parseCorrectlyByFullName()" classname="org.jabref.model.entry.MonthTest" time="0.001"/>
  <testcase name="parseCorrectlyByTwoDigitNumber()" classname="org.jabref.model.entry.MonthTest" time="0.001"/>
  <testcase name="parseCorrectlyByBibtexName()" classname="org.jabref.model.entry.MonthTest" time="0.0"/>
  <testcase name="parseCorrectlyByShortNameGermanLowercase()" classname="org.jabref.model.entry.MonthTest" time="0.001"/>
  <testcase name="parseCorrectlyByFullNameGerman()" classname="org.jabref.model.entry.MonthTest" time="0.0"/>
  <testcase name="parseCorrectlyByShortNameGerman()" classname="org.jabref.model.entry.MonthTest" time="0.001"/>
  <testcase name="parseReturnsEmptyOptionalForEmptyInput()" classname="org.jabref.model.entry.MonthTest" time="0.0"/>
  <testcase name="parseCorrectlyByShortName()" classname="org.jabref.model.entry.MonthTest" time="0.0"/>
  <testcase name="parseCorrectlyByNumber()" classname="org.jabref.model.entry.MonthTest" time="0.001"/>
  <system-out><![CDATA[]]></system-out>
  <system-err><![CDATA[]]></system-err>
</testsuite>
