<?xml version="1.0" encoding="UTF-8"?>
<testsuite name="org.jabref.logic.help.HelpFileTest" tests="1" skipped="0" failures="0" errors="0" timestamp="2019-02-15T14:25:05" hostname="n184-p67.eduroam.kth.se" time="6.77">
  <properties/>
  <testcase name="referToValidPage()" classname="org.jabref.logic.help.HelpFileTest" time="6.77"/>
  <system-out><![CDATA[]]></system-out>
  <system-err><![CDATA[]]></system-err>
</testsuite>
