<?xml version="1.0" encoding="UTF-8"?>
<testsuite name="org.jabref.logic.bst.BibtexCaseChangersTest" tests="4" skipped="0" failures="0" errors="0" timestamp="2019-02-15T14:25:13" hostname="n184-p67.eduroam.kth.se" time="0.002">
  <properties/>
  <testcase name="testTitleCase()" classname="org.jabref.logic.bst.BibtexCaseChangersTest" time="0.0"/>
  <testcase name="testColon()" classname="org.jabref.logic.bst.BibtexCaseChangersTest" time="0.0"/>
  <testcase name="testSpecialBracketPlacement()" classname="org.jabref.logic.bst.BibtexCaseChangersTest" time="0.0"/>
  <testcase name="testChangeCase()" classname="org.jabref.logic.bst.BibtexCaseChangersTest" time="0.001"/>
  <system-out><![CDATA[]]></system-out>
  <system-err><![CDATA[]]></system-err>
</testsuite>
