<?xml version="1.0" encoding="UTF-8"?>
<testsuite name="org.jabref.logic.importer.fileformat.ModsImporterTestFiles" tests="8" skipped="0" failures="0" errors="0" timestamp="2019-02-15T14:24:06" hostname="n184-p67.eduroam.kth.se" time="0.813">
  <properties/>
  <testcase name="testImportEntries(String)[1]" classname="org.jabref.logic.importer.fileformat.ModsImporterTestFiles" time="0.513"/>
  <testcase name="testImportEntries(String)[2]" classname="org.jabref.logic.importer.fileformat.ModsImporterTestFiles" time="0.114"/>
  <testcase name="testImportEntries(String)[3]" classname="org.jabref.logic.importer.fileformat.ModsImporterTestFiles" time="0.087"/>
  <testcase name="testImportEntries(String)[4]" classname="org.jabref.logic.importer.fileformat.ModsImporterTestFiles" time="0.081"/>
  <testcase name="testIsRecognizedFormat(String)[1]" classname="org.jabref.logic.importer.fileformat.ModsImporterTestFiles" time="0.003"/>
  <testcase name="testIsRecognizedFormat(String)[2]" classname="org.jabref.logic.importer.fileformat.ModsImporterTestFiles" time="0.002"/>
  <testcase name="testIsRecognizedFormat(String)[3]" classname="org.jabref.logic.importer.fileformat.ModsImporterTestFiles" time="0.002"/>
  <testcase name="testIsRecognizedFormat(String)[4]" classname="org.jabref.logic.importer.fileformat.ModsImporterTestFiles" time="0.003"/>
  <system-out><![CDATA[]]></system-out>
  <system-err><![CDATA[]]></system-err>
</testsuite>
