<?xml version="1.0" encoding="UTF-8"?>
<testsuite name="org.jabref.logic.openoffice.CitationEntryTest" tests="6" skipped="0" failures="0" errors="0" timestamp="2019-02-15T14:25:12" hostname="n184-p67.eduroam.kth.se" time="0.002">
  <properties/>
  <testcase name="testCitationEntryInitalPageInfo()" classname="org.jabref.logic.openoffice.CitationEntryTest" time="0.001"/>
  <testcase name="testCitationEntryOptionalInitalPageInfo()" classname="org.jabref.logic.openoffice.CitationEntryTest" time="0.0"/>
  <testcase name="testCitationEntryEquals()" classname="org.jabref.logic.openoffice.CitationEntryTest" time="0.0"/>
  <testcase name="testCitationEntryNoInitalPageInfo()" classname="org.jabref.logic.openoffice.CitationEntryTest" time="0.0"/>
  <testcase name="testCitationEntryInitalPageInfoChanged()" classname="org.jabref.logic.openoffice.CitationEntryTest" time="0.0"/>
  <testcase name="testCitationEntryCompareTo()" classname="org.jabref.logic.openoffice.CitationEntryTest" time="0.0"/>
  <system-out><![CDATA[]]></system-out>
  <system-err><![CDATA[]]></system-err>
</testsuite>
