<?xml version="1.0" encoding="UTF-8"?>
<testsuite name="org.jabref.logic.layout.format.AuthorOrgSciTest" tests="2" skipped="0" failures="0" errors="0" timestamp="2019-02-15T14:24:25" hostname="n184-p67.eduroam.kth.se" time="0.002">
  <properties/>
  <testcase name="testOrgSciPlusAbbreviation()" classname="org.jabref.logic.layout.format.AuthorOrgSciTest" time="0.001"/>
  <testcase name="testOrgSci()" classname="org.jabref.logic.layout.format.AuthorOrgSciTest" time="0.001"/>
  <system-out><![CDATA[]]></system-out>
  <system-err><![CDATA[]]></system-err>
</testsuite>
