<?xml version="1.0" encoding="UTF-8"?>
<testsuite name="org.jabref.logic.journals.JournalAbbreviationRepositoryTest" tests="5" skipped="0" failures="0" errors="0" timestamp="2019-02-15T14:24:26" hostname="n184-p67.eduroam.kth.se" time="0.009">
  <properties/>
  <testcase name="testDuplicates()" classname="org.jabref.logic.journals.JournalAbbreviationRepositoryTest" time="0.001"/>
  <testcase name="oneElement()" classname="org.jabref.logic.journals.JournalAbbreviationRepositoryTest" time="0.004"/>
  <testcase name="testDuplicatesIsoOnly()" classname="org.jabref.logic.journals.JournalAbbreviationRepositoryTest" time="0.0"/>
  <testcase name="empty()" classname="org.jabref.logic.journals.JournalAbbreviationRepositoryTest" time="0.0"/>
  <testcase name="testDuplicateKeys()" classname="org.jabref.logic.journals.JournalAbbreviationRepositoryTest" time="0.001"/>
  <system-out><![CDATA[]]></system-out>
  <system-err><![CDATA[]]></system-err>
</testsuite>
