<?xml version="1.0" encoding="UTF-8"?>
<testsuite name="org.jabref.logic.cleanup.RenamePdfCleanupTest" tests="4" skipped="0" failures="0" errors="0" timestamp="2019-02-15T14:24:47" hostname="n184-p67.eduroam.kth.se" time="0.031">
  <properties/>
  <testcase name="cleanupRenamePdfRenamesFileInSameFolder(Path)" classname="org.jabref.logic.cleanup.RenamePdfCleanupTest" time="0.008"/>
  <testcase name="cleanupRenamePdfRenamesFileStartingWithBibtexKey(Path)" classname="org.jabref.logic.cleanup.RenamePdfCleanupTest" time="0.006"/>
  <testcase name="cleanupRenamePdfRenamesWithMultipleFiles(Path)" classname="org.jabref.logic.cleanup.RenamePdfCleanupTest" time="0.01"/>
  <testcase name="cleanupRenamePdfRenamesFileEvenIfOnlyDifferenceIsCase(Path)" classname="org.jabref.logic.cleanup.RenamePdfCleanupTest" time="0.005"/>
  <system-out><![CDATA[]]></system-out>
  <system-err><![CDATA[]]></system-err>
</testsuite>
