<?xml version="1.0" encoding="UTF-8"?>
<testsuite name="org.jabref.logic.formatter.bibtexfields.RegexFormatterTest" tests="7" skipped="0" failures="0" errors="0" timestamp="2019-02-15T14:24:47" hostname="n184-p67.eduroam.kth.se" time="0.004">
  <properties/>
  <testcase name="protectedSpacesNotReplacedInSingleProtectedBlock()" classname="org.jabref.logic.formatter.bibtexfields.RegexFormatterTest" time="0.001"/>
  <testcase name="escapedBracesAreNotReplacedInTwoCases()" classname="org.jabref.logic.formatter.bibtexfields.RegexFormatterTest" time="0.001"/>
  <testcase name="escapedBracesAreNotReplaced()" classname="org.jabref.logic.formatter.bibtexfields.RegexFormatterTest" time="0.0"/>
  <testcase name="formatExample()" classname="org.jabref.logic.formatter.bibtexfields.RegexFormatterTest" time="0.001"/>
  <testcase name="spacesReplacedCorrectly()" classname="org.jabref.logic.formatter.bibtexfields.RegexFormatterTest" time="0.0"/>
  <testcase name="escapedBracesAreNotReplacedAndProtectionStillWorks()" classname="org.jabref.logic.formatter.bibtexfields.RegexFormatterTest" time="0.001"/>
  <testcase name="protectedSpacesNotReplacedInTwoProtectedBlocks()" classname="org.jabref.logic.formatter.bibtexfields.RegexFormatterTest" time="0.0"/>
  <system-out><![CDATA[]]></system-out>
  <system-err><![CDATA[]]></system-err>
</testsuite>
