<?xml version="1.0" encoding="UTF-8"?>
<testsuite name="org.jabref.logic.bibtex.comparator.CrossRefEntryComparatorTest" tests="4" skipped="0" failures="0" errors="0" timestamp="2019-02-15T14:24:47" hostname="n184-p67.eduroam.kth.se" time="0.002">
  <properties/>
  <testcase name="isGreaterForEntriesWithoutCrossRef()" classname="org.jabref.logic.bibtex.comparator.CrossRefEntryComparatorTest" time="0.001"/>
  <testcase name="isEqualForEntriesWithoutCrossRef()" classname="org.jabref.logic.bibtex.comparator.CrossRefEntryComparatorTest" time="0.0"/>
  <testcase name="isSmallerForEntriesWithCrossRef()" classname="org.jabref.logic.bibtex.comparator.CrossRefEntryComparatorTest" time="0.0"/>
  <testcase name="isEqualForEntriesWithCrossRef()" classname="org.jabref.logic.bibtex.comparator.CrossRefEntryComparatorTest" time="0.0"/>
  <system-out><![CDATA[]]></system-out>
  <system-err><![CDATA[]]></system-err>
</testsuite>
