<?xml version="1.0" encoding="UTF-8"?>
<testsuite name="org.jabref.logic.exporter.MSBibExportFormatTestFiles" tests="19" skipped="0" failures="0" errors="0" timestamp="2019-02-15T14:24:54" hostname="n184-p67.eduroam.kth.se" time="0.366">
  <properties/>
  <testcase name="testPerformExport(String)[1]" classname="org.jabref.logic.exporter.MSBibExportFormatTestFiles" time="0.038"/>
  <testcase name="testPerformExport(String)[2]" classname="org.jabref.logic.exporter.MSBibExportFormatTestFiles" time="0.014"/>
  <testcase name="testPerformExport(String)[3]" classname="org.jabref.logic.exporter.MSBibExportFormatTestFiles" time="0.018"/>
  <testcase name="testPerformExport(String)[4]" classname="org.jabref.logic.exporter.MSBibExportFormatTestFiles" time="0.016"/>
  <testcase name="testPerformExport(String)[5]" classname="org.jabref.logic.exporter.MSBibExportFormatTestFiles" time="0.025"/>
  <testcase name="testPerformExport(String)[6]" classname="org.jabref.logic.exporter.MSBibExportFormatTestFiles" time="0.014"/>
  <testcase name="testPerformExport(String)[7]" classname="org.jabref.logic.exporter.MSBibExportFormatTestFiles" time="0.018"/>
  <testcase name="testPerformExport(String)[8]" classname="org.jabref.logic.exporter.MSBibExportFormatTestFiles" time="0.013"/>
  <testcase name="testPerformExport(String)[9]" classname="org.jabref.logic.exporter.MSBibExportFormatTestFiles" time="0.015"/>
  <testcase name="testPerformExport(String)[10]" classname="org.jabref.logic.exporter.MSBibExportFormatTestFiles" time="0.017"/>
  <testcase name="testPerformExport(String)[11]" classname="org.jabref.logic.exporter.MSBibExportFormatTestFiles" time="0.025"/>
  <testcase name="testPerformExport(String)[12]" classname="org.jabref.logic.exporter.MSBibExportFormatTestFiles" time="0.011"/>
  <testcase name="testPerformExport(String)[13]" classname="org.jabref.logic.exporter.MSBibExportFormatTestFiles" time="0.017"/>
  <testcase name="testPerformExport(String)[14]" classname="org.jabref.logic.exporter.MSBibExportFormatTestFiles" time="0.018"/>
  <testcase name="testPerformExport(String)[15]" classname="org.jabref.logic.exporter.MSBibExportFormatTestFiles" time="0.027"/>
  <testcase name="testPerformExport(String)[16]" classname="org.jabref.logic.exporter.MSBibExportFormatTestFiles" time="0.017"/>
  <testcase name="testPerformExport(String)[17]" classname="org.jabref.logic.exporter.MSBibExportFormatTestFiles" time="0.016"/>
  <testcase name="testPerformExport(String)[18]" classname="org.jabref.logic.exporter.MSBibExportFormatTestFiles" time="0.016"/>
  <testcase name="testPerformExport(String)[19]" classname="org.jabref.logic.exporter.MSBibExportFormatTestFiles" time="0.018"/>
  <system-out><![CDATA[/Users/Hedkrans/Desktop/CDATE4/SoftwareEngineering/Lab3/true/jabref/build/resources/test/org/jabref/logic/exporter
]]></system-out>
  <system-err><![CDATA[]]></system-err>
</testsuite>
