<?xml version="1.0" encoding="UTF-8"?>
<testsuite name="org.jabref.logic.cleanup.ISSNCleanupTest" tests="3" skipped="0" failures="0" errors="0" timestamp="2019-02-15T14:24:47" hostname="n184-p67.eduroam.kth.se" time="0.004">
  <properties/>
  <testcase name="cleanupISSNAddsMissingDash()" classname="org.jabref.logic.cleanup.ISSNCleanupTest" time="0.003"/>
  <testcase name="cleanupISSNJunkStaysJunk()" classname="org.jabref.logic.cleanup.ISSNCleanupTest" time="0.0"/>
  <testcase name="cleanupISSNReturnsCorrectISSN()" classname="org.jabref.logic.cleanup.ISSNCleanupTest" time="0.0"/>
  <system-out><![CDATA[]]></system-out>
  <system-err><![CDATA[]]></system-err>
</testsuite>
