<?xml version="1.0" encoding="UTF-8"?>
<testsuite name="org.jabref.logic.importer.fileformat.BibtexParserTest" tests="119" skipped="0" failures="0" errors="0" timestamp="2019-02-15T14:24:14" hostname="n184-p67.eduroam.kth.se" time="0.535">
  <properties/>
  <testcase name="parseRecognizesStringAndEntry()" classname="org.jabref.logic.importer.fileformat.BibtexParserTest" time="0.003"/>
  <testcase name="integrationTestGroupTree()" classname="org.jabref.logic.importer.fileformat.BibtexParserTest" time="0.005"/>
  <testcase name="integrationTestBiblatexMode()" classname="org.jabref.logic.importer.fileformat.BibtexParserTest" time="0.003"/>
  <testcase name="parseIgnoresComments()" classname="org.jabref.logic.importer.fileformat.BibtexParserTest" time="0.002"/>
  <testcase name="parseCommentContainingEntries()" classname="org.jabref.logic.importer.fileformat.BibtexParserTest" time="0.004"/>
  <testcase name="parsePreservesTabsInAbstractField()" classname="org.jabref.logic.importer.fileformat.BibtexParserTest" time="0.004"/>
  <testcase name="singleFromStringReturnsEmptyFromEmptyString()" classname="org.jabref.logic.importer.fileformat.BibtexParserTest" time="0.004"/>
  <testcase name="parseRecognizesDatabaseID()" classname="org.jabref.logic.importer.fileformat.BibtexParserTest" time="0.004"/>
  <testcase name="parseCommentAndEntryInOneLine()" classname="org.jabref.logic.importer.fileformat.BibtexParserTest" time="0.005"/>
  <testcase name="parseSavesOneNewlineAfterEntryInParsedSerialization()" classname="org.jabref.logic.importer.fileformat.BibtexParserTest" time="0.004"/>
  <testcase name="parseAcceptsEntryWithAtSymbolInBrackets()" classname="org.jabref.logic.importer.fileformat.BibtexParserTest" time="0.004"/>
  <testcase name="parseRecognizesPreambleWithConcatenation()" classname="org.jabref.logic.importer.fileformat.BibtexParserTest" time="0.003"/>
  <testcase name="parseIgnoresWhitespaceInEpilogueAfterEntry()" classname="org.jabref.logic.importer.fileformat.BibtexParserTest" time="0.003"/>
  <testcase name="parseRecognizesFieldValuesInQuotationMarks()" classname="org.jabref.logic.importer.fileformat.BibtexParserTest" time="0.006"/>
  <testcase name="parsePreservesMultipleSpacesInNonWrappableField()" classname="org.jabref.logic.importer.fileformat.BibtexParserTest" time="0.005"/>
  <testcase name="parseYear()" classname="org.jabref.logic.importer.fileformat.BibtexParserTest" time="0.016"/>
  <testcase name="parseTrimsWhitespaceInEpilogueAfterEntry()" classname="org.jabref.logic.importer.fileformat.BibtexParserTest" time="0.003"/>
  <testcase name="parseSavesNewlinesBeforeEntryInParsedSerialization()" classname="org.jabref.logic.importer.fileformat.BibtexParserTest" time="0.003"/>
  <testcase name="parseRecognizesStringInParenthesis()" classname="org.jabref.logic.importer.fileformat.BibtexParserTest" time="0.006"/>
  <testcase name="parseIgnoresAndWarnsAboutEntryWithUnmatchedOpenBracket()" classname="org.jabref.logic.importer.fileformat.BibtexParserTest" time="0.004"/>
  <testcase name="parseRecognizesFieldsWithEscapedQuotationMarks()" classname="org.jabref.logic.importer.fileformat.BibtexParserTest" time="0.005"/>
  <testcase name="parseReturnsEmptyListIfNoEntryExistent()" classname="org.jabref.logic.importer.fileformat.BibtexParserTest" time="0.003"/>
  <testcase name="parseWithNullThrowsNullPointerException()" classname="org.jabref.logic.importer.fileformat.BibtexParserTest" time="0.002"/>
  <testcase name="parseAddsEscapedOpenBracketToFieldValue()" classname="org.jabref.logic.importer.fileformat.BibtexParserTest" time="0.002"/>
  <testcase name="integrationTestCustomKeyPattern()" classname="org.jabref.logic.importer.fileformat.BibtexParserTest" time="0.028"/>
  <testcase name="parseRecognizesEntryWithUnknownType()" classname="org.jabref.logic.importer.fileformat.BibtexParserTest" time="0.002"/>
  <testcase name="parseRecognizesEntryPrecedingComment()" classname="org.jabref.logic.importer.fileformat.BibtexParserTest" time="0.003"/>
  <testcase name="parseRecognizesEntryWithAtInField()" classname="org.jabref.logic.importer.fileformat.BibtexParserTest" time="0.007"/>
  <testcase name="parseSetsParsedSerialization()" classname="org.jabref.logic.importer.fileformat.BibtexParserTest" time="0.003"/>
  <testcase name="parseRecognizesString()" classname="org.jabref.logic.importer.fileformat.BibtexParserTest" time="0.003"/>
  <testcase name="parseConvertsMultipleNewlinesToSpace()" classname="org.jabref.logic.importer.fileformat.BibtexParserTest" time="0.003"/>
  <testcase name="parseDoesNotRecognizeDatabaseIDasUserComment()" classname="org.jabref.logic.importer.fileformat.BibtexParserTest" time="0.003"/>
  <testcase name="parseFileHeaderAndPreambleWithoutNewLine()" classname="org.jabref.logic.importer.fileformat.BibtexParserTest" time="0.004"/>
  <testcase name="integrationTestSaveActions()" classname="org.jabref.logic.importer.fileformat.BibtexParserTest" time="0.008"/>
  <testcase name="parseSavesNewlinesBetweenEntriesInParsedSerialization()" classname="org.jabref.logic.importer.fileformat.BibtexParserTest" time="0.003"/>
  <testcase name="preserveEncodingPrefixInsideEntry()" classname="org.jabref.logic.importer.fileformat.BibtexParserTest" time="0.004"/>
  <testcase name="parseRecognizesEntryWithVeryLongType()" classname="org.jabref.logic.importer.fileformat.BibtexParserTest" time="0.003"/>
  <testcase name="parseRecognizesEntryWithWhitespaceAtBegining()" classname="org.jabref.logic.importer.fileformat.BibtexParserTest" time="0.004"/>
  <testcase name="parseReturnsEmptyListIfNoEntryRecognized()" classname="org.jabref.logic.importer.fileformat.BibtexParserTest" time="0.004"/>
  <testcase name="parsePreservesNewlineInAbstractField()" classname="org.jabref.logic.importer.fileformat.BibtexParserTest" time="0.003"/>
  <testcase name="parseRecognizesMonthFieldsWithFollowingComma()" classname="org.jabref.logic.importer.fileformat.BibtexParserTest" time="0.003"/>
  <testcase name="parseQuotedEntries()" classname="org.jabref.logic.importer.fileformat.BibtexParserTest" time="0.003"/>
  <testcase name="integrationTestContentSelectors()" classname="org.jabref.logic.importer.fileformat.BibtexParserTest" time="0.003"/>
  <testcase name="parseRecognizesBibtexKeyWithSpecialCharacters()" classname="org.jabref.logic.importer.fileformat.BibtexParserTest" time="0.004"/>
  <testcase name="fromStringReturnsEmptyListFromEmptyString()" classname="org.jabref.logic.importer.fileformat.BibtexParserTest" time="0.003"/>
  <testcase name="parseIgnoresArbitraryContentAfterEntry()" classname="org.jabref.logic.importer.fileformat.BibtexParserTest" time="0.003"/>
  <testcase name="parseIgnoresCommentsAfterEntry()" classname="org.jabref.logic.importer.fileformat.BibtexParserTest" time="0.003"/>
  <testcase name="parseRecognizesPreambleWithWhitespace()" classname="org.jabref.logic.importer.fileformat.BibtexParserTest" time="0.002"/>
  <testcase name="integrationTestProtectedFlag()" classname="org.jabref.logic.importer.fileformat.BibtexParserTest" time="0.002"/>
  <testcase name="parseCombinesMultipleEditorFields()" classname="org.jabref.logic.importer.fileformat.BibtexParserTest" time="0.003"/>
  <testcase name="parseRecognizesPreambleInParenthesis()" classname="org.jabref.logic.importer.fileformat.BibtexParserTest" time="0.004"/>
  <testcase name="parseReallyUnknownType()" classname="org.jabref.logic.importer.fileformat.BibtexParserTest" time="0.003"/>
  <testcase name="parseRecognizesEntryWhereLastFieldIsFinishedWithComma()" classname="org.jabref.logic.importer.fileformat.BibtexParserTest" time="0.005"/>
  <testcase name="parseConvertsTabToSpace()" classname="org.jabref.logic.importer.fileformat.BibtexParserTest" time="0.004"/>
  <testcase name="parseRecognizesDuplicateBibtexKeys()" classname="org.jabref.logic.importer.fileformat.BibtexParserTest" time="0.004"/>
  <testcase name="parseCommentWithoutBracketsBeforeEntry()" classname="org.jabref.logic.importer.fileformat.BibtexParserTest" time="0.003"/>
  <testcase name="parseNotWarnsAboutEntryWithoutBibtexKey()" classname="org.jabref.logic.importer.fileformat.BibtexParserTest" time="0.004"/>
  <testcase name="parseRecognizesUppercasePreamble()" classname="org.jabref.logic.importer.fileformat.BibtexParserTest" time="0.003"/>
  <testcase name="parseIgnoresTextBeforeEntry()" classname="org.jabref.logic.importer.fileformat.BibtexParserTest" time="0.003"/>
  <testcase name="parseSavesOneNewlineAfterStringInParsedSerialization()" classname="org.jabref.logic.importer.fileformat.BibtexParserTest" time="0.003"/>
  <testcase name="integrationTestFileDirectories()" classname="org.jabref.logic.importer.fileformat.BibtexParserTest" time="0.003"/>
  <testcase name="parseIgnoresAndWarnsAboutCorruptedEntryButRecognizeOthers()" classname="org.jabref.logic.importer.fileformat.BibtexParserTest" time="0.003"/>
  <testcase name="singleFromStringRecognizesEntry()" classname="org.jabref.logic.importer.fileformat.BibtexParserTest" time="0.005"/>
  <testcase name="parseRecognizesMultipleStrings()" classname="org.jabref.logic.importer.fileformat.BibtexParserTest" time="0.004"/>
  <testcase name="parseCommentContainingEntriesAndAtSymbols()" classname="org.jabref.logic.importer.fileformat.BibtexParserTest" time="0.003"/>
  <testcase name="singleFromStringReturnsEmptyIfNoEntryRecognized()" classname="org.jabref.logic.importer.fileformat.BibtexParserTest" time="0.005"/>
  <testcase name="parseRemovesEncodingLineInParsedSerialization()" classname="org.jabref.logic.importer.fileformat.BibtexParserTest" time="0.003"/>
  <testcase name="parseRecognizesAbsoluteFile()" classname="org.jabref.logic.importer.fileformat.BibtexParserTest" time="0.004"/>
  <testcase name="parseCombinesMultipleKeywordsFields()" classname="org.jabref.logic.importer.fileformat.BibtexParserTest" time="0.005"/>
  <testcase name="parseWarnsAboutUnmatchedContentInEntry()" classname="org.jabref.logic.importer.fileformat.BibtexParserTest" time="0.004"/>
  <testcase name="parseWarnsAboutUnmatchedContentInEntryWithoutComma()" classname="org.jabref.logic.importer.fileformat.BibtexParserTest" time="0.004"/>
  <testcase name="parseRecognizesMultipleEntries()" classname="org.jabref.logic.importer.fileformat.BibtexParserTest" time="0.004"/>
  <testcase name="parseRecognizesEntryWithAtSymbolInQuotationMarks()" classname="org.jabref.logic.importer.fileformat.BibtexParserTest" time="0.003"/>
  <testcase name="parseRecognizesEntryWithNewlines()" classname="org.jabref.logic.importer.fileformat.BibtexParserTest" time="0.004"/>
  <testcase name="parseRecognizesEntryInParenthesis()" classname="org.jabref.logic.importer.fileformat.BibtexParserTest" time="0.003"/>
  <testcase name="parseHandlesAccentsCorrectly()" classname="org.jabref.logic.importer.fileformat.BibtexParserTest" time="0.003"/>
  <testcase name="parseEmptyPreambleLeadsToEmpty()" classname="org.jabref.logic.importer.fileformat.BibtexParserTest" time="0.004"/>
  <testcase name="fromStringReturnsEmptyListIfNoEntryRecognized()" classname="org.jabref.logic.importer.fileformat.BibtexParserTest" time="0.002"/>
  <testcase name="parseRecognizesEntryOnlyWithKey()" classname="org.jabref.logic.importer.fileformat.BibtexParserTest" time="0.003"/>
  <testcase name="parseCommentWithoutBrackets()" classname="org.jabref.logic.importer.fileformat.BibtexParserTest" time="0.004"/>
  <testcase name="parseRecognizesStringWithWhitespace()" classname="org.jabref.logic.importer.fileformat.BibtexParserTest" time="0.002"/>
  <testcase name="parseReturnsEntriesInSameOrder()" classname="org.jabref.logic.importer.fileformat.BibtexParserTest" time="0.004"/>
  <testcase name="parseCombinesMultipleAuthorFields()" classname="org.jabref.logic.importer.fileformat.BibtexParserTest" time="0.004"/>
  <testcase name="parseRecognizesMultipleEntriesOnSameLine()" classname="org.jabref.logic.importer.fileformat.BibtexParserTest" time="0.004"/>
  <testcase name="parseRecognizesFormatedEntry()" classname="org.jabref.logic.importer.fileformat.BibtexParserTest" time="0.004"/>
  <testcase name="parseRecognizesSaveActionsAfterEntry()" classname="org.jabref.logic.importer.fileformat.BibtexParserTest" time="0.005"/>
  <testcase name="parseIgnoresUpercaseComments()" classname="org.jabref.logic.importer.fileformat.BibtexParserTest" time="0.003"/>
  <testcase name="parseIgnoresText()" classname="org.jabref.logic.importer.fileformat.BibtexParserTest" time="0.003"/>
  <testcase name="parseIgnoresWhitespaceInEpilogue()" classname="org.jabref.logic.importer.fileformat.BibtexParserTest" time="0.003"/>
  <testcase name="parseRecognizesUppercaseFields()" classname="org.jabref.logic.importer.fileformat.BibtexParserTest" time="0.003"/>
  <testcase name="parseYearWithMonthNumber()" classname="org.jabref.logic.importer.fileformat.BibtexParserTest" time="0.009"/>
  <testcase name="parseIgnoresAndWarnsAboutEntryWithFieldsThatAreNotSeperatedByComma()" classname="org.jabref.logic.importer.fileformat.BibtexParserTest" time="0.003"/>
  <testcase name="parseWarnsAboutStringsWithSameNameAndOnlyKeepsOne()" classname="org.jabref.logic.importer.fileformat.BibtexParserTest" time="0.004"/>
  <testcase name="parseIgnoresTextAfterEntry()" classname="org.jabref.logic.importer.fileformat.BibtexParserTest" time="0.003"/>
  <testcase name="parseIgnoresCommentsBeforeEntry()" classname="org.jabref.logic.importer.fileformat.BibtexParserTest" time="0.004"/>
  <testcase name="parseConvertsMultipleTabsToSpace()" classname="org.jabref.logic.importer.fileformat.BibtexParserTest" time="0.004"/>
  <testcase name="parseRecognizesNumbersWithoutBracketsOrQuotationMarks()" classname="org.jabref.logic.importer.fileformat.BibtexParserTest" time="0.003"/>
  <testcase name="parseBracketedComment()" classname="org.jabref.logic.importer.fileformat.BibtexParserTest" time="0.005"/>
  <testcase name="parseYearWithMonthString()" classname="org.jabref.logic.importer.fileformat.BibtexParserTest" time="0.004"/>
  <testcase name="fromStringRecognizesEntry()" classname="org.jabref.logic.importer.fileformat.BibtexParserTest" time="0.003"/>
  <testcase name="parseOtherTypeTest()" classname="org.jabref.logic.importer.fileformat.BibtexParserTest" time="0.006"/>
  <testcase name="parseRecognizesHeaderButIgnoresEncoding()" classname="org.jabref.logic.importer.fileformat.BibtexParserTest" time="0.004"/>
  <testcase name="parseRecognizesEntry()" classname="org.jabref.logic.importer.fileformat.BibtexParserTest" time="0.004"/>
  <testcase name="parsePrecedingComment()" classname="org.jabref.logic.importer.fileformat.BibtexParserTest" time="0.003"/>
  <testcase name="singleFromStringRecognizesEntryInMultiple()" classname="org.jabref.logic.importer.fileformat.BibtexParserTest" time="0.004"/>
  <testcase name="parseAddsEscapedClosingBracketToFieldValue()" classname="org.jabref.logic.importer.fileformat.BibtexParserTest" time="0.003"/>
  <testcase name="parseRecognizesFieldsWithBracketsEnclosedInQuotationMarks()" classname="org.jabref.logic.importer.fileformat.BibtexParserTest" time="0.004"/>
  <testcase name="parseRegularCommentBeforeEntry()" classname="org.jabref.logic.importer.fileformat.BibtexParserTest" time="0.003"/>
  <testcase name="parseRecognizesPreamble()" classname="org.jabref.logic.importer.fileformat.BibtexParserTest" time="0.007"/>
  <testcase name="parseRecognizesEntryWithBigNumbers()" classname="org.jabref.logic.importer.fileformat.BibtexParserTest" time="0.003"/>
  <testcase name="parseRecognizesEntryWithWhitespace()" classname="org.jabref.logic.importer.fileformat.BibtexParserTest" time="0.003"/>
  <testcase name="integrationTestCustomEntryType()" classname="org.jabref.logic.importer.fileformat.BibtexParserTest" time="0.003"/>
  <testcase name="parseRecognizesDateFieldWithConcatenation()" classname="org.jabref.logic.importer.fileformat.BibtexParserTest" time="0.004"/>
  <testcase name="parseSavesEntryInParsedSerialization()" classname="org.jabref.logic.importer.fileformat.BibtexParserTest" time="0.004"/>
  <testcase name="parseIgnoresAndWarnsAboutEntryWithUnmatchedOpenBracketInQuotationMarks()" classname="org.jabref.logic.importer.fileformat.BibtexParserTest" time="0.005"/>
  <testcase name="integrationTestSaveOrderConfig()" classname="org.jabref.logic.importer.fileformat.BibtexParserTest" time="0.004"/>
  <testcase name="parseConvertsNewlineToSpace()" classname="org.jabref.logic.importer.fileformat.BibtexParserTest" time="0.002"/>
  <testcase name="parseEmptyFileLeadsToPreamble()" classname="org.jabref.logic.importer.fileformat.BibtexParserTest" time="0.002"/>
  <testcase name="parsePreambleAndEntryWithoutNewLine()" classname="org.jabref.logic.importer.fileformat.BibtexParserTest" time="0.002"/>
  <system-out><![CDATA[15:24:14.529 [Test worker] INFO  org.jabref.logic.importer.fileformat.BibtexParser - Found unbracketed comment -  
15:24:14.627 [Test worker] INFO  org.jabref.logic.importer.fileformat.BibtexParser - Found unbracketed comment -  
]]></system-out>
  <system-err><![CDATA[]]></system-err>
</testsuite>
