<?xml version="1.0" encoding="UTF-8"?>
<testsuite name="org.jabref.logic.layout.format.DateFormatterTest" tests="2" skipped="0" failures="0" errors="0" timestamp="2019-02-15T14:24:25" hostname="n184-p67.eduroam.kth.se" time="0.004">
  <properties/>
  <testcase name="testDefaultFormat()" classname="org.jabref.logic.layout.format.DateFormatterTest" time="0.004"/>
  <testcase name="testRequestedFormat()" classname="org.jabref.logic.layout.format.DateFormatterTest" time="0.0"/>
  <system-out><![CDATA[]]></system-out>
  <system-err><![CDATA[]]></system-err>
</testsuite>
