<?xml version="1.0" encoding="UTF-8"?>
<testsuite name="org.jabref.logic.msbib.MsBibAuthorTest" tests="5" skipped="0" failures="0" errors="0" timestamp="2019-02-15T14:24:47" hostname="n184-p67.eduroam.kth.se" time="0.002">
  <properties/>
  <testcase name="testGetNoFirstName()" classname="org.jabref.logic.msbib.MsBibAuthorTest" time="0.0"/>
  <testcase name="testGetLastName()" classname="org.jabref.logic.msbib.MsBibAuthorTest" time="0.0"/>
  <testcase name="testGetMiddleName()" classname="org.jabref.logic.msbib.MsBibAuthorTest" time="0.0"/>
  <testcase name="testGetFirstName()" classname="org.jabref.logic.msbib.MsBibAuthorTest" time="0.0"/>
  <testcase name="testGetNoMiddleName()" classname="org.jabref.logic.msbib.MsBibAuthorTest" time="0.001"/>
  <system-out><![CDATA[]]></system-out>
  <system-err><![CDATA[]]></system-err>
</testsuite>
