<?xml version="1.0" encoding="UTF-8"?>
<testsuite name="org.jabref.model.database.event.AutosaveEventTest" tests="1" skipped="0" failures="0" errors="0" timestamp="2019-02-15T14:25:25" hostname="n184-p67.eduroam.kth.se" time="0.001">
  <properties/>
  <testcase name="givenNothingWhenCreatingThenNotNull()" classname="org.jabref.model.database.event.AutosaveEventTest" time="0.001"/>
  <system-out><![CDATA[]]></system-out>
  <system-err><![CDATA[]]></system-err>
</testsuite>
