<?xml version="1.0" encoding="UTF-8"?>
<testsuite name="org.jabref.logic.importer.fileformat.MrDLibImporterTest" tests="6" skipped="0" failures="0" errors="0" timestamp="2019-02-15T14:24:20" hostname="n184-p67.eduroam.kth.se" time="1.463">
  <properties/>
  <testcase name="testGetName()" classname="org.jabref.logic.importer.fileformat.MrDLibImporterTest" time="0.001"/>
  <testcase name="testImportDatabaseMin()" classname="org.jabref.logic.importer.fileformat.MrDLibImporterTest" time="0.004"/>
  <testcase name="testGetDescription()" classname="org.jabref.logic.importer.fileformat.MrDLibImporterTest" time="0.001"/>
  <testcase name="testGetFileExtention()" classname="org.jabref.logic.importer.fileformat.MrDLibImporterTest" time="0.0"/>
  <testcase name="testImportDatabaseIsYearSetCorrectly()" classname="org.jabref.logic.importer.fileformat.MrDLibImporterTest" time="1.436"/>
  <testcase name="testImportDatabaseIsTitleSetCorrectly()" classname="org.jabref.logic.importer.fileformat.MrDLibImporterTest" time="0.02"/>
  <system-out><![CDATA[]]></system-out>
  <system-err><![CDATA[]]></system-err>
</testsuite>
