<?xml version="1.0" encoding="UTF-8"?>
<testsuite name="org.jabref.logic.util.UpdateFieldTest" tests="19" skipped="0" failures="0" errors="0" timestamp="2019-02-15T14:24:24" hostname="n184-p67.eduroam.kth.se" time="0.011">
  <properties/>
  <testcase name="testUpdateFieldSetToNullCorrectFieldChangeContents()" classname="org.jabref.logic.util.UpdateFieldTest" time="0.001"/>
  <testcase name="testUpdateFieldSameContentHasChanged()" classname="org.jabref.logic.util.UpdateFieldTest" time="0.0"/>
  <testcase name="testUpdateFieldSetRmptyToNullHasNoFieldChangeContents()" classname="org.jabref.logic.util.UpdateFieldTest" time="0.001"/>
  <testcase name="testUpdateFieldSameValueNotChange()" classname="org.jabref.logic.util.UpdateFieldTest" time="0.0"/>
  <testcase name="testUpdateFieldSameContentHasCorrectFieldChange()" classname="org.jabref.logic.util.UpdateFieldTest" time="0.001"/>
  <testcase name="testUpdateFieldWorksNonEmptyField()" classname="org.jabref.logic.util.UpdateFieldTest" time="0.0"/>
  <testcase name="testUpdateFieldCorrectFieldChangeContentsEmptyField()" classname="org.jabref.logic.util.UpdateFieldTest" time="0.001"/>
  <testcase name="testUpdateFieldSameContentHasFieldChange()" classname="org.jabref.logic.util.UpdateFieldTest" time="0.0"/>
  <testcase name="testUpdateFieldCorrectFieldChangeContentsNonEmptyField()" classname="org.jabref.logic.util.UpdateFieldTest" time="0.0"/>
  <testcase name="testUpdateNonDisplayableFieldHasNotChanged()" classname="org.jabref.logic.util.UpdateFieldTest" time="0.0"/>
  <testcase name="testUpdateFieldWorksEmptyField()" classname="org.jabref.logic.util.UpdateFieldTest" time="0.0"/>
  <testcase name="testUpdateFieldSetEmptyToNullClears()" classname="org.jabref.logic.util.UpdateFieldTest" time="0.0"/>
  <testcase name="testUpdateFieldSameContentClears()" classname="org.jabref.logic.util.UpdateFieldTest" time="0.0"/>
  <testcase name="testUpdateFieldSameValueNoChange()" classname="org.jabref.logic.util.UpdateFieldTest" time="0.0"/>
  <testcase name="testUpdateFieldSetToNullClears()" classname="org.jabref.logic.util.UpdateFieldTest" time="0.0"/>
  <testcase name="testUpdateFieldSetToNullHasFieldChangeContents()" classname="org.jabref.logic.util.UpdateFieldTest" time="0.001"/>
  <testcase name="testUpdateFieldHasChanged()" classname="org.jabref.logic.util.UpdateFieldTest" time="0.0"/>
  <testcase name="testUpdateFieldValidFieldChange()" classname="org.jabref.logic.util.UpdateFieldTest" time="0.0"/>
  <testcase name="testUpdateNonDisplayableFieldUpdates()" classname="org.jabref.logic.util.UpdateFieldTest" time="0.0"/>
  <system-out><![CDATA[]]></system-out>
  <system-err><![CDATA[]]></system-err>
</testsuite>
