<?xml version="1.0" encoding="UTF-8"?>
<testsuite name="org.jabref.gui.search.ContainsAndRegexBasedSearchRuleDescriberTest" tests="5" skipped="0" failures="0" errors="0" timestamp="2019-02-15T14:25:17" hostname="n184-p67.eduroam.kth.se" time="0.65">
  <properties/>
  <testcase name="testSimpleTerm()" classname="org.jabref.gui.search.ContainsAndRegexBasedSearchRuleDescriberTest" time="0.129"/>
  <testcase name="testNoAstRegexCaseSensitive()" classname="org.jabref.gui.search.ContainsAndRegexBasedSearchRuleDescriberTest" time="0.133"/>
  <testcase name="testNoAst()" classname="org.jabref.gui.search.ContainsAndRegexBasedSearchRuleDescriberTest" time="0.128"/>
  <testcase name="testNoAstRegex()" classname="org.jabref.gui.search.ContainsAndRegexBasedSearchRuleDescriberTest" time="0.128"/>
  <testcase name="testNoAstCaseSensitive()" classname="org.jabref.gui.search.ContainsAndRegexBasedSearchRuleDescriberTest" time="0.13"/>
  <system-out><![CDATA[]]></system-out>
  <system-err><![CDATA[]]></system-err>
</testsuite>
