<?xml version="1.0" encoding="UTF-8"?>
<testsuite name="org.jabref.logic.formatter.casechanger.TitleCaseFormatterTest" tests="12" skipped="0" failures="0" errors="0" timestamp="2019-02-15T14:24:46" hostname="n184-p67.eduroam.kth.se" time="0.01">
  <properties/>
  <testcase name="completeWordsInCurlyBracketsIsLeftUnchanged()" classname="org.jabref.logic.formatter.casechanger.TitleCaseFormatterTest" time="0.0"/>
  <testcase name="eachFirstLetterIsUppercased()" classname="org.jabref.logic.formatter.casechanger.TitleCaseFormatterTest" time="0.001"/>
  <testcase name="lettersInCurlyBracketsIsLeftUnchanged()" classname="org.jabref.logic.formatter.casechanger.TitleCaseFormatterTest" time="0.001"/>
  <testcase name="eachFirstLetterIsUppercasedButIntermediateAndsAreKeptLowercase()" classname="org.jabref.logic.formatter.casechanger.TitleCaseFormatterTest" time="0.0"/>
  <testcase name="eachFirstLetterIsUppercasedAndATralingAndIsAlsoCorrectlyCased()" classname="org.jabref.logic.formatter.casechanger.TitleCaseFormatterTest" time="0.0"/>
  <testcase name="formatExample()" classname="org.jabref.logic.formatter.casechanger.TitleCaseFormatterTest" time="0.001"/>
  <testcase name="intraWordLettersInCurlyBracketsIsLeftUnchanged()" classname="org.jabref.logic.formatter.casechanger.TitleCaseFormatterTest" time="0.0"/>
  <testcase name="theAfterColonGetsCapitalized()" classname="org.jabref.logic.formatter.casechanger.TitleCaseFormatterTest" time="0.001"/>
  <testcase name="eachFirstLetterIsUppercasedButIntermediateAndsArePutLowercase()" classname="org.jabref.logic.formatter.casechanger.TitleCaseFormatterTest" time="0.0"/>
  <testcase name="eachFirstLetterIsUppercasedAndOthersLowercased()" classname="org.jabref.logic.formatter.casechanger.TitleCaseFormatterTest" time="0.0"/>
  <testcase name="testTwoExperiencesTitle()" classname="org.jabref.logic.formatter.casechanger.TitleCaseFormatterTest" time="0.0"/>
  <testcase name="eachFirstLetterIsUppercasedAndATralingAndIsAlsoUppercased()" classname="org.jabref.logic.formatter.casechanger.TitleCaseFormatterTest" time="0.0"/>
  <system-out><![CDATA[]]></system-out>
  <system-err><![CDATA[]]></system-err>
</testsuite>
