<?xml version="1.0" encoding="UTF-8"?>
<testsuite name="org.jabref.logic.xmp.XmpUtilReaderTest" tests="4" skipped="0" failures="0" errors="0" timestamp="2019-02-15T14:24:26" hostname="n184-p67.eduroam.kth.se" time="0.113">
  <properties/>
  <testcase name="testReadEmtpyMetadata()" classname="org.jabref.logic.xmp.XmpUtilReaderTest" time="0.029"/>
  <testcase name="testReadArticleDublinCoreReadRawXmp()" classname="org.jabref.logic.xmp.XmpUtilReaderTest" time="0.051"/>
  <testcase name="testReadArticleDublinCoreReadXmp()" classname="org.jabref.logic.xmp.XmpUtilReaderTest" time="0.026"/>
  <testcase name="testReadPDMetadata()" classname="org.jabref.logic.xmp.XmpUtilReaderTest" time="0.006"/>
  <system-out><![CDATA[]]></system-out>
  <system-err><![CDATA[]]></system-err>
</testsuite>
