<?xml version="1.0" encoding="UTF-8"?>
<testsuite name="org.jabref.logic.importer.ImportFormatReaderTestParameterless" tests="4" skipped="0" failures="0" errors="0" timestamp="2019-02-15T14:23:53" hostname="n184-p67.eduroam.kth.se" time="0.3">
  <properties/>
  <testcase name="importUnknownFormatThrowsExceptionIfPathIsNull()" classname="org.jabref.logic.importer.ImportFormatReaderTestParameterless" time="0.112"/>
  <testcase name="importUnknownFormatThrowsExceptionIfDataIsNull()" classname="org.jabref.logic.importer.ImportFormatReaderTestParameterless" time="0.004"/>
  <testcase name="importFromFileWithUnknownFormatThrowsException()" classname="org.jabref.logic.importer.ImportFormatReaderTestParameterless" time="0.007"/>
  <testcase name="importUnknownFormatThrowsExceptionIfNoMatchingImporterWasFound()" classname="org.jabref.logic.importer.ImportFormatReaderTestParameterless" time="0.176"/>
  <system-out><![CDATA[]]></system-out>
  <system-err><![CDATA[]]></system-err>
</testsuite>
