<?xml version="1.0" encoding="UTF-8"?>
<testsuite name="org.jabref.logic.l10n.LanguageTest" tests="3" skipped="0" failures="0" errors="0" timestamp="2019-02-15T14:23:45" hostname="n184-p67.eduroam.kth.se" time="0.003">
  <properties/>
  <testcase name="convertToKnownLocaleNull()" classname="org.jabref.logic.l10n.LanguageTest" time="0.001"/>
  <testcase name="convertKnownLanguageOnly()" classname="org.jabref.logic.l10n.LanguageTest" time="0.0"/>
  <testcase name="convertKnownLanguageAndCountryCorrect()" classname="org.jabref.logic.l10n.LanguageTest" time="0.0"/>
  <system-out><![CDATA[]]></system-out>
  <system-err><![CDATA[]]></system-err>
</testsuite>
