<?xml version="1.0" encoding="UTF-8"?>
<testsuite name="org.jabref.gui.search.GrammarBasedSearchRuleDescriberTest" tests="8" skipped="0" failures="0" errors="0" timestamp="2019-02-15T14:25:16" hostname="n184-p67.eduroam.kth.se" time="1.176">
  <properties/>
  <testcase name="testSimpleQuery()" classname="org.jabref.gui.search.GrammarBasedSearchRuleDescriberTest" time="0.25"/>
  <testcase name="testSimpleQueryCaseSensitiveRegex()" classname="org.jabref.gui.search.GrammarBasedSearchRuleDescriberTest" time="0.13"/>
  <testcase name="testComplexQueryCaseSensitive()" classname="org.jabref.gui.search.GrammarBasedSearchRuleDescriberTest" time="0.138"/>
  <testcase name="testSimpleQueryRegex()" classname="org.jabref.gui.search.GrammarBasedSearchRuleDescriberTest" time="0.133"/>
  <testcase name="testComplexQuery()" classname="org.jabref.gui.search.GrammarBasedSearchRuleDescriberTest" time="0.133"/>
  <testcase name="testSimpleQueryCaseSensitive()" classname="org.jabref.gui.search.GrammarBasedSearchRuleDescriberTest" time="0.127"/>
  <testcase name="testComplexQueryCaseSensitiveRegex()" classname="org.jabref.gui.search.GrammarBasedSearchRuleDescriberTest" time="0.129"/>
  <testcase name="testComplexQueryRegex()" classname="org.jabref.gui.search.GrammarBasedSearchRuleDescriberTest" time="0.133"/>
  <system-out><![CDATA[]]></system-out>
  <system-err><![CDATA[]]></system-err>
</testsuite>
