<?xml version="1.0" encoding="UTF-8"?>
<testsuite name="org.jabref.logic.layout.format.HTMLCharsTest" tests="8" skipped="0" failures="0" errors="0" timestamp="2019-02-15T14:24:25" hostname="n184-p67.eduroam.kth.se" time="0.023">
  <properties/>
  <testcase name="testLaTeXHighlighting()" classname="org.jabref.logic.layout.format.HTMLCharsTest" time="0.019"/>
  <testcase name="testBasicFormat()" classname="org.jabref.logic.layout.format.HTMLCharsTest" time="0.0"/>
  <testcase name="unknownCommandKeepsArgument()" classname="org.jabref.logic.layout.format.HTMLCharsTest" time="0.0"/>
  <testcase name="unknownCommandWithEmptyArgumentIsKept()" classname="org.jabref.logic.layout.format.HTMLCharsTest" time="0.0"/>
  <testcase name="unknownCommandIsKept()" classname="org.jabref.logic.layout.format.HTMLCharsTest" time="0.0"/>
  <testcase name="testQuoteSingle()" classname="org.jabref.logic.layout.format.HTMLCharsTest" time="0.0"/>
  <testcase name="testNewLine()" classname="org.jabref.logic.layout.format.HTMLCharsTest" time="0.0"/>
  <testcase name="testEquations()" classname="org.jabref.logic.layout.format.HTMLCharsTest" time="0.0"/>
  <system-out><![CDATA[]]></system-out>
  <system-err><![CDATA[]]></system-err>
</testsuite>
