<?xml version="1.0" encoding="UTF-8"?>
<testsuite name="org.jabref.gui.autocompleter.BibEntrySuggestionProviderTest" tests="10" skipped="0" failures="0" errors="0" timestamp="2019-02-15T14:25:16" hostname="n184-p67.eduroam.kth.se" time="0.007">
  <properties/>
  <testcase name="completeKeyReturnsKey()" classname="org.jabref.gui.autocompleter.BibEntrySuggestionProviderTest" time="0.002"/>
  <testcase name="completeAfterAddingNullReturnsNothing()" classname="org.jabref.gui.autocompleter.BibEntrySuggestionProviderTest" time="0.0"/>
  <testcase name="completeLowercaseKeyReturnsKey()" classname="org.jabref.gui.autocompleter.BibEntrySuggestionProviderTest" time="0.0"/>
  <testcase name="completeAfterAddingEmptyEntryReturnsNothing()" classname="org.jabref.gui.autocompleter.BibEntrySuggestionProviderTest" time="0.0"/>
  <testcase name="completeWithoutAddingAnythingReturnsNothing()" classname="org.jabref.gui.autocompleter.BibEntrySuggestionProviderTest" time="0.001"/>
  <testcase name="completeReturnsMultipleResults()" classname="org.jabref.gui.autocompleter.BibEntrySuggestionProviderTest" time="0.0"/>
  <testcase name="completeNullThrowsException()" classname="org.jabref.gui.autocompleter.BibEntrySuggestionProviderTest" time="0.0"/>
  <testcase name="completeBeginnigOfKeyReturnsKey()" classname="org.jabref.gui.autocompleter.BibEntrySuggestionProviderTest" time="0.0"/>
  <testcase name="completeShortKeyReturnsKey()" classname="org.jabref.gui.autocompleter.BibEntrySuggestionProviderTest" time="0.001"/>
  <testcase name="completeEmptyStringReturnsNothing()" classname="org.jabref.gui.autocompleter.BibEntrySuggestionProviderTest" time="0.0"/>
  <system-out><![CDATA[]]></system-out>
  <system-err><![CDATA[]]></system-err>
</testsuite>
