<?xml version="1.0" encoding="UTF-8"?>
<testsuite name="org.jabref.logic.formatter.FormatterTest" tests="208" skipped="0" failures="0" errors="0" timestamp="2019-02-15T14:24:46" hostname="n184-p67.eduroam.kth.se" time="0.257">
  <properties/>
  <testcase name="getKeyReturnsNotNull(Formatter)[1]" classname="org.jabref.logic.formatter.FormatterTest" time="0.0"/>
  <testcase name="getKeyReturnsNotNull(Formatter)[2]" classname="org.jabref.logic.formatter.FormatterTest" time="0.001"/>
  <testcase name="getKeyReturnsNotNull(Formatter)[3]" classname="org.jabref.logic.formatter.FormatterTest" time="0.0"/>
  <testcase name="getKeyReturnsNotNull(Formatter)[4]" classname="org.jabref.logic.formatter.FormatterTest" time="0.0"/>
  <testcase name="getKeyReturnsNotNull(Formatter)[5]" classname="org.jabref.logic.formatter.FormatterTest" time="0.0"/>
  <testcase name="getKeyReturnsNotNull(Formatter)[6]" classname="org.jabref.logic.formatter.FormatterTest" time="0.0"/>
  <testcase name="getKeyReturnsNotNull(Formatter)[7]" classname="org.jabref.logic.formatter.FormatterTest" time="0.001"/>
  <testcase name="getKeyReturnsNotNull(Formatter)[8]" classname="org.jabref.logic.formatter.FormatterTest" time="0.0"/>
  <testcase name="getKeyReturnsNotNull(Formatter)[9]" classname="org.jabref.logic.formatter.FormatterTest" time="0.0"/>
  <testcase name="getKeyReturnsNotNull(Formatter)[10]" classname="org.jabref.logic.formatter.FormatterTest" time="0.001"/>
  <testcase name="getKeyReturnsNotNull(Formatter)[11]" classname="org.jabref.logic.formatter.FormatterTest" time="0.001"/>
  <testcase name="getKeyReturnsNotNull(Formatter)[12]" classname="org.jabref.logic.formatter.FormatterTest" time="0.0"/>
  <testcase name="getKeyReturnsNotNull(Formatter)[13]" classname="org.jabref.logic.formatter.FormatterTest" time="0.0"/>
  <testcase name="getKeyReturnsNotNull(Formatter)[14]" classname="org.jabref.logic.formatter.FormatterTest" time="0.0"/>
  <testcase name="getKeyReturnsNotNull(Formatter)[15]" classname="org.jabref.logic.formatter.FormatterTest" time="0.0"/>
  <testcase name="getKeyReturnsNotNull(Formatter)[16]" classname="org.jabref.logic.formatter.FormatterTest" time="0.0"/>
  <testcase name="getKeyReturnsNotNull(Formatter)[17]" classname="org.jabref.logic.formatter.FormatterTest" time="0.001"/>
  <testcase name="getKeyReturnsNotNull(Formatter)[18]" classname="org.jabref.logic.formatter.FormatterTest" time="0.0"/>
  <testcase name="getKeyReturnsNotNull(Formatter)[19]" classname="org.jabref.logic.formatter.FormatterTest" time="0.0"/>
  <testcase name="getKeyReturnsNotNull(Formatter)[20]" classname="org.jabref.logic.formatter.FormatterTest" time="0.0"/>
  <testcase name="getKeyReturnsNotNull(Formatter)[21]" classname="org.jabref.logic.formatter.FormatterTest" time="0.0"/>
  <testcase name="getKeyReturnsNotNull(Formatter)[22]" classname="org.jabref.logic.formatter.FormatterTest" time="0.0"/>
  <testcase name="getKeyReturnsNotNull(Formatter)[23]" classname="org.jabref.logic.formatter.FormatterTest" time="0.0"/>
  <testcase name="getNameReturnsNotNull(Formatter)[1]" classname="org.jabref.logic.formatter.FormatterTest" time="0.0"/>
  <testcase name="getNameReturnsNotNull(Formatter)[2]" classname="org.jabref.logic.formatter.FormatterTest" time="0.0"/>
  <testcase name="getNameReturnsNotNull(Formatter)[3]" classname="org.jabref.logic.formatter.FormatterTest" time="0.0"/>
  <testcase name="getNameReturnsNotNull(Formatter)[4]" classname="org.jabref.logic.formatter.FormatterTest" time="0.001"/>
  <testcase name="getNameReturnsNotNull(Formatter)[5]" classname="org.jabref.logic.formatter.FormatterTest" time="0.001"/>
  <testcase name="getNameReturnsNotNull(Formatter)[6]" classname="org.jabref.logic.formatter.FormatterTest" time="0.0"/>
  <testcase name="getNameReturnsNotNull(Formatter)[7]" classname="org.jabref.logic.formatter.FormatterTest" time="0.0"/>
  <testcase name="getNameReturnsNotNull(Formatter)[8]" classname="org.jabref.logic.formatter.FormatterTest" time="0.0"/>
  <testcase name="getNameReturnsNotNull(Formatter)[9]" classname="org.jabref.logic.formatter.FormatterTest" time="0.001"/>
  <testcase name="getNameReturnsNotNull(Formatter)[10]" classname="org.jabref.logic.formatter.FormatterTest" time="0.0"/>
  <testcase name="getNameReturnsNotNull(Formatter)[11]" classname="org.jabref.logic.formatter.FormatterTest" time="0.001"/>
  <testcase name="getNameReturnsNotNull(Formatter)[12]" classname="org.jabref.logic.formatter.FormatterTest" time="0.0"/>
  <testcase name="getNameReturnsNotNull(Formatter)[13]" classname="org.jabref.logic.formatter.FormatterTest" time="0.001"/>
  <testcase name="getNameReturnsNotNull(Formatter)[14]" classname="org.jabref.logic.formatter.FormatterTest" time="0.0"/>
  <testcase name="getNameReturnsNotNull(Formatter)[15]" classname="org.jabref.logic.formatter.FormatterTest" time="0.0"/>
  <testcase name="getNameReturnsNotNull(Formatter)[16]" classname="org.jabref.logic.formatter.FormatterTest" time="0.001"/>
  <testcase name="getNameReturnsNotNull(Formatter)[17]" classname="org.jabref.logic.formatter.FormatterTest" time="0.001"/>
  <testcase name="getNameReturnsNotNull(Formatter)[18]" classname="org.jabref.logic.formatter.FormatterTest" time="0.001"/>
  <testcase name="getNameReturnsNotNull(Formatter)[19]" classname="org.jabref.logic.formatter.FormatterTest" time="0.0"/>
  <testcase name="getNameReturnsNotNull(Formatter)[20]" classname="org.jabref.logic.formatter.FormatterTest" time="0.0"/>
  <testcase name="getNameReturnsNotNull(Formatter)[21]" classname="org.jabref.logic.formatter.FormatterTest" time="0.0"/>
  <testcase name="getNameReturnsNotNull(Formatter)[22]" classname="org.jabref.logic.formatter.FormatterTest" time="0.001"/>
  <testcase name="getNameReturnsNotNull(Formatter)[23]" classname="org.jabref.logic.formatter.FormatterTest" time="0.0"/>
  <testcase name="getDescriptionAlwaysNonEmpty(Formatter)[1]" classname="org.jabref.logic.formatter.FormatterTest" time="0.0"/>
  <testcase name="getDescriptionAlwaysNonEmpty(Formatter)[2]" classname="org.jabref.logic.formatter.FormatterTest" time="0.0"/>
  <testcase name="getDescriptionAlwaysNonEmpty(Formatter)[3]" classname="org.jabref.logic.formatter.FormatterTest" time="0.001"/>
  <testcase name="getDescriptionAlwaysNonEmpty(Formatter)[4]" classname="org.jabref.logic.formatter.FormatterTest" time="0.0"/>
  <testcase name="getDescriptionAlwaysNonEmpty(Formatter)[5]" classname="org.jabref.logic.formatter.FormatterTest" time="0.001"/>
  <testcase name="getDescriptionAlwaysNonEmpty(Formatter)[6]" classname="org.jabref.logic.formatter.FormatterTest" time="0.0"/>
  <testcase name="getDescriptionAlwaysNonEmpty(Formatter)[7]" classname="org.jabref.logic.formatter.FormatterTest" time="0.0"/>
  <testcase name="getDescriptionAlwaysNonEmpty(Formatter)[8]" classname="org.jabref.logic.formatter.FormatterTest" time="0.0"/>
  <testcase name="getDescriptionAlwaysNonEmpty(Formatter)[9]" classname="org.jabref.logic.formatter.FormatterTest" time="0.0"/>
  <testcase name="getDescriptionAlwaysNonEmpty(Formatter)[10]" classname="org.jabref.logic.formatter.FormatterTest" time="0.0"/>
  <testcase name="getDescriptionAlwaysNonEmpty(Formatter)[11]" classname="org.jabref.logic.formatter.FormatterTest" time="0.0"/>
  <testcase name="getDescriptionAlwaysNonEmpty(Formatter)[12]" classname="org.jabref.logic.formatter.FormatterTest" time="0.0"/>
  <testcase name="getDescriptionAlwaysNonEmpty(Formatter)[13]" classname="org.jabref.logic.formatter.FormatterTest" time="0.001"/>
  <testcase name="getDescriptionAlwaysNonEmpty(Formatter)[14]" classname="org.jabref.logic.formatter.FormatterTest" time="0.001"/>
  <testcase name="getDescriptionAlwaysNonEmpty(Formatter)[15]" classname="org.jabref.logic.formatter.FormatterTest" time="0.0"/>
  <testcase name="getDescriptionAlwaysNonEmpty(Formatter)[16]" classname="org.jabref.logic.formatter.FormatterTest" time="0.001"/>
  <testcase name="getDescriptionAlwaysNonEmpty(Formatter)[17]" classname="org.jabref.logic.formatter.FormatterTest" time="0.001"/>
  <testcase name="getDescriptionAlwaysNonEmpty(Formatter)[18]" classname="org.jabref.logic.formatter.FormatterTest" time="0.0"/>
  <testcase name="getDescriptionAlwaysNonEmpty(Formatter)[19]" classname="org.jabref.logic.formatter.FormatterTest" time="0.0"/>
  <testcase name="getDescriptionAlwaysNonEmpty(Formatter)[20]" classname="org.jabref.logic.formatter.FormatterTest" time="0.0"/>
  <testcase name="getDescriptionAlwaysNonEmpty(Formatter)[21]" classname="org.jabref.logic.formatter.FormatterTest" time="0.0"/>
  <testcase name="getDescriptionAlwaysNonEmpty(Formatter)[22]" classname="org.jabref.logic.formatter.FormatterTest" time="0.0"/>
  <testcase name="getDescriptionAlwaysNonEmpty(Formatter)[23]" classname="org.jabref.logic.formatter.FormatterTest" time="0.0"/>
  <testcase name="getExampleInputAlwaysNonEmpty(Formatter)[1]" classname="org.jabref.logic.formatter.FormatterTest" time="0.0"/>
  <testcase name="getExampleInputAlwaysNonEmpty(Formatter)[2]" classname="org.jabref.logic.formatter.FormatterTest" time="0.0"/>
  <testcase name="getExampleInputAlwaysNonEmpty(Formatter)[3]" classname="org.jabref.logic.formatter.FormatterTest" time="0.0"/>
  <testcase name="getExampleInputAlwaysNonEmpty(Formatter)[4]" classname="org.jabref.logic.formatter.FormatterTest" time="0.001"/>
  <testcase name="getExampleInputAlwaysNonEmpty(Formatter)[5]" classname="org.jabref.logic.formatter.FormatterTest" time="0.0"/>
  <testcase name="getExampleInputAlwaysNonEmpty(Formatter)[6]" classname="org.jabref.logic.formatter.FormatterTest" time="0.0"/>
  <testcase name="getExampleInputAlwaysNonEmpty(Formatter)[7]" classname="org.jabref.logic.formatter.FormatterTest" time="0.0"/>
  <testcase name="getExampleInputAlwaysNonEmpty(Formatter)[8]" classname="org.jabref.logic.formatter.FormatterTest" time="0.001"/>
  <testcase name="getExampleInputAlwaysNonEmpty(Formatter)[9]" classname="org.jabref.logic.formatter.FormatterTest" time="0.001"/>
  <testcase name="getExampleInputAlwaysNonEmpty(Formatter)[10]" classname="org.jabref.logic.formatter.FormatterTest" time="0.001"/>
  <testcase name="getExampleInputAlwaysNonEmpty(Formatter)[11]" classname="org.jabref.logic.formatter.FormatterTest" time="0.001"/>
  <testcase name="getExampleInputAlwaysNonEmpty(Formatter)[12]" classname="org.jabref.logic.formatter.FormatterTest" time="0.0"/>
  <testcase name="getExampleInputAlwaysNonEmpty(Formatter)[13]" classname="org.jabref.logic.formatter.FormatterTest" time="0.0"/>
  <testcase name="getExampleInputAlwaysNonEmpty(Formatter)[14]" classname="org.jabref.logic.formatter.FormatterTest" time="0.0"/>
  <testcase name="getExampleInputAlwaysNonEmpty(Formatter)[15]" classname="org.jabref.logic.formatter.FormatterTest" time="0.0"/>
  <testcase name="getExampleInputAlwaysNonEmpty(Formatter)[16]" classname="org.jabref.logic.formatter.FormatterTest" time="0.001"/>
  <testcase name="getExampleInputAlwaysNonEmpty(Formatter)[17]" classname="org.jabref.logic.formatter.FormatterTest" time="0.001"/>
  <testcase name="getExampleInputAlwaysNonEmpty(Formatter)[18]" classname="org.jabref.logic.formatter.FormatterTest" time="0.0"/>
  <testcase name="getExampleInputAlwaysNonEmpty(Formatter)[19]" classname="org.jabref.logic.formatter.FormatterTest" time="0.001"/>
  <testcase name="getExampleInputAlwaysNonEmpty(Formatter)[20]" classname="org.jabref.logic.formatter.FormatterTest" time="0.0"/>
  <testcase name="getExampleInputAlwaysNonEmpty(Formatter)[21]" classname="org.jabref.logic.formatter.FormatterTest" time="0.0"/>
  <testcase name="getExampleInputAlwaysNonEmpty(Formatter)[22]" classname="org.jabref.logic.formatter.FormatterTest" time="0.0"/>
  <testcase name="getExampleInputAlwaysNonEmpty(Formatter)[23]" classname="org.jabref.logic.formatter.FormatterTest" time="0.001"/>
  <testcase name="getNameReturnsNotEmpty(Formatter)[1]" classname="org.jabref.logic.formatter.FormatterTest" time="0.001"/>
  <testcase name="getNameReturnsNotEmpty(Formatter)[2]" classname="org.jabref.logic.formatter.FormatterTest" time="0.0"/>
  <testcase name="getNameReturnsNotEmpty(Formatter)[3]" classname="org.jabref.logic.formatter.FormatterTest" time="0.0"/>
  <testcase name="getNameReturnsNotEmpty(Formatter)[4]" classname="org.jabref.logic.formatter.FormatterTest" time="0.0"/>
  <testcase name="getNameReturnsNotEmpty(Formatter)[5]" classname="org.jabref.logic.formatter.FormatterTest" time="0.0"/>
  <testcase name="getNameReturnsNotEmpty(Formatter)[6]" classname="org.jabref.logic.formatter.FormatterTest" time="0.001"/>
  <testcase name="getNameReturnsNotEmpty(Formatter)[7]" classname="org.jabref.logic.formatter.FormatterTest" time="0.001"/>
  <testcase name="getNameReturnsNotEmpty(Formatter)[8]" classname="org.jabref.logic.formatter.FormatterTest" time="0.001"/>
  <testcase name="getNameReturnsNotEmpty(Formatter)[9]" classname="org.jabref.logic.formatter.FormatterTest" time="0.001"/>
  <testcase name="getNameReturnsNotEmpty(Formatter)[10]" classname="org.jabref.logic.formatter.FormatterTest" time="0.001"/>
  <testcase name="getNameReturnsNotEmpty(Formatter)[11]" classname="org.jabref.logic.formatter.FormatterTest" time="0.001"/>
  <testcase name="getNameReturnsNotEmpty(Formatter)[12]" classname="org.jabref.logic.formatter.FormatterTest" time="0.001"/>
  <testcase name="getNameReturnsNotEmpty(Formatter)[13]" classname="org.jabref.logic.formatter.FormatterTest" time="0.001"/>
  <testcase name="getNameReturnsNotEmpty(Formatter)[14]" classname="org.jabref.logic.formatter.FormatterTest" time="0.0"/>
  <testcase name="getNameReturnsNotEmpty(Formatter)[15]" classname="org.jabref.logic.formatter.FormatterTest" time="0.0"/>
  <testcase name="getNameReturnsNotEmpty(Formatter)[16]" classname="org.jabref.logic.formatter.FormatterTest" time="0.001"/>
  <testcase name="getNameReturnsNotEmpty(Formatter)[17]" classname="org.jabref.logic.formatter.FormatterTest" time="0.0"/>
  <testcase name="getNameReturnsNotEmpty(Formatter)[18]" classname="org.jabref.logic.formatter.FormatterTest" time="0.0"/>
  <testcase name="getNameReturnsNotEmpty(Formatter)[19]" classname="org.jabref.logic.formatter.FormatterTest" time="0.0"/>
  <testcase name="getNameReturnsNotEmpty(Formatter)[20]" classname="org.jabref.logic.formatter.FormatterTest" time="0.0"/>
  <testcase name="getNameReturnsNotEmpty(Formatter)[21]" classname="org.jabref.logic.formatter.FormatterTest" time="0.0"/>
  <testcase name="getNameReturnsNotEmpty(Formatter)[22]" classname="org.jabref.logic.formatter.FormatterTest" time="0.0"/>
  <testcase name="getNameReturnsNotEmpty(Formatter)[23]" classname="org.jabref.logic.formatter.FormatterTest" time="0.0"/>
  <testcase name="formatOfNullThrowsException(Formatter)[1]" classname="org.jabref.logic.formatter.FormatterTest" time="0.001"/>
  <testcase name="formatOfNullThrowsException(Formatter)[2]" classname="org.jabref.logic.formatter.FormatterTest" time="0.029"/>
  <testcase name="formatOfNullThrowsException(Formatter)[3]" classname="org.jabref.logic.formatter.FormatterTest" time="0.001"/>
  <testcase name="formatOfNullThrowsException(Formatter)[4]" classname="org.jabref.logic.formatter.FormatterTest" time="0.0"/>
  <testcase name="formatOfNullThrowsException(Formatter)[5]" classname="org.jabref.logic.formatter.FormatterTest" time="0.0"/>
  <testcase name="formatOfNullThrowsException(Formatter)[6]" classname="org.jabref.logic.formatter.FormatterTest" time="0.001"/>
  <testcase name="formatOfNullThrowsException(Formatter)[7]" classname="org.jabref.logic.formatter.FormatterTest" time="0.001"/>
  <testcase name="formatOfNullThrowsException(Formatter)[8]" classname="org.jabref.logic.formatter.FormatterTest" time="0.0"/>
  <testcase name="formatOfNullThrowsException(Formatter)[9]" classname="org.jabref.logic.formatter.FormatterTest" time="0.0"/>
  <testcase name="formatOfNullThrowsException(Formatter)[10]" classname="org.jabref.logic.formatter.FormatterTest" time="0.001"/>
  <testcase name="formatOfNullThrowsException(Formatter)[11]" classname="org.jabref.logic.formatter.FormatterTest" time="0.0"/>
  <testcase name="formatOfNullThrowsException(Formatter)[12]" classname="org.jabref.logic.formatter.FormatterTest" time="0.0"/>
  <testcase name="formatOfNullThrowsException(Formatter)[13]" classname="org.jabref.logic.formatter.FormatterTest" time="0.0"/>
  <testcase name="formatOfNullThrowsException(Formatter)[14]" classname="org.jabref.logic.formatter.FormatterTest" time="0.0"/>
  <testcase name="formatOfNullThrowsException(Formatter)[15]" classname="org.jabref.logic.formatter.FormatterTest" time="0.001"/>
  <testcase name="formatOfNullThrowsException(Formatter)[16]" classname="org.jabref.logic.formatter.FormatterTest" time="0.001"/>
  <testcase name="formatOfNullThrowsException(Formatter)[17]" classname="org.jabref.logic.formatter.FormatterTest" time="0.001"/>
  <testcase name="formatOfNullThrowsException(Formatter)[18]" classname="org.jabref.logic.formatter.FormatterTest" time="0.002"/>
  <testcase name="formatOfNullThrowsException(Formatter)[19]" classname="org.jabref.logic.formatter.FormatterTest" time="0.0"/>
  <testcase name="formatOfNullThrowsException(Formatter)[20]" classname="org.jabref.logic.formatter.FormatterTest" time="0.0"/>
  <testcase name="formatOfNullThrowsException(Formatter)[21]" classname="org.jabref.logic.formatter.FormatterTest" time="0.001"/>
  <testcase name="formatOfNullThrowsException(Formatter)[22]" classname="org.jabref.logic.formatter.FormatterTest" time="0.0"/>
  <testcase name="formatOfNullThrowsException(Formatter)[23]" classname="org.jabref.logic.formatter.FormatterTest" time="0.0"/>
  <testcase name="formatNotReturnsNull(Formatter)[1]" classname="org.jabref.logic.formatter.FormatterTest" time="0.001"/>
  <testcase name="formatNotReturnsNull(Formatter)[2]" classname="org.jabref.logic.formatter.FormatterTest" time="0.001"/>
  <testcase name="formatNotReturnsNull(Formatter)[3]" classname="org.jabref.logic.formatter.FormatterTest" time="0.001"/>
  <testcase name="formatNotReturnsNull(Formatter)[4]" classname="org.jabref.logic.formatter.FormatterTest" time="0.001"/>
  <testcase name="formatNotReturnsNull(Formatter)[5]" classname="org.jabref.logic.formatter.FormatterTest" time="0.001"/>
  <testcase name="formatNotReturnsNull(Formatter)[6]" classname="org.jabref.logic.formatter.FormatterTest" time="0.001"/>
  <testcase name="formatNotReturnsNull(Formatter)[7]" classname="org.jabref.logic.formatter.FormatterTest" time="0.0"/>
  <testcase name="formatNotReturnsNull(Formatter)[8]" classname="org.jabref.logic.formatter.FormatterTest" time="0.0"/>
  <testcase name="formatNotReturnsNull(Formatter)[9]" classname="org.jabref.logic.formatter.FormatterTest" time="0.0"/>
  <testcase name="formatNotReturnsNull(Formatter)[10]" classname="org.jabref.logic.formatter.FormatterTest" time="0.0"/>
  <testcase name="formatNotReturnsNull(Formatter)[11]" classname="org.jabref.logic.formatter.FormatterTest" time="0.001"/>
  <testcase name="formatNotReturnsNull(Formatter)[12]" classname="org.jabref.logic.formatter.FormatterTest" time="0.001"/>
  <testcase name="formatNotReturnsNull(Formatter)[13]" classname="org.jabref.logic.formatter.FormatterTest" time="0.0"/>
  <testcase name="formatNotReturnsNull(Formatter)[14]" classname="org.jabref.logic.formatter.FormatterTest" time="0.001"/>
  <testcase name="formatNotReturnsNull(Formatter)[15]" classname="org.jabref.logic.formatter.FormatterTest" time="0.001"/>
  <testcase name="formatNotReturnsNull(Formatter)[16]" classname="org.jabref.logic.formatter.FormatterTest" time="0.005"/>
  <testcase name="formatNotReturnsNull(Formatter)[17]" classname="org.jabref.logic.formatter.FormatterTest" time="0.0"/>
  <testcase name="formatNotReturnsNull(Formatter)[18]" classname="org.jabref.logic.formatter.FormatterTest" time="0.001"/>
  <testcase name="formatNotReturnsNull(Formatter)[19]" classname="org.jabref.logic.formatter.FormatterTest" time="0.001"/>
  <testcase name="formatNotReturnsNull(Formatter)[20]" classname="org.jabref.logic.formatter.FormatterTest" time="0.005"/>
  <testcase name="formatNotReturnsNull(Formatter)[21]" classname="org.jabref.logic.formatter.FormatterTest" time="0.001"/>
  <testcase name="formatNotReturnsNull(Formatter)[22]" classname="org.jabref.logic.formatter.FormatterTest" time="0.001"/>
  <testcase name="formatNotReturnsNull(Formatter)[23]" classname="org.jabref.logic.formatter.FormatterTest" time="0.006"/>
  <testcase name="formatOfEmptyStringReturnsEmpty(Formatter)[1]" classname="org.jabref.logic.formatter.FormatterTest" time="0.0"/>
  <testcase name="formatOfEmptyStringReturnsEmpty(Formatter)[2]" classname="org.jabref.logic.formatter.FormatterTest" time="0.0"/>
  <testcase name="formatOfEmptyStringReturnsEmpty(Formatter)[3]" classname="org.jabref.logic.formatter.FormatterTest" time="0.001"/>
  <testcase name="formatOfEmptyStringReturnsEmpty(Formatter)[4]" classname="org.jabref.logic.formatter.FormatterTest" time="0.001"/>
  <testcase name="formatOfEmptyStringReturnsEmpty(Formatter)[5]" classname="org.jabref.logic.formatter.FormatterTest" time="0.001"/>
  <testcase name="formatOfEmptyStringReturnsEmpty(Formatter)[6]" classname="org.jabref.logic.formatter.FormatterTest" time="0.0"/>
  <testcase name="formatOfEmptyStringReturnsEmpty(Formatter)[7]" classname="org.jabref.logic.formatter.FormatterTest" time="0.0"/>
  <testcase name="formatOfEmptyStringReturnsEmpty(Formatter)[8]" classname="org.jabref.logic.formatter.FormatterTest" time="0.001"/>
  <testcase name="formatOfEmptyStringReturnsEmpty(Formatter)[9]" classname="org.jabref.logic.formatter.FormatterTest" time="0.0"/>
  <testcase name="formatOfEmptyStringReturnsEmpty(Formatter)[10]" classname="org.jabref.logic.formatter.FormatterTest" time="0.0"/>
  <testcase name="formatOfEmptyStringReturnsEmpty(Formatter)[11]" classname="org.jabref.logic.formatter.FormatterTest" time="0.0"/>
  <testcase name="formatOfEmptyStringReturnsEmpty(Formatter)[12]" classname="org.jabref.logic.formatter.FormatterTest" time="0.0"/>
  <testcase name="formatOfEmptyStringReturnsEmpty(Formatter)[13]" classname="org.jabref.logic.formatter.FormatterTest" time="0.0"/>
  <testcase name="formatOfEmptyStringReturnsEmpty(Formatter)[14]" classname="org.jabref.logic.formatter.FormatterTest" time="0.002"/>
  <testcase name="formatOfEmptyStringReturnsEmpty(Formatter)[15]" classname="org.jabref.logic.formatter.FormatterTest" time="0.001"/>
  <testcase name="formatOfEmptyStringReturnsEmpty(Formatter)[16]" classname="org.jabref.logic.formatter.FormatterTest" time="0.001"/>
  <testcase name="formatOfEmptyStringReturnsEmpty(Formatter)[17]" classname="org.jabref.logic.formatter.FormatterTest" time="0.001"/>
  <testcase name="formatOfEmptyStringReturnsEmpty(Formatter)[18]" classname="org.jabref.logic.formatter.FormatterTest" time="0.0"/>
  <testcase name="formatOfEmptyStringReturnsEmpty(Formatter)[19]" classname="org.jabref.logic.formatter.FormatterTest" time="0.0"/>
  <testcase name="formatOfEmptyStringReturnsEmpty(Formatter)[20]" classname="org.jabref.logic.formatter.FormatterTest" time="0.0"/>
  <testcase name="formatOfEmptyStringReturnsEmpty(Formatter)[21]" classname="org.jabref.logic.formatter.FormatterTest" time="0.001"/>
  <testcase name="formatOfEmptyStringReturnsEmpty(Formatter)[22]" classname="org.jabref.logic.formatter.FormatterTest" time="0.0"/>
  <testcase name="formatOfEmptyStringReturnsEmpty(Formatter)[23]" classname="org.jabref.logic.formatter.FormatterTest" time="0.0"/>
  <testcase name="allFormatterKeysAreUnique()" classname="org.jabref.logic.formatter.FormatterTest" time="0.007"/>
  <testcase name="getKeyReturnsNotEmpty(Formatter)[1]" classname="org.jabref.logic.formatter.FormatterTest" time="0.001"/>
  <testcase name="getKeyReturnsNotEmpty(Formatter)[2]" classname="org.jabref.logic.formatter.FormatterTest" time="0.0"/>
  <testcase name="getKeyReturnsNotEmpty(Formatter)[3]" classname="org.jabref.logic.formatter.FormatterTest" time="0.0"/>
  <testcase name="getKeyReturnsNotEmpty(Formatter)[4]" classname="org.jabref.logic.formatter.FormatterTest" time="0.001"/>
  <testcase name="getKeyReturnsNotEmpty(Formatter)[5]" classname="org.jabref.logic.formatter.FormatterTest" time="0.0"/>
  <testcase name="getKeyReturnsNotEmpty(Formatter)[6]" classname="org.jabref.logic.formatter.FormatterTest" time="0.0"/>
  <testcase name="getKeyReturnsNotEmpty(Formatter)[7]" classname="org.jabref.logic.formatter.FormatterTest" time="0.0"/>
  <testcase name="getKeyReturnsNotEmpty(Formatter)[8]" classname="org.jabref.logic.formatter.FormatterTest" time="0.0"/>
  <testcase name="getKeyReturnsNotEmpty(Formatter)[9]" classname="org.jabref.logic.formatter.FormatterTest" time="0.0"/>
  <testcase name="getKeyReturnsNotEmpty(Formatter)[10]" classname="org.jabref.logic.formatter.FormatterTest" time="0.001"/>
  <testcase name="getKeyReturnsNotEmpty(Formatter)[11]" classname="org.jabref.logic.formatter.FormatterTest" time="0.0"/>
  <testcase name="getKeyReturnsNotEmpty(Formatter)[12]" classname="org.jabref.logic.formatter.FormatterTest" time="0.0"/>
  <testcase name="getKeyReturnsNotEmpty(Formatter)[13]" classname="org.jabref.logic.formatter.FormatterTest" time="0.0"/>
  <testcase name="getKeyReturnsNotEmpty(Formatter)[14]" classname="org.jabref.logic.formatter.FormatterTest" time="0.001"/>
  <testcase name="getKeyReturnsNotEmpty(Formatter)[15]" classname="org.jabref.logic.formatter.FormatterTest" time="0.0"/>
  <testcase name="getKeyReturnsNotEmpty(Formatter)[16]" classname="org.jabref.logic.formatter.FormatterTest" time="0.001"/>
  <testcase name="getKeyReturnsNotEmpty(Formatter)[17]" classname="org.jabref.logic.formatter.FormatterTest" time="0.001"/>
  <testcase name="getKeyReturnsNotEmpty(Formatter)[18]" classname="org.jabref.logic.formatter.FormatterTest" time="0.001"/>
  <testcase name="getKeyReturnsNotEmpty(Formatter)[19]" classname="org.jabref.logic.formatter.FormatterTest" time="0.0"/>
  <testcase name="getKeyReturnsNotEmpty(Formatter)[20]" classname="org.jabref.logic.formatter.FormatterTest" time="0.0"/>
  <testcase name="getKeyReturnsNotEmpty(Formatter)[21]" classname="org.jabref.logic.formatter.FormatterTest" time="0.001"/>
  <testcase name="getKeyReturnsNotEmpty(Formatter)[22]" classname="org.jabref.logic.formatter.FormatterTest" time="0.0"/>
  <testcase name="getKeyReturnsNotEmpty(Formatter)[23]" classname="org.jabref.logic.formatter.FormatterTest" time="0.0"/>
  <system-out><![CDATA[]]></system-out>
  <system-err><![CDATA[]]></system-err>
</testsuite>
