<?xml version="1.0" encoding="UTF-8"?>
<testsuite name="org.jabref.logic.protectedterms.ProtectedTermsListTest" tests="13" skipped="0" failures="0" errors="0" timestamp="2019-02-15T14:24:25" hostname="n184-p67.eduroam.kth.se" time="0.022">
  <properties/>
  <testcase name="testNotEnabledByDefault()" classname="org.jabref.logic.protectedterms.ProtectedTermsListTest" time="0.002"/>
  <testcase name="testCanAddTermToExternalList()" classname="org.jabref.logic.protectedterms.ProtectedTermsListTest" time="0.002"/>
  <testcase name="testSetEnabledIsEnabled()" classname="org.jabref.logic.protectedterms.ProtectedTermsListTest" time="0.001"/>
  <testcase name="testGetLocation()" classname="org.jabref.logic.protectedterms.ProtectedTermsListTest" time="0.001"/>
  <testcase name="testTermAddedToExternalList()" classname="org.jabref.logic.protectedterms.ProtectedTermsListTest" time="0.001"/>
  <testcase name="testCompareTo()" classname="org.jabref.logic.protectedterms.ProtectedTermsListTest" time="0.003"/>
  <testcase name="testProtectedTermsListStringListOfStringStringBoolean()" classname="org.jabref.logic.protectedterms.ProtectedTermsListTest" time="0.002"/>
  <testcase name="testTermNotAddedToInternalList()" classname="org.jabref.logic.protectedterms.ProtectedTermsListTest" time="0.001"/>
  <testcase name="testGetTermList()" classname="org.jabref.logic.protectedterms.ProtectedTermsListTest" time="0.002"/>
  <testcase name="testGetTermListing()" classname="org.jabref.logic.protectedterms.ProtectedTermsListTest" time="0.001"/>
  <testcase name="testGetDescription()" classname="org.jabref.logic.protectedterms.ProtectedTermsListTest" time="0.001"/>
  <testcase name="testProtectedTermsListStringListOfStringString()" classname="org.jabref.logic.protectedterms.ProtectedTermsListTest" time="0.002"/>
  <testcase name="testCanNotAddTermToInternalList()" classname="org.jabref.logic.protectedterms.ProtectedTermsListTest" time="0.001"/>
  <system-out><![CDATA[]]></system-out>
  <system-err><![CDATA[]]></system-err>
</testsuite>
