<?xml version="1.0" encoding="UTF-8"?>
<testsuite name="org.jabref.logic.importer.BibDatabaseTestsWithFiles" tests="1" skipped="0" failures="0" errors="0" timestamp="2019-02-15T14:24:05" hostname="n184-p67.eduroam.kth.se" time="0.022">
  <properties/>
  <testcase name="resolveStrings()" classname="org.jabref.logic.importer.BibDatabaseTestsWithFiles" time="0.022"/>
  <system-out><![CDATA[]]></system-out>
  <system-err><![CDATA[]]></system-err>
</testsuite>
