<?xml version="1.0" encoding="UTF-8"?>
<testsuite name="org.jabref.logic.pdf.PdfAnnotationImporterTest" tests="16" skipped="0" failures="0" errors="0" timestamp="2019-02-15T14:24:25" hostname="n184-p67.eduroam.kth.se" time="0.231">
  <properties/>
  <testcase name="invalidDirectory()" classname="org.jabref.logic.pdf.PdfAnnotationImporterTest" time="0.001"/>
  <testcase name="twoAnnotationsThesisExample()" classname="org.jabref.logic.pdf.PdfAnnotationImporterTest" time="0.081"/>
  <testcase name="strikeoutWithNoteMinimal()" classname="org.jabref.logic.pdf.PdfAnnotationImporterTest" time="0.017"/>
  <testcase name="highlightWithNoteMinimal()" classname="org.jabref.logic.pdf.PdfAnnotationImporterTest" time="0.011"/>
  <testcase name="invalidPath()" classname="org.jabref.logic.pdf.PdfAnnotationImporterTest" time="0.001"/>
  <testcase name="invalidDocumentType()" classname="org.jabref.logic.pdf.PdfAnnotationImporterTest" time="0.0"/>
  <testcase name="popupNoteMinimal()" classname="org.jabref.logic.pdf.PdfAnnotationImporterTest" time="0.005"/>
  <testcase name="inlineNoteMinimal()" classname="org.jabref.logic.pdf.PdfAnnotationImporterTest" time="0.005"/>
  <testcase name="noAnnotationsEncrypted()" classname="org.jabref.logic.pdf.PdfAnnotationImporterTest" time="0.009"/>
  <testcase name="underlineWithNoteMinimal()" classname="org.jabref.logic.pdf.PdfAnnotationImporterTest" time="0.018"/>
  <testcase name="highlightNoNoteMinimal()" classname="org.jabref.logic.pdf.PdfAnnotationImporterTest" time="0.013"/>
  <testcase name="noAnnotationsWriteProtected()" classname="org.jabref.logic.pdf.PdfAnnotationImporterTest" time="0.024"/>
  <testcase name="noAnnotationsMinimal()" classname="org.jabref.logic.pdf.PdfAnnotationImporterTest" time="0.003"/>
  <testcase name="squigglyWithNoteMinimal()" classname="org.jabref.logic.pdf.PdfAnnotationImporterTest" time="0.015"/>
  <testcase name="polygonNoNoteMinimal()" classname="org.jabref.logic.pdf.PdfAnnotationImporterTest" time="0.005"/>
  <testcase name="highlightMinimalFoxit()" classname="org.jabref.logic.pdf.PdfAnnotationImporterTest" time="0.015"/>
  <system-out><![CDATA[15:24:25.784 [Test worker] WARN  org.jabref.logic.pdf.PdfAnnotationImporter - File 'src/test/resources/pdfs' does not end with .pdf! -  
15:24:25.896 [Test worker] WARN  org.jabref.logic.pdf.PdfAnnotationImporter - File '/asdf/does/not/exist.pdf' does not exist! -  
15:24:25.897 [Test worker] WARN  org.jabref.logic.pdf.PdfAnnotationImporter - File 'src/test/resources/pdfs/write-protected.docx' does not end with .pdf! -  
15:24:25.916 [Test worker] ERROR org.jabref.logic.pdf.PdfAnnotationImporter - Failed to read file 'src/test/resources/pdfs/encrypted.pdf'. - org.apache.pdfbox.pdmodel.encryption.InvalidPasswordException: Cannot decrypt PDF, the password is incorrect
	at org.apache.pdfbox.pdmodel.encryption.StandardSecurityHandler.prepareForDecryption(StandardSecurityHandler.java:256)
	at org.apache.pdfbox.pdfparser.COSParser.prepareDecryption(COSParser.java:2904)
	at org.apache.pdfbox.pdfparser.COSParser.retrieveTrailer(COSParser.java:284)
	at org.apache.pdfbox.pdfparser.PDFParser.initialParse(PDFParser.java:173) 
]]></system-out>
  <system-err><![CDATA[]]></system-err>
</testsuite>
