<?xml version="1.0" encoding="UTF-8"?>
<testsuite name="org.jabref.logic.layout.format.AuthorAndToSemicolonReplacerTest" tests="5" skipped="0" failures="0" errors="0" timestamp="2019-02-15T14:24:25" hostname="n184-p67.eduroam.kth.se" time="0.003">
  <properties/>
  <testcase name="testFormat(String, String)[1]" classname="org.jabref.logic.layout.format.AuthorAndToSemicolonReplacerTest" time="0.001"/>
  <testcase name="testFormat(String, String)[2]" classname="org.jabref.logic.layout.format.AuthorAndToSemicolonReplacerTest" time="0.001"/>
  <testcase name="testFormat(String, String)[3]" classname="org.jabref.logic.layout.format.AuthorAndToSemicolonReplacerTest" time="0.0"/>
  <testcase name="testFormat(String, String)[4]" classname="org.jabref.logic.layout.format.AuthorAndToSemicolonReplacerTest" time="0.001"/>
  <testcase name="testFormat(String, String)[5]" classname="org.jabref.logic.layout.format.AuthorAndToSemicolonReplacerTest" time="0.0"/>
  <system-out><![CDATA[]]></system-out>
  <system-err><![CDATA[]]></system-err>
</testsuite>
