<?xml version="1.0" encoding="UTF-8"?>
<testsuite name="org.jabref.logic.integrity.EntryLinkCheckerTest" tests="7" skipped="0" failures="0" errors="0" timestamp="2019-02-15T14:24:47" hostname="n184-p67.eduroam.kth.se" time="0.008">
  <properties/>
  <testcase name="testEntryLinkChecker()" classname="org.jabref.logic.integrity.EntryLinkCheckerTest" time="0.001"/>
  <testcase name="testCheckNonExistingRelated()" classname="org.jabref.logic.integrity.EntryLinkCheckerTest" time="0.002"/>
  <testcase name="testCheckExistingRelated()" classname="org.jabref.logic.integrity.EntryLinkCheckerTest" time="0.001"/>
  <testcase name="testCheckNoFields()" classname="org.jabref.logic.integrity.EntryLinkCheckerTest" time="0.0"/>
  <testcase name="testCheckNonRelatedFieldsOnly()" classname="org.jabref.logic.integrity.EntryLinkCheckerTest" time="0.0"/>
  <testcase name="testCheckNonExistingCrossref()" classname="org.jabref.logic.integrity.EntryLinkCheckerTest" time="0.0"/>
  <testcase name="testCheckExistingCrossref()" classname="org.jabref.logic.integrity.EntryLinkCheckerTest" time="0.0"/>
  <system-out><![CDATA[]]></system-out>
  <system-err><![CDATA[]]></system-err>
</testsuite>
