<?xml version="1.0" encoding="UTF-8"?>
<testsuite name="org.jabref.logic.util.BracketedPatternTest" tests="24" skipped="0" failures="0" errors="0" timestamp="2019-02-15T14:24:24" hostname="n184-p67.eduroam.kth.se" time="0.042">
  <properties/>
  <testcase name="emptyDatabaseExpansionTest()" classname="org.jabref.logic.util.BracketedPatternTest" time="0.002"/>
  <testcase name="pureauthReturnsAuthorIfEditorIsPresent()" classname="org.jabref.logic.util.BracketedPatternTest" time="0.0"/>
  <testcase name="pureauthReturnsEmptyStringIfAuthorIsAbsentAndEditorIsPresent()" classname="org.jabref.logic.util.BracketedPatternTest" time="0.004"/>
  <testcase name="testResolvedFieldAndFormat()" classname="org.jabref.logic.util.BracketedPatternTest" time="0.004"/>
  <testcase name="entryTypeExpansionLowercaseTest()" classname="org.jabref.logic.util.BracketedPatternTest" time="0.004"/>
  <testcase name="unbalancedLastBracketExpandsToSomething()" classname="org.jabref.logic.util.BracketedPatternTest" time="0.001"/>
  <testcase name="unknownKeyExpandsToEmptyString()" classname="org.jabref.logic.util.BracketedPatternTest" time="0.001"/>
  <testcase name="testResolvedParentNotInDatabase()" classname="org.jabref.logic.util.BracketedPatternTest" time="0.003"/>
  <testcase name="bracketedExpressionDefaultConstructorTest()" classname="org.jabref.logic.util.BracketedPatternTest" time="0.001"/>
  <testcase name="entryTypeExpansionTest()" classname="org.jabref.logic.util.BracketedPatternTest" time="0.001"/>
  <testcase name="unbalancedBracketsExpandToSomething()" classname="org.jabref.logic.util.BracketedPatternTest" time="0.001"/>
  <testcase name="bibtexkeyPatternExpandsToBibTeXKey()" classname="org.jabref.logic.util.BracketedPatternTest" time="0.001"/>
  <testcase name="pureauthReturnsEmptyStringIfAuthorIsAbsent()" classname="org.jabref.logic.util.BracketedPatternTest" time="0.001"/>
  <testcase name="databaseWithStringsExpansionTest()" classname="org.jabref.logic.util.BracketedPatternTest" time="0.001"/>
  <testcase name="pureauthReturnsAuthorIfEditorIsAbsent()" classname="org.jabref.logic.util.BracketedPatternTest" time="0.001"/>
  <testcase name="nullDatabaseExpansionTest()" classname="org.jabref.logic.util.BracketedPatternTest" time="0.001"/>
  <testcase name="bibtexkeyPatternWithEmptyModifierExpandsToBibTeXKey()" classname="org.jabref.logic.util.BracketedPatternTest" time="0.001"/>
  <testcase name="suppliedBibentryBracketExpansionTest()" classname="org.jabref.logic.util.BracketedPatternTest" time="0.001"/>
  <testcase name="bibentryExpansionTest()" classname="org.jabref.logic.util.BracketedPatternTest" time="0.001"/>
  <testcase name="lowerFormatterWorksOnVonNamePrefixes()" classname="org.jabref.logic.util.BracketedPatternTest" time="0.001"/>
  <testcase name="emptyPatternAndEmptyModifierExpandsToEmptyString()" classname="org.jabref.logic.util.BracketedPatternTest" time="0.001"/>
  <testcase name="authorPatternTreatsVonNamePrefixCorrectly()" classname="org.jabref.logic.util.BracketedPatternTest" time="0.0"/>
  <testcase name="emptyPatternAndValidModifierExpandsToEmptyString()" classname="org.jabref.logic.util.BracketedPatternTest" time="0.001"/>
  <testcase name="nullBibentryBracketExpansionTest()" classname="org.jabref.logic.util.BracketedPatternTest" time="0.001"/>
  <system-out><![CDATA[15:24:24.815 [Test worker] WARN  org.jabref.logic.bibtexkeypattern.BracketedPattern - Key generator warning: unknown modifier ''. -  
15:24:24.817 [Test worker] WARN  org.jabref.logic.bibtexkeypattern.BracketedPattern - Key generator warning: unknown modifier ''. -  
15:24:24.822 [Test worker] WARN  org.jabref.logic.bibtexkeypattern.BracketedPattern - Missing closing bracket ']' in '[year]_[auth]_[firstpage' -  
15:24:24.830 [Test worker] WARN  org.jabref.logic.bibtexkeypattern.BracketedPattern - Missing closing bracket ']' in '[year]_[auth_[firstpage]' -  
15:24:24.838 [Test worker] WARN  org.jabref.logic.bibtexkeypattern.BracketedPattern - Key generator warning: unknown modifier ''. -  
15:24:24.843 [Test worker] WARN  org.jabref.logic.bibtexkeypattern.BracketedPattern - Key generator warning: unknown modifier ''. -  
]]></system-out>
  <system-err><![CDATA[]]></system-err>
</testsuite>
