<?xml version="1.0" encoding="UTF-8"?>
<testsuite name="org.jabref.gui.autocompleter.PersonNameSuggestionProviderTest" tests="17" skipped="0" failures="0" errors="0" timestamp="2019-02-15T14:25:16" hostname="n184-p67.eduroam.kth.se" time="0.013">
  <properties/>
  <testcase name="completeLowercaseBeginningOfNameReturnsName()" classname="org.jabref.gui.autocompleter.PersonNameSuggestionProviderTest" time="0.002"/>
  <testcase name="completeAfterAddingNullReturnsNothing()" classname="org.jabref.gui.autocompleter.PersonNameSuggestionProviderTest" time="0.001"/>
  <testcase name="completeBeginningOfFullNameReturnsName()" classname="org.jabref.gui.autocompleter.PersonNameSuggestionProviderTest" time="0.001"/>
  <testcase name="completeAfterAddingEntryWithoutFieldReturnsNothing()" classname="org.jabref.gui.autocompleter.PersonNameSuggestionProviderTest" time="0.0"/>
  <testcase name="completeBeginningOfLastNameReturnsNameWithUmlauts()" classname="org.jabref.gui.autocompleter.PersonNameSuggestionProviderTest" time="0.0"/>
  <testcase name="completeBeginningOfFirstNameReturnsName()" classname="org.jabref.gui.autocompleter.PersonNameSuggestionProviderTest" time="0.001"/>
  <testcase name="completeVonReturnsName()" classname="org.jabref.gui.autocompleter.PersonNameSuggestionProviderTest" time="0.0"/>
  <testcase name="completeBeginningOfNameReturnsName()" classname="org.jabref.gui.autocompleter.PersonNameSuggestionProviderTest" time="0.0"/>
  <testcase name="completeAfterAddingEmptyEntryReturnsNothing()" classname="org.jabref.gui.autocompleter.PersonNameSuggestionProviderTest" time="0.0"/>
  <testcase name="completeWithoutAddingAnythingReturnsNothing()" classname="org.jabref.gui.autocompleter.PersonNameSuggestionProviderTest" time="0.0"/>
  <testcase name="completeNameReturnsName()" classname="org.jabref.gui.autocompleter.PersonNameSuggestionProviderTest" time="0.0"/>
  <testcase name="completeReturnsMultipleResults()" classname="org.jabref.gui.autocompleter.PersonNameSuggestionProviderTest" time="0.001"/>
  <testcase name="completePartOfNameReturnsName()" classname="org.jabref.gui.autocompleter.PersonNameSuggestionProviderTest" time="0.0"/>
  <testcase name="completeNullThrowsException()" classname="org.jabref.gui.autocompleter.PersonNameSuggestionProviderTest" time="0.001"/>
  <testcase name="completeEmptyStringReturnsNothing()" classname="org.jabref.gui.autocompleter.PersonNameSuggestionProviderTest" time="0.001"/>
  <testcase name="completeBeginningOfFirstNameReturnsNameWithVon()" classname="org.jabref.gui.autocompleter.PersonNameSuggestionProviderTest" time="0.001"/>
  <testcase name="completeBeginningOfFirstNameReturnsNameWithJr()" classname="org.jabref.gui.autocompleter.PersonNameSuggestionProviderTest" time="0.001"/>
  <system-out><![CDATA[]]></system-out>
  <system-err><![CDATA[]]></system-err>
</testsuite>
