<?xml version="1.0" encoding="UTF-8"?>
<testsuite name="org.jabref.logic.importer.fileformat.BiblioscapeImporterTestTypes" tests="9" skipped="0" failures="0" errors="0" timestamp="2019-02-15T14:24:14" hostname="n184-p67.eduroam.kth.se" time="0.016">
  <properties/>
  <testcase name="importConvertsToCorrectBibType(String, String)[1]" classname="org.jabref.logic.importer.fileformat.BiblioscapeImporterTestTypes" time="0.001"/>
  <testcase name="importConvertsToCorrectBibType(String, String)[2]" classname="org.jabref.logic.importer.fileformat.BiblioscapeImporterTestTypes" time="0.001"/>
  <testcase name="importConvertsToCorrectBibType(String, String)[3]" classname="org.jabref.logic.importer.fileformat.BiblioscapeImporterTestTypes" time="0.001"/>
  <testcase name="importConvertsToCorrectBibType(String, String)[4]" classname="org.jabref.logic.importer.fileformat.BiblioscapeImporterTestTypes" time="0.001"/>
  <testcase name="importConvertsToCorrectBibType(String, String)[5]" classname="org.jabref.logic.importer.fileformat.BiblioscapeImporterTestTypes" time="0.001"/>
  <testcase name="importConvertsToCorrectBibType(String, String)[6]" classname="org.jabref.logic.importer.fileformat.BiblioscapeImporterTestTypes" time="0.001"/>
  <testcase name="importConvertsToCorrectBibType(String, String)[7]" classname="org.jabref.logic.importer.fileformat.BiblioscapeImporterTestTypes" time="0.001"/>
  <testcase name="importConvertsToCorrectBibType(String, String)[8]" classname="org.jabref.logic.importer.fileformat.BiblioscapeImporterTestTypes" time="0.001"/>
  <testcase name="importConvertsToCorrectBibType(String, String)[9]" classname="org.jabref.logic.importer.fileformat.BiblioscapeImporterTestTypes" time="0.001"/>
  <system-out><![CDATA[]]></system-out>
  <system-err><![CDATA[]]></system-err>
</testsuite>
