<?xml version="1.0" encoding="UTF-8"?>
<testsuite name="org.jabref.logic.journals.AbbreviationParserTest" tests="1" skipped="0" failures="0" errors="0" timestamp="2019-02-15T14:24:26" hostname="n184-p67.eduroam.kth.se" time="0.054">
  <properties/>
  <testcase name="testReadJournalListFromResource()" classname="org.jabref.logic.journals.AbbreviationParserTest" time="0.054"/>
  <system-out><![CDATA[]]></system-out>
  <system-err><![CDATA[]]></system-err>
</testsuite>
