<?xml version="1.0" encoding="UTF-8"?>
<testsuite name="org.jabref.logic.bibtex.BibEntryWriterTest" tests="18" skipped="0" failures="0" errors="0" timestamp="2019-02-15T14:24:47" hostname="n184-p67.eduroam.kth.se" time="0.076">
  <properties/>
  <testcase name="multipleWritesWithoutModification()" classname="org.jabref.logic.bibtex.BibEntryWriterTest" time="0.007"/>
  <testcase name="testSerialization()" classname="org.jabref.logic.bibtex.BibEntryWriterTest" time="0.009"/>
  <testcase name="writeThrowsErrorIfFieldContainsUnbalancedBraces()" classname="org.jabref.logic.bibtex.BibEntryWriterTest" time="0.004"/>
  <testcase name="monthFieldSpecialSyntax()" classname="org.jabref.logic.bibtex.BibEntryWriterTest" time="0.004"/>
  <testcase name="doNotWriteEmptyFields()" classname="org.jabref.logic.bibtex.BibEntryWriterTest" time="0.003"/>
  <testcase name="roundTripTest()" classname="org.jabref.logic.bibtex.BibEntryWriterTest" time="0.004"/>
  <testcase name="roundTripWithPrecedingCommentAndModificationTest()" classname="org.jabref.logic.bibtex.BibEntryWriterTest" time="0.006"/>
  <testcase name="roundTripWithModification()" classname="org.jabref.logic.bibtex.BibEntryWriterTest" time="0.004"/>
  <testcase name="trimFieldContents()" classname="org.jabref.logic.bibtex.BibEntryWriterTest" time="0.003"/>
  <testcase name="roundTripWithCamelCasingInTheOriginalEntryAndResultInLowerCase()" classname="org.jabref.logic.bibtex.BibEntryWriterTest" time="0.005"/>
  <testcase name="roundTripWithPrecedingCommentTest()" classname="org.jabref.logic.bibtex.BibEntryWriterTest" time="0.003"/>
  <testcase name="writeReallyUnknownTypeTest()" classname="org.jabref.logic.bibtex.BibEntryWriterTest" time="0.002"/>
  <testcase name="roundTripWithPrependingNewlines()" classname="org.jabref.logic.bibtex.BibEntryWriterTest" time="0.002"/>
  <testcase name="addFieldWithLongerLength()" classname="org.jabref.logic.bibtex.BibEntryWriterTest" time="0.005"/>
  <testcase name="writeEntryWithFile()" classname="org.jabref.logic.bibtex.BibEntryWriterTest" time="0.002"/>
  <testcase name="testEntryTypeChange()" classname="org.jabref.logic.bibtex.BibEntryWriterTest" time="0.004"/>
  <testcase name="roundTripWithAppendedNewlines()" classname="org.jabref.logic.bibtex.BibEntryWriterTest" time="0.003"/>
  <testcase name="writeOtherTypeTest()" classname="org.jabref.logic.bibtex.BibEntryWriterTest" time="0.002"/>
  <system-out><![CDATA[]]></system-out>
  <system-err><![CDATA[]]></system-err>
</testsuite>
