<?xml version="1.0" encoding="UTF-8"?>
<testsuite name="org.jabref.logic.cleanup.MoveFilesCleanupTest" tests="4" skipped="0" failures="0" errors="0" timestamp="2019-02-15T14:24:47" hostname="n184-p67.eduroam.kth.se" time="0.049">
  <properties/>
  <testcase name="movesFileWithFileDirPattern()" classname="org.jabref.logic.cleanup.MoveFilesCleanupTest" time="0.021"/>
  <testcase name="movesFile()" classname="org.jabref.logic.cleanup.MoveFilesCleanupTest" time="0.011"/>
  <testcase name="movesFileWithMulitpleLinked()" classname="org.jabref.logic.cleanup.MoveFilesCleanupTest" time="0.009"/>
  <testcase name="movesFileWithSubdirectoryPattern()" classname="org.jabref.logic.cleanup.MoveFilesCleanupTest" time="0.007"/>
  <system-out><![CDATA[]]></system-out>
  <system-err><![CDATA[]]></system-err>
</testsuite>
