<?xml version="1.0" encoding="UTF-8"?>
<testsuite name="org.jabref.logic.importer.fileformat.PdfXmpImporterTest" tests="214" skipped="0" failures="0" errors="0" timestamp="2019-02-15T14:24:10" hostname="n184-p67.eduroam.kth.se" time="0.649">
  <properties/>
  <testcase name="testImportEntries()" classname="org.jabref.logic.importer.fileformat.PdfXmpImporterTest" time="0.01"/>
  <testcase name="testIsRecognizedFormat()" classname="org.jabref.logic.importer.fileformat.PdfXmpImporterTest" time="0.004"/>
  <testcase name="testsGetExtensions()" classname="org.jabref.logic.importer.fileformat.PdfXmpImporterTest" time="0.0"/>
  <testcase name="importEncryptedFileReturnsError()" classname="org.jabref.logic.importer.fileformat.PdfXmpImporterTest" time="0.01"/>
  <testcase name="testGetDescription()" classname="org.jabref.logic.importer.fileformat.PdfXmpImporterTest" time="0.0"/>
  <testcase name="testIsRecognizedFormatReject(String)[1]" classname="org.jabref.logic.importer.fileformat.PdfXmpImporterTest" time="0.001"/>
  <testcase name="testIsRecognizedFormatReject(String)[2]" classname="org.jabref.logic.importer.fileformat.PdfXmpImporterTest" time="0.002"/>
  <testcase name="testIsRecognizedFormatReject(String)[3]" classname="org.jabref.logic.importer.fileformat.PdfXmpImporterTest" time="0.001"/>
  <testcase name="testIsRecognizedFormatReject(String)[4]" classname="org.jabref.logic.importer.fileformat.PdfXmpImporterTest" time="0.002"/>
  <testcase name="testIsRecognizedFormatReject(String)[5]" classname="org.jabref.logic.importer.fileformat.PdfXmpImporterTest" time="0.001"/>
  <testcase name="testIsRecognizedFormatReject(String)[6]" classname="org.jabref.logic.importer.fileformat.PdfXmpImporterTest" time="0.001"/>
  <testcase name="testIsRecognizedFormatReject(String)[7]" classname="org.jabref.logic.importer.fileformat.PdfXmpImporterTest" time="0.001"/>
  <testcase name="testIsRecognizedFormatReject(String)[8]" classname="org.jabref.logic.importer.fileformat.PdfXmpImporterTest" time="0.001"/>
  <testcase name="testIsRecognizedFormatReject(String)[9]" classname="org.jabref.logic.importer.fileformat.PdfXmpImporterTest" time="0.002"/>
  <testcase name="testIsRecognizedFormatReject(String)[10]" classname="org.jabref.logic.importer.fileformat.PdfXmpImporterTest" time="0.001"/>
  <testcase name="testIsRecognizedFormatReject(String)[11]" classname="org.jabref.logic.importer.fileformat.PdfXmpImporterTest" time="0.003"/>
  <testcase name="testIsRecognizedFormatReject(String)[12]" classname="org.jabref.logic.importer.fileformat.PdfXmpImporterTest" time="0.001"/>
  <testcase name="testIsRecognizedFormatReject(String)[13]" classname="org.jabref.logic.importer.fileformat.PdfXmpImporterTest" time="0.001"/>
  <testcase name="testIsRecognizedFormatReject(String)[14]" classname="org.jabref.logic.importer.fileformat.PdfXmpImporterTest" time="0.001"/>
  <testcase name="testIsRecognizedFormatReject(String)[15]" classname="org.jabref.logic.importer.fileformat.PdfXmpImporterTest" time="0.001"/>
  <testcase name="testIsRecognizedFormatReject(String)[16]" classname="org.jabref.logic.importer.fileformat.PdfXmpImporterTest" time="0.002"/>
  <testcase name="testIsRecognizedFormatReject(String)[17]" classname="org.jabref.logic.importer.fileformat.PdfXmpImporterTest" time="0.001"/>
  <testcase name="testIsRecognizedFormatReject(String)[18]" classname="org.jabref.logic.importer.fileformat.PdfXmpImporterTest" time="0.002"/>
  <testcase name="testIsRecognizedFormatReject(String)[19]" classname="org.jabref.logic.importer.fileformat.PdfXmpImporterTest" time="0.001"/>
  <testcase name="testIsRecognizedFormatReject(String)[20]" classname="org.jabref.logic.importer.fileformat.PdfXmpImporterTest" time="0.002"/>
  <testcase name="testIsRecognizedFormatReject(String)[21]" classname="org.jabref.logic.importer.fileformat.PdfXmpImporterTest" time="0.001"/>
  <testcase name="testIsRecognizedFormatReject(String)[22]" classname="org.jabref.logic.importer.fileformat.PdfXmpImporterTest" time="0.001"/>
  <testcase name="testIsRecognizedFormatReject(String)[23]" classname="org.jabref.logic.importer.fileformat.PdfXmpImporterTest" time="0.001"/>
  <testcase name="testIsRecognizedFormatReject(String)[24]" classname="org.jabref.logic.importer.fileformat.PdfXmpImporterTest" time="0.001"/>
  <testcase name="testIsRecognizedFormatReject(String)[25]" classname="org.jabref.logic.importer.fileformat.PdfXmpImporterTest" time="0.002"/>
  <testcase name="testIsRecognizedFormatReject(String)[26]" classname="org.jabref.logic.importer.fileformat.PdfXmpImporterTest" time="0.001"/>
  <testcase name="testIsRecognizedFormatReject(String)[27]" classname="org.jabref.logic.importer.fileformat.PdfXmpImporterTest" time="0.001"/>
  <testcase name="testIsRecognizedFormatReject(String)[28]" classname="org.jabref.logic.importer.fileformat.PdfXmpImporterTest" time="0.002"/>
  <testcase name="testIsRecognizedFormatReject(String)[29]" classname="org.jabref.logic.importer.fileformat.PdfXmpImporterTest" time="0.002"/>
  <testcase name="testIsRecognizedFormatReject(String)[30]" classname="org.jabref.logic.importer.fileformat.PdfXmpImporterTest" time="0.001"/>
  <testcase name="testIsRecognizedFormatReject(String)[31]" classname="org.jabref.logic.importer.fileformat.PdfXmpImporterTest" time="0.001"/>
  <testcase name="testIsRecognizedFormatReject(String)[32]" classname="org.jabref.logic.importer.fileformat.PdfXmpImporterTest" time="0.027"/>
  <testcase name="testIsRecognizedFormatReject(String)[33]" classname="org.jabref.logic.importer.fileformat.PdfXmpImporterTest" time="0.002"/>
  <testcase name="testIsRecognizedFormatReject(String)[34]" classname="org.jabref.logic.importer.fileformat.PdfXmpImporterTest" time="0.001"/>
  <testcase name="testIsRecognizedFormatReject(String)[35]" classname="org.jabref.logic.importer.fileformat.PdfXmpImporterTest" time="0.001"/>
  <testcase name="testIsRecognizedFormatReject(String)[36]" classname="org.jabref.logic.importer.fileformat.PdfXmpImporterTest" time="0.001"/>
  <testcase name="testIsRecognizedFormatReject(String)[37]" classname="org.jabref.logic.importer.fileformat.PdfXmpImporterTest" time="0.001"/>
  <testcase name="testIsRecognizedFormatReject(String)[38]" classname="org.jabref.logic.importer.fileformat.PdfXmpImporterTest" time="0.001"/>
  <testcase name="testIsRecognizedFormatReject(String)[39]" classname="org.jabref.logic.importer.fileformat.PdfXmpImporterTest" time="0.001"/>
  <testcase name="testIsRecognizedFormatReject(String)[40]" classname="org.jabref.logic.importer.fileformat.PdfXmpImporterTest" time="0.002"/>
  <testcase name="testIsRecognizedFormatReject(String)[41]" classname="org.jabref.logic.importer.fileformat.PdfXmpImporterTest" time="0.001"/>
  <testcase name="testIsRecognizedFormatReject(String)[42]" classname="org.jabref.logic.importer.fileformat.PdfXmpImporterTest" time="0.002"/>
  <testcase name="testIsRecognizedFormatReject(String)[43]" classname="org.jabref.logic.importer.fileformat.PdfXmpImporterTest" time="0.002"/>
  <testcase name="testIsRecognizedFormatReject(String)[44]" classname="org.jabref.logic.importer.fileformat.PdfXmpImporterTest" time="0.001"/>
  <testcase name="testIsRecognizedFormatReject(String)[45]" classname="org.jabref.logic.importer.fileformat.PdfXmpImporterTest" time="0.001"/>
  <testcase name="testIsRecognizedFormatReject(String)[46]" classname="org.jabref.logic.importer.fileformat.PdfXmpImporterTest" time="0.001"/>
  <testcase name="testIsRecognizedFormatReject(String)[47]" classname="org.jabref.logic.importer.fileformat.PdfXmpImporterTest" time="0.001"/>
  <testcase name="testIsRecognizedFormatReject(String)[48]" classname="org.jabref.logic.importer.fileformat.PdfXmpImporterTest" time="0.001"/>
  <testcase name="testIsRecognizedFormatReject(String)[49]" classname="org.jabref.logic.importer.fileformat.PdfXmpImporterTest" time="0.0"/>
  <testcase name="testIsRecognizedFormatReject(String)[50]" classname="org.jabref.logic.importer.fileformat.PdfXmpImporterTest" time="0.001"/>
  <testcase name="testIsRecognizedFormatReject(String)[51]" classname="org.jabref.logic.importer.fileformat.PdfXmpImporterTest" time="0.001"/>
  <testcase name="testIsRecognizedFormatReject(String)[52]" classname="org.jabref.logic.importer.fileformat.PdfXmpImporterTest" time="0.001"/>
  <testcase name="testIsRecognizedFormatReject(String)[53]" classname="org.jabref.logic.importer.fileformat.PdfXmpImporterTest" time="0.001"/>
  <testcase name="testIsRecognizedFormatReject(String)[54]" classname="org.jabref.logic.importer.fileformat.PdfXmpImporterTest" time="0.001"/>
  <testcase name="testIsRecognizedFormatReject(String)[55]" classname="org.jabref.logic.importer.fileformat.PdfXmpImporterTest" time="0.001"/>
  <testcase name="testIsRecognizedFormatReject(String)[56]" classname="org.jabref.logic.importer.fileformat.PdfXmpImporterTest" time="0.001"/>
  <testcase name="testIsRecognizedFormatReject(String)[57]" classname="org.jabref.logic.importer.fileformat.PdfXmpImporterTest" time="0.001"/>
  <testcase name="testIsRecognizedFormatReject(String)[58]" classname="org.jabref.logic.importer.fileformat.PdfXmpImporterTest" time="0.001"/>
  <testcase name="testIsRecognizedFormatReject(String)[59]" classname="org.jabref.logic.importer.fileformat.PdfXmpImporterTest" time="0.001"/>
  <testcase name="testIsRecognizedFormatReject(String)[60]" classname="org.jabref.logic.importer.fileformat.PdfXmpImporterTest" time="0.001"/>
  <testcase name="testIsRecognizedFormatReject(String)[61]" classname="org.jabref.logic.importer.fileformat.PdfXmpImporterTest" time="0.001"/>
  <testcase name="testIsRecognizedFormatReject(String)[62]" classname="org.jabref.logic.importer.fileformat.PdfXmpImporterTest" time="0.001"/>
  <testcase name="testIsRecognizedFormatReject(String)[63]" classname="org.jabref.logic.importer.fileformat.PdfXmpImporterTest" time="0.001"/>
  <testcase name="testIsRecognizedFormatReject(String)[64]" classname="org.jabref.logic.importer.fileformat.PdfXmpImporterTest" time="0.001"/>
  <testcase name="testIsRecognizedFormatReject(String)[65]" classname="org.jabref.logic.importer.fileformat.PdfXmpImporterTest" time="0.001"/>
  <testcase name="testIsRecognizedFormatReject(String)[66]" classname="org.jabref.logic.importer.fileformat.PdfXmpImporterTest" time="0.001"/>
  <testcase name="testIsRecognizedFormatReject(String)[67]" classname="org.jabref.logic.importer.fileformat.PdfXmpImporterTest" time="0.001"/>
  <testcase name="testIsRecognizedFormatReject(String)[68]" classname="org.jabref.logic.importer.fileformat.PdfXmpImporterTest" time="0.001"/>
  <testcase name="testIsRecognizedFormatReject(String)[69]" classname="org.jabref.logic.importer.fileformat.PdfXmpImporterTest" time="0.001"/>
  <testcase name="testIsRecognizedFormatReject(String)[70]" classname="org.jabref.logic.importer.fileformat.PdfXmpImporterTest" time="0.002"/>
  <testcase name="testIsRecognizedFormatReject(String)[71]" classname="org.jabref.logic.importer.fileformat.PdfXmpImporterTest" time="0.001"/>
  <testcase name="testIsRecognizedFormatReject(String)[72]" classname="org.jabref.logic.importer.fileformat.PdfXmpImporterTest" time="0.001"/>
  <testcase name="testIsRecognizedFormatReject(String)[73]" classname="org.jabref.logic.importer.fileformat.PdfXmpImporterTest" time="0.001"/>
  <testcase name="testIsRecognizedFormatReject(String)[74]" classname="org.jabref.logic.importer.fileformat.PdfXmpImporterTest" time="0.001"/>
  <testcase name="testIsRecognizedFormatReject(String)[75]" classname="org.jabref.logic.importer.fileformat.PdfXmpImporterTest" time="0.002"/>
  <testcase name="testIsRecognizedFormatReject(String)[76]" classname="org.jabref.logic.importer.fileformat.PdfXmpImporterTest" time="0.001"/>
  <testcase name="testIsRecognizedFormatReject(String)[77]" classname="org.jabref.logic.importer.fileformat.PdfXmpImporterTest" time="0.001"/>
  <testcase name="testIsRecognizedFormatReject(String)[78]" classname="org.jabref.logic.importer.fileformat.PdfXmpImporterTest" time="0.001"/>
  <testcase name="testIsRecognizedFormatReject(String)[79]" classname="org.jabref.logic.importer.fileformat.PdfXmpImporterTest" time="0.001"/>
  <testcase name="testIsRecognizedFormatReject(String)[80]" classname="org.jabref.logic.importer.fileformat.PdfXmpImporterTest" time="0.001"/>
  <testcase name="testIsRecognizedFormatReject(String)[81]" classname="org.jabref.logic.importer.fileformat.PdfXmpImporterTest" time="0.001"/>
  <testcase name="testIsRecognizedFormatReject(String)[82]" classname="org.jabref.logic.importer.fileformat.PdfXmpImporterTest" time="0.002"/>
  <testcase name="testIsRecognizedFormatReject(String)[83]" classname="org.jabref.logic.importer.fileformat.PdfXmpImporterTest" time="0.0"/>
  <testcase name="testIsRecognizedFormatReject(String)[84]" classname="org.jabref.logic.importer.fileformat.PdfXmpImporterTest" time="0.001"/>
  <testcase name="testIsRecognizedFormatReject(String)[85]" classname="org.jabref.logic.importer.fileformat.PdfXmpImporterTest" time="0.001"/>
  <testcase name="testIsRecognizedFormatReject(String)[86]" classname="org.jabref.logic.importer.fileformat.PdfXmpImporterTest" time="0.001"/>
  <testcase name="testIsRecognizedFormatReject(String)[87]" classname="org.jabref.logic.importer.fileformat.PdfXmpImporterTest" time="0.002"/>
  <testcase name="testIsRecognizedFormatReject(String)[88]" classname="org.jabref.logic.importer.fileformat.PdfXmpImporterTest" time="0.006"/>
  <testcase name="testIsRecognizedFormatReject(String)[89]" classname="org.jabref.logic.importer.fileformat.PdfXmpImporterTest" time="0.002"/>
  <testcase name="testIsRecognizedFormatReject(String)[90]" classname="org.jabref.logic.importer.fileformat.PdfXmpImporterTest" time="0.002"/>
  <testcase name="testIsRecognizedFormatReject(String)[91]" classname="org.jabref.logic.importer.fileformat.PdfXmpImporterTest" time="0.001"/>
  <testcase name="testIsRecognizedFormatReject(String)[92]" classname="org.jabref.logic.importer.fileformat.PdfXmpImporterTest" time="0.001"/>
  <testcase name="testIsRecognizedFormatReject(String)[93]" classname="org.jabref.logic.importer.fileformat.PdfXmpImporterTest" time="0.001"/>
  <testcase name="testIsRecognizedFormatReject(String)[94]" classname="org.jabref.logic.importer.fileformat.PdfXmpImporterTest" time="0.001"/>
  <testcase name="testIsRecognizedFormatReject(String)[95]" classname="org.jabref.logic.importer.fileformat.PdfXmpImporterTest" time="0.001"/>
  <testcase name="testIsRecognizedFormatReject(String)[96]" classname="org.jabref.logic.importer.fileformat.PdfXmpImporterTest" time="0.001"/>
  <testcase name="testIsRecognizedFormatReject(String)[97]" classname="org.jabref.logic.importer.fileformat.PdfXmpImporterTest" time="0.0"/>
  <testcase name="testIsRecognizedFormatReject(String)[98]" classname="org.jabref.logic.importer.fileformat.PdfXmpImporterTest" time="0.001"/>
  <testcase name="testIsRecognizedFormatReject(String)[99]" classname="org.jabref.logic.importer.fileformat.PdfXmpImporterTest" time="0.001"/>
  <testcase name="testIsRecognizedFormatReject(String)[100]" classname="org.jabref.logic.importer.fileformat.PdfXmpImporterTest" time="0.001"/>
  <testcase name="testIsRecognizedFormatReject(String)[101]" classname="org.jabref.logic.importer.fileformat.PdfXmpImporterTest" time="0.001"/>
  <testcase name="testIsRecognizedFormatReject(String)[102]" classname="org.jabref.logic.importer.fileformat.PdfXmpImporterTest" time="0.001"/>
  <testcase name="testIsRecognizedFormatReject(String)[103]" classname="org.jabref.logic.importer.fileformat.PdfXmpImporterTest" time="0.001"/>
  <testcase name="testIsRecognizedFormatReject(String)[104]" classname="org.jabref.logic.importer.fileformat.PdfXmpImporterTest" time="0.001"/>
  <testcase name="testIsRecognizedFormatReject(String)[105]" classname="org.jabref.logic.importer.fileformat.PdfXmpImporterTest" time="0.001"/>
  <testcase name="testIsRecognizedFormatReject(String)[106]" classname="org.jabref.logic.importer.fileformat.PdfXmpImporterTest" time="0.001"/>
  <testcase name="testIsRecognizedFormatReject(String)[107]" classname="org.jabref.logic.importer.fileformat.PdfXmpImporterTest" time="0.001"/>
  <testcase name="testIsRecognizedFormatReject(String)[108]" classname="org.jabref.logic.importer.fileformat.PdfXmpImporterTest" time="0.001"/>
  <testcase name="testIsRecognizedFormatReject(String)[109]" classname="org.jabref.logic.importer.fileformat.PdfXmpImporterTest" time="0.0"/>
  <testcase name="testIsRecognizedFormatReject(String)[110]" classname="org.jabref.logic.importer.fileformat.PdfXmpImporterTest" time="0.001"/>
  <testcase name="testIsRecognizedFormatReject(String)[111]" classname="org.jabref.logic.importer.fileformat.PdfXmpImporterTest" time="0.001"/>
  <testcase name="testIsRecognizedFormatReject(String)[112]" classname="org.jabref.logic.importer.fileformat.PdfXmpImporterTest" time="0.006"/>
  <testcase name="testIsRecognizedFormatReject(String)[113]" classname="org.jabref.logic.importer.fileformat.PdfXmpImporterTest" time="0.001"/>
  <testcase name="testIsRecognizedFormatReject(String)[114]" classname="org.jabref.logic.importer.fileformat.PdfXmpImporterTest" time="0.001"/>
  <testcase name="testIsRecognizedFormatReject(String)[115]" classname="org.jabref.logic.importer.fileformat.PdfXmpImporterTest" time="0.001"/>
  <testcase name="testIsRecognizedFormatReject(String)[116]" classname="org.jabref.logic.importer.fileformat.PdfXmpImporterTest" time="0.0"/>
  <testcase name="testIsRecognizedFormatReject(String)[117]" classname="org.jabref.logic.importer.fileformat.PdfXmpImporterTest" time="0.001"/>
  <testcase name="testIsRecognizedFormatReject(String)[118]" classname="org.jabref.logic.importer.fileformat.PdfXmpImporterTest" time="0.001"/>
  <testcase name="testIsRecognizedFormatReject(String)[119]" classname="org.jabref.logic.importer.fileformat.PdfXmpImporterTest" time="0.001"/>
  <testcase name="testIsRecognizedFormatReject(String)[120]" classname="org.jabref.logic.importer.fileformat.PdfXmpImporterTest" time="0.002"/>
  <testcase name="testIsRecognizedFormatReject(String)[121]" classname="org.jabref.logic.importer.fileformat.PdfXmpImporterTest" time="0.001"/>
  <testcase name="testIsRecognizedFormatReject(String)[122]" classname="org.jabref.logic.importer.fileformat.PdfXmpImporterTest" time="0.001"/>
  <testcase name="testIsRecognizedFormatReject(String)[123]" classname="org.jabref.logic.importer.fileformat.PdfXmpImporterTest" time="0.0"/>
  <testcase name="testIsRecognizedFormatReject(String)[124]" classname="org.jabref.logic.importer.fileformat.PdfXmpImporterTest" time="0.001"/>
  <testcase name="testIsRecognizedFormatReject(String)[125]" classname="org.jabref.logic.importer.fileformat.PdfXmpImporterTest" time="0.001"/>
  <testcase name="testIsRecognizedFormatReject(String)[126]" classname="org.jabref.logic.importer.fileformat.PdfXmpImporterTest" time="0.001"/>
  <testcase name="testIsRecognizedFormatReject(String)[127]" classname="org.jabref.logic.importer.fileformat.PdfXmpImporterTest" time="0.001"/>
  <testcase name="testIsRecognizedFormatReject(String)[128]" classname="org.jabref.logic.importer.fileformat.PdfXmpImporterTest" time="0.0"/>
  <testcase name="testIsRecognizedFormatReject(String)[129]" classname="org.jabref.logic.importer.fileformat.PdfXmpImporterTest" time="0.001"/>
  <testcase name="testIsRecognizedFormatReject(String)[130]" classname="org.jabref.logic.importer.fileformat.PdfXmpImporterTest" time="0.001"/>
  <testcase name="testIsRecognizedFormatReject(String)[131]" classname="org.jabref.logic.importer.fileformat.PdfXmpImporterTest" time="0.0"/>
  <testcase name="testIsRecognizedFormatReject(String)[132]" classname="org.jabref.logic.importer.fileformat.PdfXmpImporterTest" time="0.001"/>
  <testcase name="testIsRecognizedFormatReject(String)[133]" classname="org.jabref.logic.importer.fileformat.PdfXmpImporterTest" time="0.001"/>
  <testcase name="testIsRecognizedFormatReject(String)[134]" classname="org.jabref.logic.importer.fileformat.PdfXmpImporterTest" time="0.001"/>
  <testcase name="testIsRecognizedFormatReject(String)[135]" classname="org.jabref.logic.importer.fileformat.PdfXmpImporterTest" time="0.001"/>
  <testcase name="testIsRecognizedFormatReject(String)[136]" classname="org.jabref.logic.importer.fileformat.PdfXmpImporterTest" time="0.0"/>
  <testcase name="testIsRecognizedFormatReject(String)[137]" classname="org.jabref.logic.importer.fileformat.PdfXmpImporterTest" time="0.001"/>
  <testcase name="testIsRecognizedFormatReject(String)[138]" classname="org.jabref.logic.importer.fileformat.PdfXmpImporterTest" time="0.001"/>
  <testcase name="testIsRecognizedFormatReject(String)[139]" classname="org.jabref.logic.importer.fileformat.PdfXmpImporterTest" time="0.0"/>
  <testcase name="testIsRecognizedFormatReject(String)[140]" classname="org.jabref.logic.importer.fileformat.PdfXmpImporterTest" time="0.001"/>
  <testcase name="testIsRecognizedFormatReject(String)[141]" classname="org.jabref.logic.importer.fileformat.PdfXmpImporterTest" time="0.001"/>
  <testcase name="testIsRecognizedFormatReject(String)[142]" classname="org.jabref.logic.importer.fileformat.PdfXmpImporterTest" time="0.001"/>
  <testcase name="testIsRecognizedFormatReject(String)[143]" classname="org.jabref.logic.importer.fileformat.PdfXmpImporterTest" time="0.0"/>
  <testcase name="testIsRecognizedFormatReject(String)[144]" classname="org.jabref.logic.importer.fileformat.PdfXmpImporterTest" time="0.002"/>
  <testcase name="testIsRecognizedFormatReject(String)[145]" classname="org.jabref.logic.importer.fileformat.PdfXmpImporterTest" time="0.001"/>
  <testcase name="testIsRecognizedFormatReject(String)[146]" classname="org.jabref.logic.importer.fileformat.PdfXmpImporterTest" time="0.0"/>
  <testcase name="testIsRecognizedFormatReject(String)[147]" classname="org.jabref.logic.importer.fileformat.PdfXmpImporterTest" time="0.001"/>
  <testcase name="testIsRecognizedFormatReject(String)[148]" classname="org.jabref.logic.importer.fileformat.PdfXmpImporterTest" time="0.003"/>
  <testcase name="testIsRecognizedFormatReject(String)[149]" classname="org.jabref.logic.importer.fileformat.PdfXmpImporterTest" time="0.172"/>
  <testcase name="testIsRecognizedFormatReject(String)[150]" classname="org.jabref.logic.importer.fileformat.PdfXmpImporterTest" time="0.001"/>
  <testcase name="testIsRecognizedFormatReject(String)[151]" classname="org.jabref.logic.importer.fileformat.PdfXmpImporterTest" time="0.001"/>
  <testcase name="testIsRecognizedFormatReject(String)[152]" classname="org.jabref.logic.importer.fileformat.PdfXmpImporterTest" time="0.001"/>
  <testcase name="testIsRecognizedFormatReject(String)[153]" classname="org.jabref.logic.importer.fileformat.PdfXmpImporterTest" time="0.001"/>
  <testcase name="testIsRecognizedFormatReject(String)[154]" classname="org.jabref.logic.importer.fileformat.PdfXmpImporterTest" time="0.001"/>
  <testcase name="testIsRecognizedFormatReject(String)[155]" classname="org.jabref.logic.importer.fileformat.PdfXmpImporterTest" time="0.001"/>
  <testcase name="testIsRecognizedFormatReject(String)[156]" classname="org.jabref.logic.importer.fileformat.PdfXmpImporterTest" time="0.001"/>
  <testcase name="testIsRecognizedFormatReject(String)[157]" classname="org.jabref.logic.importer.fileformat.PdfXmpImporterTest" time="0.001"/>
  <testcase name="testIsRecognizedFormatReject(String)[158]" classname="org.jabref.logic.importer.fileformat.PdfXmpImporterTest" time="0.001"/>
  <testcase name="testIsRecognizedFormatReject(String)[159]" classname="org.jabref.logic.importer.fileformat.PdfXmpImporterTest" time="0.001"/>
  <testcase name="testIsRecognizedFormatReject(String)[160]" classname="org.jabref.logic.importer.fileformat.PdfXmpImporterTest" time="0.001"/>
  <testcase name="testIsRecognizedFormatReject(String)[161]" classname="org.jabref.logic.importer.fileformat.PdfXmpImporterTest" time="0.001"/>
  <testcase name="testIsRecognizedFormatReject(String)[162]" classname="org.jabref.logic.importer.fileformat.PdfXmpImporterTest" time="0.003"/>
  <testcase name="testIsRecognizedFormatReject(String)[163]" classname="org.jabref.logic.importer.fileformat.PdfXmpImporterTest" time="0.001"/>
  <testcase name="testIsRecognizedFormatReject(String)[164]" classname="org.jabref.logic.importer.fileformat.PdfXmpImporterTest" time="0.001"/>
  <testcase name="testIsRecognizedFormatReject(String)[165]" classname="org.jabref.logic.importer.fileformat.PdfXmpImporterTest" time="0.001"/>
  <testcase name="testIsRecognizedFormatReject(String)[166]" classname="org.jabref.logic.importer.fileformat.PdfXmpImporterTest" time="0.001"/>
  <testcase name="testIsRecognizedFormatReject(String)[167]" classname="org.jabref.logic.importer.fileformat.PdfXmpImporterTest" time="0.001"/>
  <testcase name="testIsRecognizedFormatReject(String)[168]" classname="org.jabref.logic.importer.fileformat.PdfXmpImporterTest" time="0.001"/>
  <testcase name="testIsRecognizedFormatReject(String)[169]" classname="org.jabref.logic.importer.fileformat.PdfXmpImporterTest" time="0.001"/>
  <testcase name="testIsRecognizedFormatReject(String)[170]" classname="org.jabref.logic.importer.fileformat.PdfXmpImporterTest" time="0.0"/>
  <testcase name="testIsRecognizedFormatReject(String)[171]" classname="org.jabref.logic.importer.fileformat.PdfXmpImporterTest" time="0.001"/>
  <testcase name="testIsRecognizedFormatReject(String)[172]" classname="org.jabref.logic.importer.fileformat.PdfXmpImporterTest" time="0.002"/>
  <testcase name="testIsRecognizedFormatReject(String)[173]" classname="org.jabref.logic.importer.fileformat.PdfXmpImporterTest" time="0.001"/>
  <testcase name="testIsRecognizedFormatReject(String)[174]" classname="org.jabref.logic.importer.fileformat.PdfXmpImporterTest" time="0.001"/>
  <testcase name="testIsRecognizedFormatReject(String)[175]" classname="org.jabref.logic.importer.fileformat.PdfXmpImporterTest" time="0.001"/>
  <testcase name="testIsRecognizedFormatReject(String)[176]" classname="org.jabref.logic.importer.fileformat.PdfXmpImporterTest" time="0.001"/>
  <testcase name="testIsRecognizedFormatReject(String)[177]" classname="org.jabref.logic.importer.fileformat.PdfXmpImporterTest" time="0.001"/>
  <testcase name="testIsRecognizedFormatReject(String)[178]" classname="org.jabref.logic.importer.fileformat.PdfXmpImporterTest" time="0.001"/>
  <testcase name="testIsRecognizedFormatReject(String)[179]" classname="org.jabref.logic.importer.fileformat.PdfXmpImporterTest" time="0.001"/>
  <testcase name="testIsRecognizedFormatReject(String)[180]" classname="org.jabref.logic.importer.fileformat.PdfXmpImporterTest" time="0.001"/>
  <testcase name="testIsRecognizedFormatReject(String)[181]" classname="org.jabref.logic.importer.fileformat.PdfXmpImporterTest" time="0.001"/>
  <testcase name="testIsRecognizedFormatReject(String)[182]" classname="org.jabref.logic.importer.fileformat.PdfXmpImporterTest" time="0.001"/>
  <testcase name="testIsRecognizedFormatReject(String)[183]" classname="org.jabref.logic.importer.fileformat.PdfXmpImporterTest" time="0.002"/>
  <testcase name="testIsRecognizedFormatReject(String)[184]" classname="org.jabref.logic.importer.fileformat.PdfXmpImporterTest" time="0.001"/>
  <testcase name="testIsRecognizedFormatReject(String)[185]" classname="org.jabref.logic.importer.fileformat.PdfXmpImporterTest" time="0.001"/>
  <testcase name="testIsRecognizedFormatReject(String)[186]" classname="org.jabref.logic.importer.fileformat.PdfXmpImporterTest" time="0.001"/>
  <testcase name="testIsRecognizedFormatReject(String)[187]" classname="org.jabref.logic.importer.fileformat.PdfXmpImporterTest" time="0.001"/>
  <testcase name="testIsRecognizedFormatReject(String)[188]" classname="org.jabref.logic.importer.fileformat.PdfXmpImporterTest" time="0.002"/>
  <testcase name="testIsRecognizedFormatReject(String)[189]" classname="org.jabref.logic.importer.fileformat.PdfXmpImporterTest" time="0.001"/>
  <testcase name="testIsRecognizedFormatReject(String)[190]" classname="org.jabref.logic.importer.fileformat.PdfXmpImporterTest" time="0.002"/>
  <testcase name="testIsRecognizedFormatReject(String)[191]" classname="org.jabref.logic.importer.fileformat.PdfXmpImporterTest" time="0.001"/>
  <testcase name="testIsRecognizedFormatReject(String)[192]" classname="org.jabref.logic.importer.fileformat.PdfXmpImporterTest" time="0.001"/>
  <testcase name="testIsRecognizedFormatReject(String)[193]" classname="org.jabref.logic.importer.fileformat.PdfXmpImporterTest" time="0.002"/>
  <testcase name="testIsRecognizedFormatReject(String)[194]" classname="org.jabref.logic.importer.fileformat.PdfXmpImporterTest" time="0.002"/>
  <testcase name="testIsRecognizedFormatReject(String)[195]" classname="org.jabref.logic.importer.fileformat.PdfXmpImporterTest" time="0.001"/>
  <testcase name="testIsRecognizedFormatReject(String)[196]" classname="org.jabref.logic.importer.fileformat.PdfXmpImporterTest" time="0.001"/>
  <testcase name="testIsRecognizedFormatReject(String)[197]" classname="org.jabref.logic.importer.fileformat.PdfXmpImporterTest" time="0.001"/>
  <testcase name="testIsRecognizedFormatReject(String)[198]" classname="org.jabref.logic.importer.fileformat.PdfXmpImporterTest" time="0.001"/>
  <testcase name="testIsRecognizedFormatReject(String)[199]" classname="org.jabref.logic.importer.fileformat.PdfXmpImporterTest" time="0.001"/>
  <testcase name="testIsRecognizedFormatReject(String)[200]" classname="org.jabref.logic.importer.fileformat.PdfXmpImporterTest" time="0.001"/>
  <testcase name="testIsRecognizedFormatReject(String)[201]" classname="org.jabref.logic.importer.fileformat.PdfXmpImporterTest" time="0.001"/>
  <testcase name="testIsRecognizedFormatReject(String)[202]" classname="org.jabref.logic.importer.fileformat.PdfXmpImporterTest" time="0.001"/>
  <testcase name="testIsRecognizedFormatReject(String)[203]" classname="org.jabref.logic.importer.fileformat.PdfXmpImporterTest" time="0.001"/>
  <testcase name="testIsRecognizedFormatReject(String)[204]" classname="org.jabref.logic.importer.fileformat.PdfXmpImporterTest" time="0.001"/>
  <testcase name="testIsRecognizedFormatReject(String)[205]" classname="org.jabref.logic.importer.fileformat.PdfXmpImporterTest" time="0.0"/>
  <testcase name="testIsRecognizedFormatReject(String)[206]" classname="org.jabref.logic.importer.fileformat.PdfXmpImporterTest" time="0.001"/>
  <testcase name="testIsRecognizedFormatReject(String)[207]" classname="org.jabref.logic.importer.fileformat.PdfXmpImporterTest" time="0.001"/>
  <testcase name="testGetFormatName()" classname="org.jabref.logic.importer.fileformat.PdfXmpImporterTest" time="0.0"/>
  <testcase name="testGetCommandLineId()" classname="org.jabref.logic.importer.fileformat.PdfXmpImporterTest" time="0.001"/>
  <system-out><![CDATA[]]></system-out>
  <system-err><![CDATA[]]></system-err>
</testsuite>
