<?xml version="1.0" encoding="UTF-8"?>
<testsuite name="org.jabref.logic.layout.format.LatexToUnicodeFormatterTest" tests="34" skipped="1" failures="0" errors="0" timestamp="2019-02-15T14:24:25" hostname="n184-p67.eduroam.kth.se" time="0.144">
  <properties/>
  <testcase name="testConversionOfUnderscoreWithBraces()" classname="org.jabref.logic.layout.format.LatexToUnicodeFormatterTest" time="0.018"/>
  <testcase name="unknownCommandKeepsArgument()" classname="org.jabref.logic.layout.format.LatexToUnicodeFormatterTest" time="0.005"/>
  <testcase name="testUpperCaseIWithDiaresis()" classname="org.jabref.logic.layout.format.LatexToUnicodeFormatterTest" time="0.004"/>
  <testcase name="testChi()" classname="org.jabref.logic.layout.format.LatexToUnicodeFormatterTest" time="0.003"/>
  <testcase name="testFormatTextit()" classname="org.jabref.logic.layout.format.LatexToUnicodeFormatterTest" time="0.009"/>
  <testcase name="testFormatUmlaut()" classname="org.jabref.logic.layout.format.LatexToUnicodeFormatterTest" time="0.006"/>
  <testcase name="testDoubleCombiningAccents()" classname="org.jabref.logic.layout.format.LatexToUnicodeFormatterTest" time="0.004"/>
  <testcase name="testIWithDiaresis()" classname="org.jabref.logic.layout.format.LatexToUnicodeFormatterTest" time="0.002"/>
  <testcase name="testApostrophC()" classname="org.jabref.logic.layout.format.LatexToUnicodeFormatterTest" time="0.001"/>
  <testcase name="testApostrophN()" classname="org.jabref.logic.layout.format.LatexToUnicodeFormatterTest" time="0.001"/>
  <testcase name="testApostrophO()" classname="org.jabref.logic.layout.format.LatexToUnicodeFormatterTest" time="0.001"/>
  <testcase name="testCombiningAccentsCase1()" classname="org.jabref.logic.layout.format.LatexToUnicodeFormatterTest" time="0.003"/>
  <testcase name="testCombiningAccentsCase2()" classname="org.jabref.logic.layout.format.LatexToUnicodeFormatterTest" time="0.0">
    <skipped/>
  </testcase>
  <testcase name="testPreservationOfSingleUnderscore()" classname="org.jabref.logic.layout.format.LatexToUnicodeFormatterTest" time="0.001"/>
  <testcase name="formatExample()" classname="org.jabref.logic.layout.format.LatexToUnicodeFormatterTest" time="0.004"/>
  <testcase name="unknownCommandWithEmptyArgumentIsIgnored()" classname="org.jabref.logic.layout.format.LatexToUnicodeFormatterTest" time="0.002"/>
  <testcase name="testConversionOfOrdinal1st()" classname="org.jabref.logic.layout.format.LatexToUnicodeFormatterTest" time="0.003"/>
  <testcase name="testConversionOfOrdinal2nd()" classname="org.jabref.logic.layout.format.LatexToUnicodeFormatterTest" time="0.001"/>
  <testcase name="testConversionOfOrdinal3rd()" classname="org.jabref.logic.layout.format.LatexToUnicodeFormatterTest" time="0.002"/>
  <testcase name="testConversionOfOrdinal4th()" classname="org.jabref.logic.layout.format.LatexToUnicodeFormatterTest" time="0.002"/>
  <testcase name="testConversionOfOrdinal9th()" classname="org.jabref.logic.layout.format.LatexToUnicodeFormatterTest" time="0.003"/>
  <testcase name="testPlainFormat()" classname="org.jabref.logic.layout.format.LatexToUnicodeFormatterTest" time="0.001"/>
  <testcase name="testFormatStripLatexCommands()" classname="org.jabref.logic.layout.format.LatexToUnicodeFormatterTest" time="0.001"/>
  <testcase name="testIWithDiaresisAndEscapedI()" classname="org.jabref.logic.layout.format.LatexToUnicodeFormatterTest" time="0.002"/>
  <testcase name="testEquationsMoreComplicatedFormatting()" classname="org.jabref.logic.layout.format.LatexToUnicodeFormatterTest" time="0.002"/>
  <testcase name="testAcuteNLongVersion()" classname="org.jabref.logic.layout.format.LatexToUnicodeFormatterTest" time="0.002"/>
  <testcase name="testSWithCaron()" classname="org.jabref.logic.layout.format.LatexToUnicodeFormatterTest" time="0.002"/>
  <testcase name="testPolishName()" classname="org.jabref.logic.layout.format.LatexToUnicodeFormatterTest" time="0.001"/>
  <testcase name="testIWithDiaresisAndUnnecessaryBraces()" classname="org.jabref.logic.layout.format.LatexToUnicodeFormatterTest" time="0.001"/>
  <testcase name="testAcuteNShortVersion()" classname="org.jabref.logic.layout.format.LatexToUnicodeFormatterTest" time="0.036"/>
  <testcase name="testTildeN()" classname="org.jabref.logic.layout.format.LatexToUnicodeFormatterTest" time="0.002"/>
  <testcase name="testEquationsSingleSymbol()" classname="org.jabref.logic.layout.format.LatexToUnicodeFormatterTest" time="0.001"/>
  <testcase name="testEscapedDollarSign()" classname="org.jabref.logic.layout.format.LatexToUnicodeFormatterTest" time="0.001"/>
  <testcase name="unknownCommandIsIgnored()" classname="org.jabref.logic.layout.format.LatexToUnicodeFormatterTest" time="0.0"/>
  <system-out><![CDATA[]]></system-out>
  <system-err><![CDATA[]]></system-err>
</testsuite>
