<?xml version="1.0" encoding="UTF-8"?>
<testsuite name="org.jabref.model.entry.KeywordListTest" tests="12" skipped="0" failures="0" errors="0" timestamp="2019-02-15T14:25:26" hostname="n184-p67.eduroam.kth.se" time="0.003">
  <properties/>
  <testcase name="parseEmptyStringReturnsEmptyList()" classname="org.jabref.model.entry.KeywordListTest" time="0.0"/>
  <testcase name="parseTwoHierarchicalChains()" classname="org.jabref.model.entry.KeywordListTest" time="0.0"/>
  <testcase name="parseOneWordReturnsOneKeyword()" classname="org.jabref.model.entry.KeywordListTest" time="0.0"/>
  <testcase name="parseTwoWordReturnsTwoKeywordsWithDifferentDelimiter()" classname="org.jabref.model.entry.KeywordListTest" time="0.0"/>
  <testcase name="parseWordsWithWhitespaceAndCommaReturnsTwoKeyword()" classname="org.jabref.model.entry.KeywordListTest" time="0.0"/>
  <testcase name="parseWordsWithWhitespaceReturnsOneKeyword()" classname="org.jabref.model.entry.KeywordListTest" time="0.0"/>
  <testcase name="parseIgnoresDuplicates()" classname="org.jabref.model.entry.KeywordListTest" time="0.0"/>
  <testcase name="asStringAddsSpaceAfterDelimiter()" classname="org.jabref.model.entry.KeywordListTest" time="0.0"/>
  <testcase name="parseHierarchicalChain()" classname="org.jabref.model.entry.KeywordListTest" time="0.001"/>
  <testcase name="parseWordsWithBracketsReturnsOneKeyword()" classname="org.jabref.model.entry.KeywordListTest" time="0.0"/>
  <testcase name="parseTwoWordReturnsTwoKeywords()" classname="org.jabref.model.entry.KeywordListTest" time="0.0"/>
  <testcase name="parseTwoWordReturnsTwoKeywordsWithoutSpace()" classname="org.jabref.model.entry.KeywordListTest" time="0.0"/>
  <system-out><![CDATA[]]></system-out>
  <system-err><![CDATA[]]></system-err>
</testsuite>
