<?xml version="1.0" encoding="UTF-8"?>
<testsuite name="org.jabref.logic.cleanup.FieldFormatterCleanupTest" tests="5" skipped="0" failures="0" errors="0" timestamp="2019-02-15T14:24:47" hostname="n184-p67.eduroam.kth.se" time="0.01">
  <properties/>
  <testcase name="testCleanupAllFieldsIgnoresKeyField()" classname="org.jabref.logic.cleanup.FieldFormatterCleanupTest" time="0.004"/>
  <testcase name="testCleanupKeyFieldCleansUpKeyField()" classname="org.jabref.logic.cleanup.FieldFormatterCleanupTest" time="0.001"/>
  <testcase name="testCleanupAllTextFieldsIgnoresKeyField()" classname="org.jabref.logic.cleanup.FieldFormatterCleanupTest" time="0.002"/>
  <testcase name="testInternalAllTextFieldsField()" classname="org.jabref.logic.cleanup.FieldFormatterCleanupTest" time="0.001"/>
  <testcase name="testInternalAllField()" classname="org.jabref.logic.cleanup.FieldFormatterCleanupTest" time="0.001"/>
  <system-out><![CDATA[]]></system-out>
  <system-err><![CDATA[]]></system-err>
</testsuite>
