<?xml version="1.0" encoding="UTF-8"?>
<testsuite name="org.jabref.logic.importer.util.GroupsParserTest" tests="10" skipped="0" failures="0" errors="0" timestamp="2019-02-15T14:24:05" hostname="n184-p67.eduroam.kth.se" time="0.026">
  <properties/>
  <testcase name="fromStringParsesExplicitGroupWithEscapedCharacterInName()" classname="org.jabref.logic.importer.util.GroupsParserTest" time="0.002"/>
  <testcase name="keywordDelimiterThatNeedsToBeEscaped()" classname="org.jabref.logic.importer.util.GroupsParserTest" time="0.001"/>
  <testcase name="fromStringUnknownGroupThrowsException()" classname="org.jabref.logic.importer.util.GroupsParserTest" time="0.004"/>
  <testcase name="fromStringParsesExplicitGroupWithIconAndDescription()" classname="org.jabref.logic.importer.util.GroupsParserTest" time="0.001"/>
  <testcase name="fromStringThrowsParseExceptionForNotEscapedGroupName()" classname="org.jabref.logic.importer.util.GroupsParserTest" time="0.001"/>
  <testcase name="fromStringParsesAutomaticKeywordGroup()" classname="org.jabref.logic.importer.util.GroupsParserTest" time="0.0"/>
  <testcase name="fromStringParsesAutomaticPersonGroup()" classname="org.jabref.logic.importer.util.GroupsParserTest" time="0.0"/>
  <testcase name="testImportSubGroups()" classname="org.jabref.logic.importer.util.GroupsParserTest" time="0.001"/>
  <testcase name="fromStringParsesTexGroup()" classname="org.jabref.logic.importer.util.GroupsParserTest" time="0.009"/>
  <testcase name="hierarchicalDelimiterThatNeedsToBeEscaped()" classname="org.jabref.logic.importer.util.GroupsParserTest" time="0.0"/>
  <system-out><![CDATA[]]></system-out>
  <system-err><![CDATA[]]></system-err>
</testsuite>
